This file contains any messages produced by compilers while
running configure, to aid debugging if configure makes a mistake.

It was created by gf2x configure 1.3.99, which was
generated by GNU Autoconf 2.72.  Invocation command line was

  $ /home/pperrier/Documents/block_wiedemann/cado-nfs/gf2x/configure --disable-shared --disable-dependency-tracking --prefix /home/pperrier/Documents/block_wiedemann/cado-nfs/installed --libdir /home/pperrier/Documents/block_wiedemann/cado-nfs/installed/lib/cado-nfs-3.0.0/gf2x CC=/usr/bin/cc CXX=/usr/bin/c++ 'CFLAGS=-std=c99 -W -Wall -O2  -I/usr/local/include -I/home/pperrier/Documents/block_wiedemann/cado-nfs' 'CXXFLAGS=-export-dynamic -std=c++11 -Wno-c++11-compat -W -Wall -O2  -Wno-literal-suffix -I/usr/local/include -I/home/pperrier/Documents/block_wiedemann/cado-nfs' 'LDFLAGS=-Wl,-rpath,/usr/local/lib -L/usr/local/lib'

## --------- ##
## Platform. ##
## --------- ##

hostname = stagiaire-perrier
uname -m = x86_64
uname -r = 6.11.0-25-generic
uname -s = Linux
uname -v = #25~24.04.1-Ubuntu SMP PREEMPT_DYNAMIC Tue Apr 15 17:20:50 UTC 2

/usr/bin/uname -p = x86_64
/bin/uname -X     = unknown

/bin/arch              = x86_64
/usr/bin/arch -k       = unknown
/usr/convex/getsysinfo = unknown
/usr/bin/hostinfo      = unknown
/bin/machine           = unknown
/usr/bin/oslevel       = unknown
/bin/universe          = unknown

PATH: /home/pperrier/.juliaup/bin/
PATH: /home/pperrier/anaconda3/condabin/
PATH: /home/pperrier/.cargo/bin/
PATH: /usr/local/sbin/
PATH: /usr/local/bin/
PATH: /usr/sbin/
PATH: /usr/bin/
PATH: /sbin/
PATH: /bin/
PATH: /usr/games/
PATH: /usr/local/games/
PATH: /snap/bin/
PATH: /snap/bin/
PATH: /home/pperrier/.local/bin/
PATH: /home/pperrier/.local/bin/


## ----------- ##
## Core tests. ##
## ----------- ##

configure:3124: looking for aux files: ltmain.sh missing install-sh compile config.guess config.sub
configure:3137:  trying /home/pperrier/Documents/block_wiedemann/cado-nfs/gf2x/config/
configure:3166:   /home/pperrier/Documents/block_wiedemann/cado-nfs/gf2x/config/ltmain.sh found
configure:3166:   /home/pperrier/Documents/block_wiedemann/cado-nfs/gf2x/config/missing found
configure:3148:   /home/pperrier/Documents/block_wiedemann/cado-nfs/gf2x/config/install-sh found
configure:3166:   /home/pperrier/Documents/block_wiedemann/cado-nfs/gf2x/config/compile found
configure:3166:   /home/pperrier/Documents/block_wiedemann/cado-nfs/gf2x/config/config.guess found
configure:3166:   /home/pperrier/Documents/block_wiedemann/cado-nfs/gf2x/config/config.sub found
configure:3326: checking build system type
configure:3342: result: x86_64-pc-linux-gnu
configure:3362: checking host system type
configure:3377: result: x86_64-pc-linux-gnu
configure:3397: checking target system type
configure:3412: result: x86_64-pc-linux-gnu
configure:3512: checking for gcc
configure:3545: result: /usr/bin/cc
configure:3904: checking for C compiler version
configure:3913: /usr/bin/cc --version >&5
cc (Ubuntu 13.3.0-6ubuntu2~24.04) 13.3.0
Copyright (C) 2023 Free Software Foundation, Inc.
This is free software; see the source for copying conditions.  There is NO
warranty; not even for MERCHANTABILITY or FITNESS FOR A PARTICULAR PURPOSE.

configure:3924: $? = 0
configure:3913: /usr/bin/cc -v >&5
Using built-in specs.
COLLECT_GCC=/usr/bin/cc
COLLECT_LTO_WRAPPER=/usr/libexec/gcc/x86_64-linux-gnu/13/lto-wrapper
OFFLOAD_TARGET_NAMES=nvptx-none:amdgcn-amdhsa
OFFLOAD_TARGET_DEFAULT=1
Target: x86_64-linux-gnu
Configured with: ../src/configure -v --with-pkgversion='Ubuntu 13.3.0-6ubuntu2~24.04' --with-bugurl=file:///usr/share/doc/gcc-13/README.Bugs --enable-languages=c,ada,c++,go,d,fortran,objc,obj-c++,m2 --prefix=/usr --with-gcc-major-version-only --program-suffix=-13 --program-prefix=x86_64-linux-gnu- --enable-shared --enable-linker-build-id --libexecdir=/usr/libexec --without-included-gettext --enable-threads=posix --libdir=/usr/lib --enable-nls --enable-bootstrap --enable-clocale=gnu --enable-libstdcxx-debug --enable-libstdcxx-time=yes --with-default-libstdcxx-abi=new --enable-libstdcxx-backtrace --enable-gnu-unique-object --disable-vtable-verify --enable-plugin --enable-default-pie --with-system-zlib --enable-libphobos-checking=release --with-target-system-zlib=auto --enable-objc-gc=auto --enable-multiarch --disable-werror --enable-cet --with-arch-32=i686 --with-abi=m64 --with-multilib-list=m32,m64,mx32 --enable-multilib --with-tune=generic --enable-offload-targets=nvptx-none=/build/gcc-13-fG75Ri/gcc-13-13.3.0/debian/tmp-nvptx/usr,amdgcn-amdhsa=/build/gcc-13-fG75Ri/gcc-13-13.3.0/debian/tmp-gcn/usr --enable-offload-defaulted --without-cuda-driver --enable-checking=release --build=x86_64-linux-gnu --host=x86_64-linux-gnu --target=x86_64-linux-gnu --with-build-config=bootstrap-lto-lean --enable-link-serialization=2
Thread model: posix
Supported LTO compression algorithms: zlib zstd
gcc version 13.3.0 (Ubuntu 13.3.0-6ubuntu2~24.04) 
... rest of stderr output deleted ...
configure:3924: $? = 0
configure:3913: /usr/bin/cc -V >&5
cc: error: unrecognized command-line option '-V'
cc: fatal error: no input files
compilation terminated.
configure:3924: $? = 1
configure:3913: /usr/bin/cc -qversion >&5
cc: error: unrecognized command-line option '-qversion'; did you mean '--version'?
cc: fatal error: no input files
compilation terminated.
configure:3924: $? = 1
configure:3913: /usr/bin/cc -version >&5
cc: error: unrecognized command-line option '-version'
cc: fatal error: no input files
compilation terminated.
configure:3924: $? = 1
configure:3944: checking whether the C compiler works
configure:3966: /usr/bin/cc -std=c99 -W -Wall -O2  -I/usr/local/include -I/home/pperrier/Documents/block_wiedemann/cado-nfs  -Wl,-rpath,/usr/local/lib -L/usr/local/lib conftest.c  >&5
configure:3970: $? = 0
configure:4021: result: yes
configure:4025: checking for C compiler default output file name
configure:4027: result: a.out
configure:4033: checking for suffix of executables
configure:4040: /usr/bin/cc -o conftest -std=c99 -W -Wall -O2  -I/usr/local/include -I/home/pperrier/Documents/block_wiedemann/cado-nfs  -Wl,-rpath,/usr/local/lib -L/usr/local/lib conftest.c  >&5
configure:4044: $? = 0
configure:4068: result: 
configure:4092: checking whether we are cross compiling
configure:4100: /usr/bin/cc -o conftest -std=c99 -W -Wall -O2  -I/usr/local/include -I/home/pperrier/Documents/block_wiedemann/cado-nfs  -Wl,-rpath,/usr/local/lib -L/usr/local/lib conftest.c  >&5
configure:4104: $? = 0
configure:4111: ./conftest
configure:4115: $? = 0
configure:4130: result: no
configure:4136: checking for suffix of object files
configure:4159: /usr/bin/cc -c -std=c99 -W -Wall -O2  -I/usr/local/include -I/home/pperrier/Documents/block_wiedemann/cado-nfs  conftest.c >&5
configure:4163: $? = 0
configure:4187: result: o
configure:4191: checking whether the compiler supports GNU C
configure:4211: /usr/bin/cc -c -std=c99 -W -Wall -O2  -I/usr/local/include -I/home/pperrier/Documents/block_wiedemann/cado-nfs  conftest.c >&5
configure:4211: $? = 0
configure:4223: result: yes
configure:4234: checking whether /usr/bin/cc accepts -g
configure:4255: /usr/bin/cc -c -g  conftest.c >&5
configure:4255: $? = 0
configure:4302: result: yes
configure:4322: checking for /usr/bin/cc option to enable C11 features
configure:4337: /usr/bin/cc  -c -std=c99 -W -Wall -O2  -I/usr/local/include -I/home/pperrier/Documents/block_wiedemann/cado-nfs  conftest.c >&5
conftest.c:180:3: error: #error "Compiler does not advertise C11 conformance"
  180 | # error "Compiler does not advertise C11 conformance"
      |   ^~~~~
conftest.c:199:1: warning: '_Noreturn' is not at beginning of declaration [-Wold-style-declaration]
  199 | int _Noreturn does_not_return (void) { for (;;) continue; }
      | ^~~
conftest.c:211:12: error: 'syntax' undeclared here (not in a function)
  211 | #define u8 syntax error!
      |            ^~~~~~
conftest.c:212:29: note: in expansion of macro 'u8'
  212 | char const utf8_literal[] = u8"happens to be ASCII" "another string";
      |                             ^~
conftest.c:211:19: error: expected ',' or ';' before 'error'
  211 | #define u8 syntax error!
      |                   ^~~~~
conftest.c:212:29: note: in expansion of macro 'u8'
  212 | char const utf8_literal[] = u8"happens to be ASCII" "another string";
      |                             ^~
configure:4337: $? = 1
configure: failed program was:
| /* confdefs.h */
| #define PACKAGE_NAME "gf2x"
| #define PACKAGE_TARNAME "gf2x"
| #define PACKAGE_VERSION "1.3.99"
| #define PACKAGE_STRING "gf2x 1.3.99"
| #define PACKAGE_BUGREPORT ""
| #define PACKAGE_URL ""
| /* end confdefs.h.  */
| 
| /* Does the compiler advertise C89 conformance?
|    Do not test the value of __STDC__, because some compilers set it to 0
|    while being otherwise adequately conformant. */
| #if !defined __STDC__
| # error "Compiler does not advertise C89 conformance"
| #endif
| 
| #include <stddef.h>
| #include <stdarg.h>
| struct stat;
| /* Most of the following tests are stolen from RCS 5.7 src/conf.sh.  */
| struct buf { int x; };
| struct buf * (*rcsopen) (struct buf *, struct stat *, int);
| static char *e (char **p, int i)
| {
|   return p[i];
| }
| static char *f (char * (*g) (char **, int), char **p, ...)
| {
|   char *s;
|   va_list v;
|   va_start (v,p);
|   s = g (p, va_arg (v,int));
|   va_end (v);
|   return s;
| }
| 
| /* C89 style stringification. */
| #define noexpand_stringify(a) #a
| const char *stringified = noexpand_stringify(arbitrary+token=sequence);
| 
| /* C89 style token pasting.  Exercises some of the corner cases that
|    e.g. old MSVC gets wrong, but not very hard. */
| #define noexpand_concat(a,b) a##b
| #define expand_concat(a,b) noexpand_concat(a,b)
| extern int vA;
| extern int vbee;
| #define aye A
| #define bee B
| int *pvA = &expand_concat(v,aye);
| int *pvbee = &noexpand_concat(v,bee);
| 
| /* OSF 4.0 Compaq cc is some sort of almost-ANSI by default.  It has
|    function prototypes and stuff, but not \xHH hex character constants.
|    These do not provoke an error unfortunately, instead are silently treated
|    as an "x".  The following induces an error, until -std is added to get
|    proper ANSI mode.  Curiously \x00 != x always comes out true, for an
|    array size at least.  It is necessary to write \x00 == 0 to get something
|    that is true only with -std.  */
| int osf4_cc_array ['\x00' == 0 ? 1 : -1];
| 
| /* IBM C 6 for AIX is almost-ANSI by default, but it replaces macro parameters
|    inside strings and character constants.  */
| #define FOO(x) 'x'
| int xlc6_cc_array[FOO(a) == 'x' ? 1 : -1];
| 
| int test (int i, double x);
| struct s1 {int (*f) (int a);};
| struct s2 {int (*f) (double a);};
| int pairnames (int, char **, int *(*)(struct buf *, struct stat *, int),
|                int, int);
| 
| /* Does the compiler advertise C99 conformance? */
| #if !defined __STDC_VERSION__ || __STDC_VERSION__ < 199901L
| # error "Compiler does not advertise C99 conformance"
| #endif
| 
| // See if C++-style comments work.
| 
| #include <stdbool.h>
| extern int puts (const char *);
| extern int printf (const char *, ...);
| extern int dprintf (int, const char *, ...);
| extern void *malloc (size_t);
| extern void free (void *);
| 
| // Check varargs macros.  These examples are taken from C99 6.10.3.5.
| // dprintf is used instead of fprintf to avoid needing to declare
| // FILE and stderr.
| #define debug(...) dprintf (2, __VA_ARGS__)
| #define showlist(...) puts (#__VA_ARGS__)
| #define report(test,...) ((test) ? puts (#test) : printf (__VA_ARGS__))
| static void
| test_varargs_macros (void)
| {
|   int x = 1234;
|   int y = 5678;
|   debug ("Flag");
|   debug ("X = %d\n", x);
|   showlist (The first, second, and third items.);
|   report (x>y, "x is %d but y is %d", x, y);
| }
| 
| // Check long long types.
| #define BIG64 18446744073709551615ull
| #define BIG32 4294967295ul
| #define BIG_OK (BIG64 / BIG32 == 4294967297ull && BIG64 % BIG32 == 0)
| #if !BIG_OK
|   #error "your preprocessor is broken"
| #endif
| #if BIG_OK
| #else
|   #error "your preprocessor is broken"
| #endif
| static long long int bignum = -9223372036854775807LL;
| static unsigned long long int ubignum = BIG64;
| 
| struct incomplete_array
| {
|   int datasize;
|   double data[];
| };
| 
| struct named_init {
|   int number;
|   const wchar_t *name;
|   double average;
| };
| 
| typedef const char *ccp;
| 
| static inline int
| test_restrict (ccp restrict text)
| {
|   // Iterate through items via the restricted pointer.
|   // Also check for declarations in for loops.
|   for (unsigned int i = 0; *(text+i) != '\0'; ++i)
|     continue;
|   return 0;
| }
| 
| // Check varargs and va_copy.
| static bool
| test_varargs (const char *format, ...)
| {
|   va_list args;
|   va_start (args, format);
|   va_list args_copy;
|   va_copy (args_copy, args);
| 
|   const char *str = "";
|   int number = 0;
|   float fnumber = 0;
| 
|   while (*format)
|     {
|       switch (*format++)
| 	{
| 	case 's': // string
| 	  str = va_arg (args_copy, const char *);
| 	  break;
| 	case 'd': // int
| 	  number = va_arg (args_copy, int);
| 	  break;
| 	case 'f': // float
| 	  fnumber = va_arg (args_copy, double);
| 	  break;
| 	default:
| 	  break;
| 	}
|     }
|   va_end (args_copy);
|   va_end (args);
| 
|   return *str && number && fnumber;
| }
| 
| 
| /* Does the compiler advertise C11 conformance? */
| #if !defined __STDC_VERSION__ || __STDC_VERSION__ < 201112L
| # error "Compiler does not advertise C11 conformance"
| #endif
| 
| // Check _Alignas.
| char _Alignas (double) aligned_as_double;
| char _Alignas (0) no_special_alignment;
| extern char aligned_as_int;
| char _Alignas (0) _Alignas (int) aligned_as_int;
| 
| // Check _Alignof.
| enum
| {
|   int_alignment = _Alignof (int),
|   int_array_alignment = _Alignof (int[100]),
|   char_alignment = _Alignof (char)
| };
| _Static_assert (0 < -_Alignof (int), "_Alignof is signed");
| 
| // Check _Noreturn.
| int _Noreturn does_not_return (void) { for (;;) continue; }
| 
| // Check _Static_assert.
| struct test_static_assert
| {
|   int x;
|   _Static_assert (sizeof (int) <= sizeof (long int),
|                   "_Static_assert does not work in struct");
|   long int y;
| };
| 
| // Check UTF-8 literals.
| #define u8 syntax error!
| char const utf8_literal[] = u8"happens to be ASCII" "another string";
| 
| // Check duplicate typedefs.
| typedef long *long_ptr;
| typedef long int *long_ptr;
| typedef long_ptr long_ptr;
| 
| // Anonymous structures and unions -- taken from C11 6.7.2.1 Example 1.
| struct anonymous
| {
|   union {
|     struct { int i; int j; };
|     struct { int k; long int l; } w;
|   };
|   int m;
| } v1;
| 
| 
| int
| main (int argc, char **argv)
| {
|   int ok = 0;
|   
| ok |= (argc == 0 || f (e, argv, 0) != argv[0] || f (e, argv, 1) != argv[1]);
| 
|   
|   // Check bool.
|   _Bool success = false;
|   success |= (argc != 0);
| 
|   // Check restrict.
|   if (test_restrict ("String literal") == 0)
|     success = true;
|   char *restrict newvar = "Another string";
| 
|   // Check varargs.
|   success &= test_varargs ("s, d' f .", "string", 65, 34.234);
|   test_varargs_macros ();
| 
|   // Check flexible array members.
|   struct incomplete_array *ia =
|     malloc (sizeof (struct incomplete_array) + (sizeof (double) * 10));
|   ia->datasize = 10;
|   for (int i = 0; i < ia->datasize; ++i)
|     ia->data[i] = i * 1.234;
|   // Work around memory leak warnings.
|   free (ia);
| 
|   // Check named initializers.
|   struct named_init ni = {
|     .number = 34,
|     .name = L"Test wide string",
|     .average = 543.34343,
|   };
| 
|   ni.number = 58;
| 
|   int dynamic_array[ni.number];
|   dynamic_array[0] = argv[0][0];
|   dynamic_array[ni.number - 1] = 543;
| 
|   // work around unused variable warnings
|   ok |= (!success || bignum == 0LL || ubignum == 0uLL || newvar[0] == 'x'
| 	 || dynamic_array[ni.number - 1] != 543);
| 
|   
|   _Static_assert ((offsetof (struct anonymous, i)
| 		   == offsetof (struct anonymous, w.k)),
| 		  "Anonymous union alignment botch");
|   v1.i = 2;
|   v1.w.k = 5;
|   ok |= v1.i != 5;
| 
|   return ok;
| }
| 
configure:4337: /usr/bin/cc -std=gnu11 -c -std=c99 -W -Wall -O2  -I/usr/local/include -I/home/pperrier/Documents/block_wiedemann/cado-nfs  conftest.c >&5
conftest.c:180:3: error: #error "Compiler does not advertise C11 conformance"
  180 | # error "Compiler does not advertise C11 conformance"
      |   ^~~~~
conftest.c:199:1: warning: '_Noreturn' is not at beginning of declaration [-Wold-style-declaration]
  199 | int _Noreturn does_not_return (void) { for (;;) continue; }
      | ^~~
conftest.c:211:12: error: 'syntax' undeclared here (not in a function)
  211 | #define u8 syntax error!
      |            ^~~~~~
conftest.c:212:29: note: in expansion of macro 'u8'
  212 | char const utf8_literal[] = u8"happens to be ASCII" "another string";
      |                             ^~
conftest.c:211:19: error: expected ',' or ';' before 'error'
  211 | #define u8 syntax error!
      |                   ^~~~~
conftest.c:212:29: note: in expansion of macro 'u8'
  212 | char const utf8_literal[] = u8"happens to be ASCII" "another string";
      |                             ^~
configure:4337: $? = 1
configure: failed program was:
| /* confdefs.h */
| #define PACKAGE_NAME "gf2x"
| #define PACKAGE_TARNAME "gf2x"
| #define PACKAGE_VERSION "1.3.99"
| #define PACKAGE_STRING "gf2x 1.3.99"
| #define PACKAGE_BUGREPORT ""
| #define PACKAGE_URL ""
| /* end confdefs.h.  */
| 
| /* Does the compiler advertise C89 conformance?
|    Do not test the value of __STDC__, because some compilers set it to 0
|    while being otherwise adequately conformant. */
| #if !defined __STDC__
| # error "Compiler does not advertise C89 conformance"
| #endif
| 
| #include <stddef.h>
| #include <stdarg.h>
| struct stat;
| /* Most of the following tests are stolen from RCS 5.7 src/conf.sh.  */
| struct buf { int x; };
| struct buf * (*rcsopen) (struct buf *, struct stat *, int);
| static char *e (char **p, int i)
| {
|   return p[i];
| }
| static char *f (char * (*g) (char **, int), char **p, ...)
| {
|   char *s;
|   va_list v;
|   va_start (v,p);
|   s = g (p, va_arg (v,int));
|   va_end (v);
|   return s;
| }
| 
| /* C89 style stringification. */
| #define noexpand_stringify(a) #a
| const char *stringified = noexpand_stringify(arbitrary+token=sequence);
| 
| /* C89 style token pasting.  Exercises some of the corner cases that
|    e.g. old MSVC gets wrong, but not very hard. */
| #define noexpand_concat(a,b) a##b
| #define expand_concat(a,b) noexpand_concat(a,b)
| extern int vA;
| extern int vbee;
| #define aye A
| #define bee B
| int *pvA = &expand_concat(v,aye);
| int *pvbee = &noexpand_concat(v,bee);
| 
| /* OSF 4.0 Compaq cc is some sort of almost-ANSI by default.  It has
|    function prototypes and stuff, but not \xHH hex character constants.
|    These do not provoke an error unfortunately, instead are silently treated
|    as an "x".  The following induces an error, until -std is added to get
|    proper ANSI mode.  Curiously \x00 != x always comes out true, for an
|    array size at least.  It is necessary to write \x00 == 0 to get something
|    that is true only with -std.  */
| int osf4_cc_array ['\x00' == 0 ? 1 : -1];
| 
| /* IBM C 6 for AIX is almost-ANSI by default, but it replaces macro parameters
|    inside strings and character constants.  */
| #define FOO(x) 'x'
| int xlc6_cc_array[FOO(a) == 'x' ? 1 : -1];
| 
| int test (int i, double x);
| struct s1 {int (*f) (int a);};
| struct s2 {int (*f) (double a);};
| int pairnames (int, char **, int *(*)(struct buf *, struct stat *, int),
|                int, int);
| 
| /* Does the compiler advertise C99 conformance? */
| #if !defined __STDC_VERSION__ || __STDC_VERSION__ < 199901L
| # error "Compiler does not advertise C99 conformance"
| #endif
| 
| // See if C++-style comments work.
| 
| #include <stdbool.h>
| extern int puts (const char *);
| extern int printf (const char *, ...);
| extern int dprintf (int, const char *, ...);
| extern void *malloc (size_t);
| extern void free (void *);
| 
| // Check varargs macros.  These examples are taken from C99 6.10.3.5.
| // dprintf is used instead of fprintf to avoid needing to declare
| // FILE and stderr.
| #define debug(...) dprintf (2, __VA_ARGS__)
| #define showlist(...) puts (#__VA_ARGS__)
| #define report(test,...) ((test) ? puts (#test) : printf (__VA_ARGS__))
| static void
| test_varargs_macros (void)
| {
|   int x = 1234;
|   int y = 5678;
|   debug ("Flag");
|   debug ("X = %d\n", x);
|   showlist (The first, second, and third items.);
|   report (x>y, "x is %d but y is %d", x, y);
| }
| 
| // Check long long types.
| #define BIG64 18446744073709551615ull
| #define BIG32 4294967295ul
| #define BIG_OK (BIG64 / BIG32 == 4294967297ull && BIG64 % BIG32 == 0)
| #if !BIG_OK
|   #error "your preprocessor is broken"
| #endif
| #if BIG_OK
| #else
|   #error "your preprocessor is broken"
| #endif
| static long long int bignum = -9223372036854775807LL;
| static unsigned long long int ubignum = BIG64;
| 
| struct incomplete_array
| {
|   int datasize;
|   double data[];
| };
| 
| struct named_init {
|   int number;
|   const wchar_t *name;
|   double average;
| };
| 
| typedef const char *ccp;
| 
| static inline int
| test_restrict (ccp restrict text)
| {
|   // Iterate through items via the restricted pointer.
|   // Also check for declarations in for loops.
|   for (unsigned int i = 0; *(text+i) != '\0'; ++i)
|     continue;
|   return 0;
| }
| 
| // Check varargs and va_copy.
| static bool
| test_varargs (const char *format, ...)
| {
|   va_list args;
|   va_start (args, format);
|   va_list args_copy;
|   va_copy (args_copy, args);
| 
|   const char *str = "";
|   int number = 0;
|   float fnumber = 0;
| 
|   while (*format)
|     {
|       switch (*format++)
| 	{
| 	case 's': // string
| 	  str = va_arg (args_copy, const char *);
| 	  break;
| 	case 'd': // int
| 	  number = va_arg (args_copy, int);
| 	  break;
| 	case 'f': // float
| 	  fnumber = va_arg (args_copy, double);
| 	  break;
| 	default:
| 	  break;
| 	}
|     }
|   va_end (args_copy);
|   va_end (args);
| 
|   return *str && number && fnumber;
| }
| 
| 
| /* Does the compiler advertise C11 conformance? */
| #if !defined __STDC_VERSION__ || __STDC_VERSION__ < 201112L
| # error "Compiler does not advertise C11 conformance"
| #endif
| 
| // Check _Alignas.
| char _Alignas (double) aligned_as_double;
| char _Alignas (0) no_special_alignment;
| extern char aligned_as_int;
| char _Alignas (0) _Alignas (int) aligned_as_int;
| 
| // Check _Alignof.
| enum
| {
|   int_alignment = _Alignof (int),
|   int_array_alignment = _Alignof (int[100]),
|   char_alignment = _Alignof (char)
| };
| _Static_assert (0 < -_Alignof (int), "_Alignof is signed");
| 
| // Check _Noreturn.
| int _Noreturn does_not_return (void) { for (;;) continue; }
| 
| // Check _Static_assert.
| struct test_static_assert
| {
|   int x;
|   _Static_assert (sizeof (int) <= sizeof (long int),
|                   "_Static_assert does not work in struct");
|   long int y;
| };
| 
| // Check UTF-8 literals.
| #define u8 syntax error!
| char const utf8_literal[] = u8"happens to be ASCII" "another string";
| 
| // Check duplicate typedefs.
| typedef long *long_ptr;
| typedef long int *long_ptr;
| typedef long_ptr long_ptr;
| 
| // Anonymous structures and unions -- taken from C11 6.7.2.1 Example 1.
| struct anonymous
| {
|   union {
|     struct { int i; int j; };
|     struct { int k; long int l; } w;
|   };
|   int m;
| } v1;
| 
| 
| int
| main (int argc, char **argv)
| {
|   int ok = 0;
|   
| ok |= (argc == 0 || f (e, argv, 0) != argv[0] || f (e, argv, 1) != argv[1]);
| 
|   
|   // Check bool.
|   _Bool success = false;
|   success |= (argc != 0);
| 
|   // Check restrict.
|   if (test_restrict ("String literal") == 0)
|     success = true;
|   char *restrict newvar = "Another string";
| 
|   // Check varargs.
|   success &= test_varargs ("s, d' f .", "string", 65, 34.234);
|   test_varargs_macros ();
| 
|   // Check flexible array members.
|   struct incomplete_array *ia =
|     malloc (sizeof (struct incomplete_array) + (sizeof (double) * 10));
|   ia->datasize = 10;
|   for (int i = 0; i < ia->datasize; ++i)
|     ia->data[i] = i * 1.234;
|   // Work around memory leak warnings.
|   free (ia);
| 
|   // Check named initializers.
|   struct named_init ni = {
|     .number = 34,
|     .name = L"Test wide string",
|     .average = 543.34343,
|   };
| 
|   ni.number = 58;
| 
|   int dynamic_array[ni.number];
|   dynamic_array[0] = argv[0][0];
|   dynamic_array[ni.number - 1] = 543;
| 
|   // work around unused variable warnings
|   ok |= (!success || bignum == 0LL || ubignum == 0uLL || newvar[0] == 'x'
| 	 || dynamic_array[ni.number - 1] != 543);
| 
|   
|   _Static_assert ((offsetof (struct anonymous, i)
| 		   == offsetof (struct anonymous, w.k)),
| 		  "Anonymous union alignment botch");
|   v1.i = 2;
|   v1.w.k = 5;
|   ok |= v1.i != 5;
| 
|   return ok;
| }
| 
configure:4351: result: unsupported
configure:4371: checking for /usr/bin/cc option to enable C99 features
configure:4386: /usr/bin/cc  -c -std=c99 -W -Wall -O2  -I/usr/local/include -I/home/pperrier/Documents/block_wiedemann/cado-nfs  conftest.c >&5
configure:4386: $? = 0
configure:4405: result: none needed
configure:4480: checking whether /usr/bin/cc understands -c and -o together
configure:4503: /usr/bin/cc -c conftest.c -o conftest2.o
configure:4506: $? = 0
configure:4503: /usr/bin/cc -c conftest.c -o conftest2.o
configure:4506: $? = 0
configure:4519: result: yes
configure:4537: checking for C compiler vendor
configure:4595: /usr/bin/cc -c -std=c99 -W -Wall -O2  -I/usr/local/include -I/home/pperrier/Documents/block_wiedemann/cado-nfs  conftest.c >&5
conftest.c: In function 'main':
conftest.c:15:7: error: 'thisisanerror' undeclared (first use in this function)
   15 |       thisisanerror;
      |       ^~~~~~~~~~~~~
conftest.c:15:7: note: each undeclared identifier is reported only once for each function it appears in
configure:4595: $? = 1
configure: failed program was:
| /* confdefs.h */
| #define PACKAGE_NAME "gf2x"
| #define PACKAGE_TARNAME "gf2x"
| #define PACKAGE_VERSION "1.3.99"
| #define PACKAGE_STRING "gf2x 1.3.99"
| #define PACKAGE_BUGREPORT ""
| #define PACKAGE_URL ""
| /* end confdefs.h.  */
| 
| int
| main (void)
| {
| 
| #if !(defined(__ICC) || defined(__ECC) || defined(__INTEL_COMPILER))
|       thisisanerror;
| #endif
| 
|   ;
|   return 0;
| }
configure:4595: /usr/bin/cc -c -std=c99 -W -Wall -O2  -I/usr/local/include -I/home/pperrier/Documents/block_wiedemann/cado-nfs  conftest.c >&5
conftest.c: In function 'main':
conftest.c:15:7: error: 'thisisanerror' undeclared (first use in this function)
   15 |       thisisanerror;
      |       ^~~~~~~~~~~~~
conftest.c:15:7: note: each undeclared identifier is reported only once for each function it appears in
configure:4595: $? = 1
configure: failed program was:
| /* confdefs.h */
| #define PACKAGE_NAME "gf2x"
| #define PACKAGE_TARNAME "gf2x"
| #define PACKAGE_VERSION "1.3.99"
| #define PACKAGE_STRING "gf2x 1.3.99"
| #define PACKAGE_BUGREPORT ""
| #define PACKAGE_URL ""
| /* end confdefs.h.  */
| 
| int
| main (void)
| {
| 
| #if !(defined(__xlc__) || defined(__xlC__) || defined(__IBMC__) || defined(__IBMCPP__) || defined(__ibmxl__))
|       thisisanerror;
| #endif
| 
|   ;
|   return 0;
| }
configure:4595: /usr/bin/cc -c -std=c99 -W -Wall -O2  -I/usr/local/include -I/home/pperrier/Documents/block_wiedemann/cado-nfs  conftest.c >&5
conftest.c: In function 'main':
conftest.c:15:7: error: 'thisisanerror' undeclared (first use in this function)
   15 |       thisisanerror;
      |       ^~~~~~~~~~~~~
conftest.c:15:7: note: each undeclared identifier is reported only once for each function it appears in
configure:4595: $? = 1
configure: failed program was:
| /* confdefs.h */
| #define PACKAGE_NAME "gf2x"
| #define PACKAGE_TARNAME "gf2x"
| #define PACKAGE_VERSION "1.3.99"
| #define PACKAGE_STRING "gf2x 1.3.99"
| #define PACKAGE_BUGREPORT ""
| #define PACKAGE_URL ""
| /* end confdefs.h.  */
| 
| int
| main (void)
| {
| 
| #if !(defined(__PATHCC__) || defined(__PATHSCALE__))
|       thisisanerror;
| #endif
| 
|   ;
|   return 0;
| }
configure:4595: /usr/bin/cc -c -std=c99 -W -Wall -O2  -I/usr/local/include -I/home/pperrier/Documents/block_wiedemann/cado-nfs  conftest.c >&5
conftest.c: In function 'main':
conftest.c:15:7: error: 'thisisanerror' undeclared (first use in this function)
   15 |       thisisanerror;
      |       ^~~~~~~~~~~~~
conftest.c:15:7: note: each undeclared identifier is reported only once for each function it appears in
configure:4595: $? = 1
configure: failed program was:
| /* confdefs.h */
| #define PACKAGE_NAME "gf2x"
| #define PACKAGE_TARNAME "gf2x"
| #define PACKAGE_VERSION "1.3.99"
| #define PACKAGE_STRING "gf2x 1.3.99"
| #define PACKAGE_BUGREPORT ""
| #define PACKAGE_URL ""
| /* end confdefs.h.  */
| 
| int
| main (void)
| {
| 
| #if !(defined(__clang__))
|       thisisanerror;
| #endif
| 
|   ;
|   return 0;
| }
configure:4595: /usr/bin/cc -c -std=c99 -W -Wall -O2  -I/usr/local/include -I/home/pperrier/Documents/block_wiedemann/cado-nfs  conftest.c >&5
conftest.c: In function 'main':
conftest.c:15:7: error: 'thisisanerror' undeclared (first use in this function)
   15 |       thisisanerror;
      |       ^~~~~~~~~~~~~
conftest.c:15:7: note: each undeclared identifier is reported only once for each function it appears in
configure:4595: $? = 1
configure: failed program was:
| /* confdefs.h */
| #define PACKAGE_NAME "gf2x"
| #define PACKAGE_TARNAME "gf2x"
| #define PACKAGE_VERSION "1.3.99"
| #define PACKAGE_STRING "gf2x 1.3.99"
| #define PACKAGE_BUGREPORT ""
| #define PACKAGE_URL ""
| /* end confdefs.h.  */
| 
| int
| main (void)
| {
| 
| #if !(defined(_CRAYC))
|       thisisanerror;
| #endif
| 
|   ;
|   return 0;
| }
configure:4595: /usr/bin/cc -c -std=c99 -W -Wall -O2  -I/usr/local/include -I/home/pperrier/Documents/block_wiedemann/cado-nfs  conftest.c >&5
conftest.c: In function 'main':
conftest.c:15:7: error: 'thisisanerror' undeclared (first use in this function)
   15 |       thisisanerror;
      |       ^~~~~~~~~~~~~
conftest.c:15:7: note: each undeclared identifier is reported only once for each function it appears in
configure:4595: $? = 1
configure: failed program was:
| /* confdefs.h */
| #define PACKAGE_NAME "gf2x"
| #define PACKAGE_TARNAME "gf2x"
| #define PACKAGE_VERSION "1.3.99"
| #define PACKAGE_STRING "gf2x 1.3.99"
| #define PACKAGE_BUGREPORT ""
| #define PACKAGE_URL ""
| /* end confdefs.h.  */
| 
| int
| main (void)
| {
| 
| #if !(defined(__FUJITSU))
|       thisisanerror;
| #endif
| 
|   ;
|   return 0;
| }
configure:4595: /usr/bin/cc -c -std=c99 -W -Wall -O2  -I/usr/local/include -I/home/pperrier/Documents/block_wiedemann/cado-nfs  conftest.c >&5
conftest.c: In function 'main':
conftest.c:15:7: error: 'thisisanerror' undeclared (first use in this function)
   15 |       thisisanerror;
      |       ^~~~~~~~~~~~~
conftest.c:15:7: note: each undeclared identifier is reported only once for each function it appears in
configure:4595: $? = 1
configure: failed program was:
| /* confdefs.h */
| #define PACKAGE_NAME "gf2x"
| #define PACKAGE_TARNAME "gf2x"
| #define PACKAGE_VERSION "1.3.99"
| #define PACKAGE_STRING "gf2x 1.3.99"
| #define PACKAGE_BUGREPORT ""
| #define PACKAGE_URL ""
| /* end confdefs.h.  */
| 
| int
| main (void)
| {
| 
| #if !(defined(SDCC) || defined(__SDCC))
|       thisisanerror;
| #endif
| 
|   ;
|   return 0;
| }
configure:4595: /usr/bin/cc -c -std=c99 -W -Wall -O2  -I/usr/local/include -I/home/pperrier/Documents/block_wiedemann/cado-nfs  conftest.c >&5
conftest.c: In function 'main':
conftest.c:15:7: error: 'thisisanerror' undeclared (first use in this function)
   15 |       thisisanerror;
      |       ^~~~~~~~~~~~~
conftest.c:15:7: note: each undeclared identifier is reported only once for each function it appears in
configure:4595: $? = 1
configure: failed program was:
| /* confdefs.h */
| #define PACKAGE_NAME "gf2x"
| #define PACKAGE_TARNAME "gf2x"
| #define PACKAGE_VERSION "1.3.99"
| #define PACKAGE_STRING "gf2x 1.3.99"
| #define PACKAGE_BUGREPORT ""
| #define PACKAGE_URL ""
| /* end confdefs.h.  */
| 
| int
| main (void)
| {
| 
| #if !(defined(_SX))
|       thisisanerror;
| #endif
| 
|   ;
|   return 0;
| }
configure:4595: /usr/bin/cc -c -std=c99 -W -Wall -O2  -I/usr/local/include -I/home/pperrier/Documents/block_wiedemann/cado-nfs  conftest.c >&5
conftest.c: In function 'main':
conftest.c:15:7: error: 'thisisanerror' undeclared (first use in this function)
   15 |       thisisanerror;
      |       ^~~~~~~~~~~~~
conftest.c:15:7: note: each undeclared identifier is reported only once for each function it appears in
configure:4595: $? = 1
configure: failed program was:
| /* confdefs.h */
| #define PACKAGE_NAME "gf2x"
| #define PACKAGE_TARNAME "gf2x"
| #define PACKAGE_VERSION "1.3.99"
| #define PACKAGE_STRING "gf2x 1.3.99"
| #define PACKAGE_BUGREPORT ""
| #define PACKAGE_URL ""
| /* end confdefs.h.  */
| 
| int
| main (void)
| {
| 
| #if !(defined(__PGI))
|       thisisanerror;
| #endif
| 
|   ;
|   return 0;
| }
configure:4595: /usr/bin/cc -c -std=c99 -W -Wall -O2  -I/usr/local/include -I/home/pperrier/Documents/block_wiedemann/cado-nfs  conftest.c >&5
configure:4595: $? = 0
configure:4606: result: gnu
configure:4609: checking for a sed that does not truncate output
configure:4681: result: /usr/bin/sed
configure:4688: checking for C compiler version
configure:4951: /usr/bin/cc -o conftest -std=c99 -W -Wall -O2  -I/usr/local/include -I/home/pperrier/Documents/block_wiedemann/cado-nfs  -Wl,-rpath,/usr/local/lib -L/usr/local/lib conftest.c  >&5
configure:4951: $? = 0
configure:4951: ./conftest
configure:4951: $? = 0
configure:4962: /usr/bin/cc -o conftest -std=c99 -W -Wall -O2  -I/usr/local/include -I/home/pperrier/Documents/block_wiedemann/cado-nfs  -Wl,-rpath,/usr/local/lib -L/usr/local/lib conftest.c  >&5
configure:4962: $? = 0
configure:4962: ./conftest
configure:4962: $? = 0
configure:4973: /usr/bin/cc -o conftest -std=c99 -W -Wall -O2  -I/usr/local/include -I/home/pperrier/Documents/block_wiedemann/cado-nfs  -Wl,-rpath,/usr/local/lib -L/usr/local/lib conftest.c  >&5
configure:4973: $? = 0
configure:4973: ./conftest
configure:4973: $? = 0
configure:5791: result: 13.3.0
configure:5799: checking for stdio.h
configure:5799: /usr/bin/cc -c -std=c99 -W -Wall -O2  -I/usr/local/include -I/home/pperrier/Documents/block_wiedemann/cado-nfs  conftest.c >&5
configure:5799: $? = 0
configure:5799: result: yes
configure:5799: checking for stdlib.h
configure:5799: /usr/bin/cc -c -std=c99 -W -Wall -O2  -I/usr/local/include -I/home/pperrier/Documents/block_wiedemann/cado-nfs  conftest.c >&5
configure:5799: $? = 0
configure:5799: result: yes
configure:5799: checking for string.h
configure:5799: /usr/bin/cc -c -std=c99 -W -Wall -O2  -I/usr/local/include -I/home/pperrier/Documents/block_wiedemann/cado-nfs  conftest.c >&5
configure:5799: $? = 0
configure:5799: result: yes
configure:5799: checking for inttypes.h
configure:5799: /usr/bin/cc -c -std=c99 -W -Wall -O2  -I/usr/local/include -I/home/pperrier/Documents/block_wiedemann/cado-nfs  conftest.c >&5
configure:5799: $? = 0
configure:5799: result: yes
configure:5799: checking for stdint.h
configure:5799: /usr/bin/cc -c -std=c99 -W -Wall -O2  -I/usr/local/include -I/home/pperrier/Documents/block_wiedemann/cado-nfs  conftest.c >&5
configure:5799: $? = 0
configure:5799: result: yes
configure:5799: checking for strings.h
configure:5799: /usr/bin/cc -c -std=c99 -W -Wall -O2  -I/usr/local/include -I/home/pperrier/Documents/block_wiedemann/cado-nfs  conftest.c >&5
configure:5799: $? = 0
configure:5799: result: yes
configure:5799: checking for sys/stat.h
configure:5799: /usr/bin/cc -c -std=c99 -W -Wall -O2  -I/usr/local/include -I/home/pperrier/Documents/block_wiedemann/cado-nfs  conftest.c >&5
configure:5799: $? = 0
configure:5799: result: yes
configure:5799: checking for sys/types.h
configure:5799: /usr/bin/cc -c -std=c99 -W -Wall -O2  -I/usr/local/include -I/home/pperrier/Documents/block_wiedemann/cado-nfs  conftest.c >&5
configure:5799: $? = 0
configure:5799: result: yes
configure:5799: checking for unistd.h
configure:5799: /usr/bin/cc -c -std=c99 -W -Wall -O2  -I/usr/local/include -I/home/pperrier/Documents/block_wiedemann/cado-nfs  conftest.c >&5
configure:5799: $? = 0
configure:5799: result: yes
configure:5824: checking for size_t
configure:5824: /usr/bin/cc -c -std=c99 -W -Wall -O2  -I/usr/local/include -I/home/pperrier/Documents/block_wiedemann/cado-nfs  conftest.c >&5
configure:5824: $? = 0
configure:5824: /usr/bin/cc -c -std=c99 -W -Wall -O2  -I/usr/local/include -I/home/pperrier/Documents/block_wiedemann/cado-nfs  conftest.c >&5
conftest.c: In function 'main':
conftest.c:50:21: error: expected expression before ')' token
   50 | if (sizeof ((size_t)))
      |                     ^
configure:5824: $? = 1
configure: failed program was:
| /* confdefs.h */
| #define PACKAGE_NAME "gf2x"
| #define PACKAGE_TARNAME "gf2x"
| #define PACKAGE_VERSION "1.3.99"
| #define PACKAGE_STRING "gf2x 1.3.99"
| #define PACKAGE_BUGREPORT ""
| #define PACKAGE_URL ""
| #define HAVE_STDIO_H 1
| #define HAVE_STDLIB_H 1
| #define HAVE_STRING_H 1
| #define HAVE_INTTYPES_H 1
| #define HAVE_STDINT_H 1
| #define HAVE_STRINGS_H 1
| #define HAVE_SYS_STAT_H 1
| #define HAVE_SYS_TYPES_H 1
| #define HAVE_UNISTD_H 1
| #define STDC_HEADERS 1
| /* end confdefs.h.  */
| #include <stddef.h>
| #ifdef HAVE_STDIO_H
| # include <stdio.h>
| #endif
| #ifdef HAVE_STDLIB_H
| # include <stdlib.h>
| #endif
| #ifdef HAVE_STRING_H
| # include <string.h>
| #endif
| #ifdef HAVE_INTTYPES_H
| # include <inttypes.h>
| #endif
| #ifdef HAVE_STDINT_H
| # include <stdint.h>
| #endif
| #ifdef HAVE_STRINGS_H
| # include <strings.h>
| #endif
| #ifdef HAVE_SYS_TYPES_H
| # include <sys/types.h>
| #endif
| #ifdef HAVE_SYS_STAT_H
| # include <sys/stat.h>
| #endif
| #ifdef HAVE_UNISTD_H
| # include <unistd.h>
| #endif
| int
| main (void)
| {
| if (sizeof ((size_t)))
| 	    return 0;
|   ;
|   return 0;
| }
configure:5824: result: yes
configure:5837: checking for working alloca.h
configure:5855: /usr/bin/cc -o conftest -std=c99 -W -Wall -O2  -I/usr/local/include -I/home/pperrier/Documents/block_wiedemann/cado-nfs  -Wl,-rpath,/usr/local/lib -L/usr/local/lib conftest.c  >&5
configure:5855: $? = 0
configure:5866: result: yes
configure:5874: checking for alloca
configure:5919: result: yes
configure:6015: checking for a BSD-compatible install
configure:6089: result: /usr/bin/install -c
configure:6100: checking whether sleep supports fractional seconds
configure:6116: result: yes
configure:6119: checking filesystem timestamp resolution
configure:6254: result: 0.01
configure:6259: checking whether build environment is sane
configure:6300: result: yes
configure:6467: checking for a race-free mkdir -p
configure:6510: result: /usr/bin/mkdir -p
configure:6517: checking for gawk
configure:6553: result: no
configure:6517: checking for mawk
configure:6538: found /usr/bin/mawk
configure:6550: result: mawk
configure:6561: checking whether make sets $(MAKE)
configure:6585: result: yes
configure:6607: checking whether make supports the include directive
configure:6622: make -f confmf.GNU && cat confinc.out
make[3]: Entering directory '/home/pperrier/Documents/block_wiedemann/cado-nfs/build/stagiaire-perrier/gf2x'
make[3]: Leaving directory '/home/pperrier/Documents/block_wiedemann/cado-nfs/build/stagiaire-perrier/gf2x'
this is the am__doit target
configure:6625: $? = 0
configure:6644: result: yes (GNU style)
configure:6675: checking whether make supports nested variables
configure:6694: result: yes
configure:6708: checking xargs -n works
configure:6724: result: yes
configure:6805: checking dependency style of /usr/bin/cc
configure:6918: result: none
configure:6955: checking whether to enable maintainer-specific portions of Makefiles
configure:6966: result: no
configure:7027: checking how to print strings
configure:7054: result: printf
configure:7075: checking for a sed that does not truncate output
configure:7147: result: /usr/bin/sed
configure:7165: checking for grep that handles long lines and -e
configure:7231: result: /usr/bin/grep
configure:7236: checking for egrep
configure:7306: result: /usr/bin/grep -E
configure:7313: checking for fgrep
configure:7383: result: /usr/bin/grep -F
configure:7420: checking for ld used by /usr/bin/cc
configure:7489: result: /usr/bin/ld
configure:7496: checking if the linker (/usr/bin/ld) is GNU ld
configure:7513: result: yes
configure:7525: checking for BSD- or MS-compatible name lister (nm)
configure:7581: result: /usr/bin/nm -B
configure:7723: checking the name lister (/usr/bin/nm -B) interface
configure:7731: /usr/bin/cc -c -std=c99 -W -Wall -O2  -I/usr/local/include -I/home/pperrier/Documents/block_wiedemann/cado-nfs  conftest.c >&5
configure:7734: /usr/bin/nm -B "conftest.o"
configure:7737: output
0000000000000000 B some_variable
configure:7745: result: BSD nm
configure:7748: checking whether ln -s works
configure:7752: result: yes
configure:7760: checking the maximum length of command line arguments
configure:7893: result: 1572864
configure:7941: checking how to convert x86_64-pc-linux-gnu file names to x86_64-pc-linux-gnu format
configure:7983: result: func_convert_file_noop
configure:7990: checking how to convert x86_64-pc-linux-gnu file names to toolchain format
configure:8012: result: func_convert_file_noop
configure:8019: checking for /usr/bin/ld option to reload object files
configure:8028: result: -r
configure:8061: checking for file
configure:8082: found /usr/bin/file
configure:8095: result: file
configure:8158: checking for objdump
configure:8179: found /usr/bin/objdump
configure:8191: result: objdump
configure:8223: checking how to recognize dependent libraries
configure:8432: result: pass_all
configure:8523: checking for dlltool
configure:8559: result: no
configure:8589: checking how to associate runtime and link libraries
configure:8618: result: printf %s\n
configure:8678: checking for ranlib
configure:8699: found /usr/bin/ranlib
configure:8711: result: ranlib
configure:8788: checking for ar
configure:8809: found /usr/bin/ar
configure:8821: result: ar
configure:8874: checking for archiver @FILE support
configure:8892: /usr/bin/cc -c -std=c99 -W -Wall -O2  -I/usr/local/include -I/home/pperrier/Documents/block_wiedemann/cado-nfs  conftest.c >&5
configure:8892: $? = 0
configure:8896: ar cr libconftest.a @conftest.lst >&5
configure:8899: $? = 0
configure:8904: ar cr libconftest.a @conftest.lst >&5
ar: conftest.o: No such file or directory
configure:8907: $? = 1
configure:8920: result: @
configure:8984: checking for strip
configure:9005: found /usr/bin/strip
configure:9017: result: strip
configure:9120: checking command to parse /usr/bin/nm -B output from /usr/bin/cc object
configure:9274: /usr/bin/cc -c -std=c99 -W -Wall -O2  -I/usr/local/include -I/home/pperrier/Documents/block_wiedemann/cado-nfs  conftest.c >&5
configure:9277: $? = 0
configure:9281: /usr/bin/nm -B conftest.o | /usr/bin/sed -n -e 's/^.*[	 ]\([ABCDGIRSTW][ABCDGIRSTW]*\)[	 ][	 ]*\([_A-Za-z][_A-Za-z0-9]*\)$/\1 \2 \2/p' | /usr/bin/sed '/ __gnu_lto/d' > conftest.nm
configure:9347: /usr/bin/cc -o conftest -std=c99 -W -Wall -O2  -I/usr/local/include -I/home/pperrier/Documents/block_wiedemann/cado-nfs  -Wl,-rpath,/usr/local/lib -L/usr/local/lib conftest.c conftstm.o >&5
configure:9350: $? = 0
configure:9389: result: ok
configure:9436: checking for sysroot
configure:9470: result: no
configure:9477: checking for a working dd
configure:9522: result: /usr/bin/dd
configure:9526: checking how to truncate binary pipes
configure:9543: result: /usr/bin/dd bs=4096 count=1
configure:9680: /usr/bin/cc -c -std=c99 -W -Wall -O2  -I/usr/local/include -I/home/pperrier/Documents/block_wiedemann/cado-nfs  conftest.c >&5
configure:9683: $? = 0
configure:9883: checking for mt
configure:9904: found /usr/bin/mt
configure:9916: result: mt
configure:9939: checking if mt is a manifest tool
configure:9946: mt '-?'
configure:9955: result: no
configure:10748: checking for dlfcn.h
configure:10748: /usr/bin/cc -c -std=c99 -W -Wall -O2  -I/usr/local/include -I/home/pperrier/Documents/block_wiedemann/cado-nfs  conftest.c >&5
configure:10748: $? = 0
configure:10748: result: yes
configure:11051: checking for objdir
configure:11068: result: .libs
configure:11334: checking if /usr/bin/cc supports -fno-rtti -fno-exceptions
configure:11353: /usr/bin/cc -c -std=c99 -W -Wall -O2  -I/usr/local/include -I/home/pperrier/Documents/block_wiedemann/cado-nfs  -fno-rtti -fno-exceptions conftest.c >&5
cc1: warning: command-line option '-fno-rtti' is valid for C++/D/ObjC++ but not for C
configure:11357: $? = 0
configure:11371: result: no
configure:11750: checking for /usr/bin/cc option to produce PIC
configure:11759: result: -fPIC -DPIC
configure:11767: checking if /usr/bin/cc PIC flag -fPIC -DPIC works
configure:11786: /usr/bin/cc -c -std=c99 -W -Wall -O2  -I/usr/local/include -I/home/pperrier/Documents/block_wiedemann/cado-nfs  -fPIC -DPIC -DPIC conftest.c >&5
configure:11790: $? = 0
configure:11804: result: yes
configure:11833: checking if /usr/bin/cc static flag -static works
configure:11863: result: yes
configure:11878: checking if /usr/bin/cc supports -c -o file.o
configure:11900: /usr/bin/cc -c -std=c99 -W -Wall -O2  -I/usr/local/include -I/home/pperrier/Documents/block_wiedemann/cado-nfs  -o out/conftest2.o conftest.c >&5
configure:11904: $? = 0
configure:11927: result: yes
configure:11935: checking if /usr/bin/cc supports -c -o file.o
configure:11984: result: yes
configure:12017: checking whether the /usr/bin/cc linker (/usr/bin/ld -m elf_x86_64) supports shared libraries
configure:13305: result: yes
configure:13547: checking dynamic linker characteristics
configure:14166: /usr/bin/cc -o conftest -std=c99 -W -Wall -O2  -I/usr/local/include -I/home/pperrier/Documents/block_wiedemann/cado-nfs  -Wl,-rpath,/usr/local/lib -L/usr/local/lib -Wl,-rpath -Wl,/foo conftest.c  >&5
configure:14166: $? = 0
configure:14949: result: GNU/Linux ld.so
configure:15071: checking how to hardcode library paths into programs
configure:15096: result: immediate
configure:15696: checking whether stripping libraries is possible
configure:15705: result: yes
configure:15747: checking if libtool supports shared libraries
configure:15749: result: yes
configure:15752: checking whether to build shared libraries
configure:15777: result: no
configure:15780: checking whether to build static libraries
configure:15784: result: yes
configure:15921: checking for gcc
configure:15954: result: /usr/bin/cc
configure:16313: checking for C compiler version
configure:16322: /usr/bin/cc --version >&5
cc (Ubuntu 13.3.0-6ubuntu2~24.04) 13.3.0
Copyright (C) 2023 Free Software Foundation, Inc.
This is free software; see the source for copying conditions.  There is NO
warranty; not even for MERCHANTABILITY or FITNESS FOR A PARTICULAR PURPOSE.

configure:16333: $? = 0
configure:16322: /usr/bin/cc -v >&5
Using built-in specs.
COLLECT_GCC=/usr/bin/cc
COLLECT_LTO_WRAPPER=/usr/libexec/gcc/x86_64-linux-gnu/13/lto-wrapper
OFFLOAD_TARGET_NAMES=nvptx-none:amdgcn-amdhsa
OFFLOAD_TARGET_DEFAULT=1
Target: x86_64-linux-gnu
Configured with: ../src/configure -v --with-pkgversion='Ubuntu 13.3.0-6ubuntu2~24.04' --with-bugurl=file:///usr/share/doc/gcc-13/README.Bugs --enable-languages=c,ada,c++,go,d,fortran,objc,obj-c++,m2 --prefix=/usr --with-gcc-major-version-only --program-suffix=-13 --program-prefix=x86_64-linux-gnu- --enable-shared --enable-linker-build-id --libexecdir=/usr/libexec --without-included-gettext --enable-threads=posix --libdir=/usr/lib --enable-nls --enable-bootstrap --enable-clocale=gnu --enable-libstdcxx-debug --enable-libstdcxx-time=yes --with-default-libstdcxx-abi=new --enable-libstdcxx-backtrace --enable-gnu-unique-object --disable-vtable-verify --enable-plugin --enable-default-pie --with-system-zlib --enable-libphobos-checking=release --with-target-system-zlib=auto --enable-objc-gc=auto --enable-multiarch --disable-werror --enable-cet --with-arch-32=i686 --with-abi=m64 --with-multilib-list=m32,m64,mx32 --enable-multilib --with-tune=generic --enable-offload-targets=nvptx-none=/build/gcc-13-fG75Ri/gcc-13-13.3.0/debian/tmp-nvptx/usr,amdgcn-amdhsa=/build/gcc-13-fG75Ri/gcc-13-13.3.0/debian/tmp-gcn/usr --enable-offload-defaulted --without-cuda-driver --enable-checking=release --build=x86_64-linux-gnu --host=x86_64-linux-gnu --target=x86_64-linux-gnu --with-build-config=bootstrap-lto-lean --enable-link-serialization=2
Thread model: posix
Supported LTO compression algorithms: zlib zstd
gcc version 13.3.0 (Ubuntu 13.3.0-6ubuntu2~24.04) 
... rest of stderr output deleted ...
configure:16333: $? = 0
configure:16322: /usr/bin/cc -V >&5
cc: error: unrecognized command-line option '-V'
cc: fatal error: no input files
compilation terminated.
configure:16333: $? = 1
configure:16322: /usr/bin/cc -qversion >&5
cc: error: unrecognized command-line option '-qversion'; did you mean '--version'?
cc: fatal error: no input files
compilation terminated.
configure:16333: $? = 1
configure:16322: /usr/bin/cc -version >&5
cc: error: unrecognized command-line option '-version'
cc: fatal error: no input files
compilation terminated.
configure:16333: $? = 1
configure:16337: checking whether the compiler supports GNU C
configure:16369: result: yes
configure:16380: checking whether /usr/bin/cc accepts -g
configure:16448: result: yes
configure:16468: checking for /usr/bin/cc option to enable C11 features
configure:16497: result: unsupported
configure:16517: checking for /usr/bin/cc option to enable C99 features
configure:16551: result: none needed
configure:16626: checking whether /usr/bin/cc understands -c and -o together
configure:16665: result: yes
configure:16812: checking for C++ compiler version
configure:16821: /usr/bin/c++ --version >&5
c++ (Ubuntu 13.3.0-6ubuntu2~24.04) 13.3.0
Copyright (C) 2023 Free Software Foundation, Inc.
This is free software; see the source for copying conditions.  There is NO
warranty; not even for MERCHANTABILITY or FITNESS FOR A PARTICULAR PURPOSE.

configure:16832: $? = 0
configure:16821: /usr/bin/c++ -v >&5
Using built-in specs.
COLLECT_GCC=/usr/bin/c++
COLLECT_LTO_WRAPPER=/usr/libexec/gcc/x86_64-linux-gnu/13/lto-wrapper
OFFLOAD_TARGET_NAMES=nvptx-none:amdgcn-amdhsa
OFFLOAD_TARGET_DEFAULT=1
Target: x86_64-linux-gnu
Configured with: ../src/configure -v --with-pkgversion='Ubuntu 13.3.0-6ubuntu2~24.04' --with-bugurl=file:///usr/share/doc/gcc-13/README.Bugs --enable-languages=c,ada,c++,go,d,fortran,objc,obj-c++,m2 --prefix=/usr --with-gcc-major-version-only --program-suffix=-13 --program-prefix=x86_64-linux-gnu- --enable-shared --enable-linker-build-id --libexecdir=/usr/libexec --without-included-gettext --enable-threads=posix --libdir=/usr/lib --enable-nls --enable-bootstrap --enable-clocale=gnu --enable-libstdcxx-debug --enable-libstdcxx-time=yes --with-default-libstdcxx-abi=new --enable-libstdcxx-backtrace --enable-gnu-unique-object --disable-vtable-verify --enable-plugin --enable-default-pie --with-system-zlib --enable-libphobos-checking=release --with-target-system-zlib=auto --enable-objc-gc=auto --enable-multiarch --disable-werror --enable-cet --with-arch-32=i686 --with-abi=m64 --with-multilib-list=m32,m64,mx32 --enable-multilib --with-tune=generic --enable-offload-targets=nvptx-none=/build/gcc-13-fG75Ri/gcc-13-13.3.0/debian/tmp-nvptx/usr,amdgcn-amdhsa=/build/gcc-13-fG75Ri/gcc-13-13.3.0/debian/tmp-gcn/usr --enable-offload-defaulted --without-cuda-driver --enable-checking=release --build=x86_64-linux-gnu --host=x86_64-linux-gnu --target=x86_64-linux-gnu --with-build-config=bootstrap-lto-lean --enable-link-serialization=2
Thread model: posix
Supported LTO compression algorithms: zlib zstd
gcc version 13.3.0 (Ubuntu 13.3.0-6ubuntu2~24.04) 
... rest of stderr output deleted ...
configure:16832: $? = 0
configure:16821: /usr/bin/c++ -V >&5
c++: error: unrecognized command-line option '-V'
c++: fatal error: no input files
compilation terminated.
configure:16832: $? = 1
configure:16821: /usr/bin/c++ -qversion >&5
c++: error: unrecognized command-line option '-qversion'; did you mean '--version'?
c++: fatal error: no input files
compilation terminated.
configure:16832: $? = 1
configure:16836: checking whether the compiler supports GNU C++
configure:16856: /usr/bin/c++ -c -export-dynamic -std=c++11 -Wno-c++11-compat -W -Wall -O2  -Wno-literal-suffix -I/usr/local/include -I/home/pperrier/Documents/block_wiedemann/cado-nfs  conftest.cpp >&5
configure:16856: $? = 0
configure:16868: result: yes
configure:16879: checking whether /usr/bin/c++ accepts -g
configure:16900: /usr/bin/c++ -c -g  conftest.cpp >&5
configure:16900: $? = 0
configure:16947: result: yes
configure:16967: checking for /usr/bin/c++ option to enable C++11 features
configure:16982: /usr/bin/c++  -c -export-dynamic -std=c++11 -Wno-c++11-compat -W -Wall -O2  -Wno-literal-suffix -I/usr/local/include -I/home/pperrier/Documents/block_wiedemann/cado-nfs  conftest.cpp >&5
conftest.cpp: In function 'int main(int, char**)':
conftest.cpp:148:8: warning: unused variable 'a1' [-Wunused-variable]
  148 |   auto a1 = 6538;
      |        ^~
conftest.cpp:155:16: warning: unused variable 'a4' [-Wunused-variable]
  155 |   decltype(a2) a4 = 34895.034;
      |                ^~
conftest.cpp:159:9: warning: unused variable 'sa' [-Wunused-variable]
  159 |   short sa[cxx11test::get_val()] = { 0 };
      |         ^~
conftest.cpp:163:23: warning: unused variable 'il' [-Wunused-variable]
  163 |   cxx11test::testinit il = { 4323, 435234.23544 };
      |                       ^~
conftest.cpp:184:8: warning: unused variable 'a' [-Wunused-variable]
  184 |   auto a = sum(1);
      |        ^
conftest.cpp:185:8: warning: unused variable 'b' [-Wunused-variable]
  185 |   auto b = sum(1, 2);
      |        ^
conftest.cpp:186:8: warning: unused variable 'c' [-Wunused-variable]
  186 |   auto c = sum(1.0, 2.0, 3.0);
      |        ^
conftest.cpp:191:25: warning: empty parentheses were disambiguated as a function declaration [-Wvexing-parse]
  191 |   cxx11test::delegate d2();
      |                         ^~
conftest.cpp:191:25: note: remove parentheses to default-initialize a variable
  191 |   cxx11test::delegate d2();
      |                         ^~
      |                         --
conftest.cpp:191:25: note: or replace parentheses with braces to value-initialize a variable
conftest.cpp:200:9: warning: unused variable 'c' [-Wunused-variable]
  200 |   char *c = nullptr;
      |         ^
conftest.cpp:208:15: warning: unused variable 'utf8' [-Wunused-variable]
  208 |   char const *utf8 = u8"UTF-8 string \u2500";
      |               ^~~~
conftest.cpp:209:19: warning: unused variable 'utf16' [-Wunused-variable]
  209 |   char16_t const *utf16 = u"UTF-8 string \u2500";
      |                   ^~~~~
conftest.cpp:210:19: warning: unused variable 'utf32' [-Wunused-variable]
  210 |   char32_t const *utf32 = U"UTF-32 string \u2500";
      |                   ^~~~~
configure:16982: $? = 0
configure:17001: result: none needed
configure:17072: checking dependency style of /usr/bin/c++
configure:17185: result: none
configure:17218: checking how to run the C++ preprocessor
configure:17240: /usr/bin/c++ -E  conftest.cpp
configure:17240: $? = 0
configure:17256: /usr/bin/c++ -E  conftest.cpp
conftest.cpp:25:10: fatal error: ac_nonexistent.h: No such file or directory
   25 | #include <ac_nonexistent.h>
      |          ^~~~~~~~~~~~~~~~~~
compilation terminated.
configure:17256: $? = 1
configure: failed program was:
| /* confdefs.h */
| #define PACKAGE_NAME "gf2x"
| #define PACKAGE_TARNAME "gf2x"
| #define PACKAGE_VERSION "1.3.99"
| #define PACKAGE_STRING "gf2x 1.3.99"
| #define PACKAGE_BUGREPORT ""
| #define PACKAGE_URL ""
| #define HAVE_STDIO_H 1
| #define HAVE_STDLIB_H 1
| #define HAVE_STRING_H 1
| #define HAVE_INTTYPES_H 1
| #define HAVE_STDINT_H 1
| #define HAVE_STRINGS_H 1
| #define HAVE_SYS_STAT_H 1
| #define HAVE_SYS_TYPES_H 1
| #define HAVE_UNISTD_H 1
| #define STDC_HEADERS 1
| #define HAVE_ALLOCA_H 1
| #define HAVE_ALLOCA 1
| #define PACKAGE "gf2x"
| #define VERSION "1.3.99"
| #define HAVE_DLFCN_H 1
| #define LT_OBJDIR ".libs/"
| /* end confdefs.h.  */
| #include <ac_nonexistent.h>
configure:17285: result: /usr/bin/c++ -E
configure:17299: /usr/bin/c++ -E  conftest.cpp
configure:17299: $? = 0
configure:17315: /usr/bin/c++ -E  conftest.cpp
conftest.cpp:25:10: fatal error: ac_nonexistent.h: No such file or directory
   25 | #include <ac_nonexistent.h>
      |          ^~~~~~~~~~~~~~~~~~
compilation terminated.
configure:17315: $? = 1
configure: failed program was:
| /* confdefs.h */
| #define PACKAGE_NAME "gf2x"
| #define PACKAGE_TARNAME "gf2x"
| #define PACKAGE_VERSION "1.3.99"
| #define PACKAGE_STRING "gf2x 1.3.99"
| #define PACKAGE_BUGREPORT ""
| #define PACKAGE_URL ""
| #define HAVE_STDIO_H 1
| #define HAVE_STDLIB_H 1
| #define HAVE_STRING_H 1
| #define HAVE_INTTYPES_H 1
| #define HAVE_STDINT_H 1
| #define HAVE_STRINGS_H 1
| #define HAVE_SYS_STAT_H 1
| #define HAVE_SYS_TYPES_H 1
| #define HAVE_UNISTD_H 1
| #define STDC_HEADERS 1
| #define HAVE_ALLOCA_H 1
| #define HAVE_ALLOCA 1
| #define PACKAGE "gf2x"
| #define VERSION "1.3.99"
| #define HAVE_DLFCN_H 1
| #define LT_OBJDIR ".libs/"
| /* end confdefs.h.  */
| #include <ac_nonexistent.h>
configure:17483: checking for ld used by /usr/bin/c++
configure:17552: result: /usr/bin/ld -m elf_x86_64
configure:17559: checking if the linker (/usr/bin/ld -m elf_x86_64) is GNU ld
configure:17576: result: yes
configure:17630: checking whether the /usr/bin/c++ linker (/usr/bin/ld -m elf_x86_64) supports shared libraries
configure:18718: result: yes
configure:18754: /usr/bin/c++ -c -export-dynamic -std=c++11 -Wno-c++11-compat -W -Wall -O2  -Wno-literal-suffix -I/usr/local/include -I/home/pperrier/Documents/block_wiedemann/cado-nfs  conftest.cpp >&5
configure:18757: $? = 0
configure:19243: checking for /usr/bin/c++ option to produce PIC
configure:19252: result: -fPIC -DPIC
configure:19260: checking if /usr/bin/c++ PIC flag -fPIC -DPIC works
configure:19279: /usr/bin/c++ -c -export-dynamic -std=c++11 -Wno-c++11-compat -W -Wall -O2  -Wno-literal-suffix -I/usr/local/include -I/home/pperrier/Documents/block_wiedemann/cado-nfs  -fPIC -DPIC -DPIC conftest.cpp >&5
configure:19283: $? = 0
configure:19297: result: yes
configure:19320: checking if /usr/bin/c++ static flag -static works
configure:19350: result: yes
configure:19362: checking if /usr/bin/c++ supports -c -o file.o
configure:19384: /usr/bin/c++ -c -export-dynamic -std=c++11 -Wno-c++11-compat -W -Wall -O2  -Wno-literal-suffix -I/usr/local/include -I/home/pperrier/Documents/block_wiedemann/cado-nfs  -o out/conftest2.o conftest.cpp >&5
configure:19388: $? = 0
configure:19411: result: yes
configure:19416: checking if /usr/bin/c++ supports -c -o file.o
configure:19465: result: yes
configure:19495: checking whether the /usr/bin/c++ linker (/usr/bin/ld -m elf_x86_64) supports shared libraries
configure:19538: result: yes
configure:19681: checking dynamic linker characteristics
configure:20987: result: GNU/Linux ld.so
configure:21052: checking how to hardcode library paths into programs
configure:21077: result: immediate
configure:21118: checking warning verbosity option
configure:21158: result: -Wall -W for C++ -Wall -W for C
configure:21168: checking how to run the C preprocessor
configure:21194: /usr/bin/cc -E  conftest.c
configure:21194: $? = 0
configure:21210: /usr/bin/cc -E  conftest.c
conftest.c:25:10: fatal error: ac_nonexistent.h: No such file or directory
   25 | #include <ac_nonexistent.h>
      |          ^~~~~~~~~~~~~~~~~~
compilation terminated.
configure:21210: $? = 1
configure: failed program was:
| /* confdefs.h */
| #define PACKAGE_NAME "gf2x"
| #define PACKAGE_TARNAME "gf2x"
| #define PACKAGE_VERSION "1.3.99"
| #define PACKAGE_STRING "gf2x 1.3.99"
| #define PACKAGE_BUGREPORT ""
| #define PACKAGE_URL ""
| #define HAVE_STDIO_H 1
| #define HAVE_STDLIB_H 1
| #define HAVE_STRING_H 1
| #define HAVE_INTTYPES_H 1
| #define HAVE_STDINT_H 1
| #define HAVE_STRINGS_H 1
| #define HAVE_SYS_STAT_H 1
| #define HAVE_SYS_TYPES_H 1
| #define HAVE_UNISTD_H 1
| #define STDC_HEADERS 1
| #define HAVE_ALLOCA_H 1
| #define HAVE_ALLOCA 1
| #define PACKAGE "gf2x"
| #define VERSION "1.3.99"
| #define HAVE_DLFCN_H 1
| #define LT_OBJDIR ".libs/"
| /* end confdefs.h.  */
| #include <ac_nonexistent.h>
configure:21239: result: /usr/bin/cc -E
configure:21253: /usr/bin/cc -E  conftest.c
configure:21253: $? = 0
configure:21269: /usr/bin/cc -E  conftest.c
conftest.c:25:10: fatal error: ac_nonexistent.h: No such file or directory
   25 | #include <ac_nonexistent.h>
      |          ^~~~~~~~~~~~~~~~~~
compilation terminated.
configure:21269: $? = 1
configure: failed program was:
| /* confdefs.h */
| #define PACKAGE_NAME "gf2x"
| #define PACKAGE_TARNAME "gf2x"
| #define PACKAGE_VERSION "1.3.99"
| #define PACKAGE_STRING "gf2x 1.3.99"
| #define PACKAGE_BUGREPORT ""
| #define PACKAGE_URL ""
| #define HAVE_STDIO_H 1
| #define HAVE_STDLIB_H 1
| #define HAVE_STRING_H 1
| #define HAVE_INTTYPES_H 1
| #define HAVE_STDINT_H 1
| #define HAVE_STRINGS_H 1
| #define HAVE_SYS_STAT_H 1
| #define HAVE_SYS_TYPES_H 1
| #define HAVE_UNISTD_H 1
| #define STDC_HEADERS 1
| #define HAVE_ALLOCA_H 1
| #define HAVE_ALLOCA 1
| #define PACKAGE "gf2x"
| #define VERSION "1.3.99"
| #define HAVE_DLFCN_H 1
| #define LT_OBJDIR ".libs/"
| /* end confdefs.h.  */
| #include <ac_nonexistent.h>
configure:21371: checking build system compiler /usr/bin/cc
configure:21385: /usr/bin/cc conftest.c
configure:21388: $? = 0
configure:21395: result: yes
configure:21414: checking for build system executable suffix
configure:21430: /usr/bin/cc conftest.c -o conftest.exe
configure:21433: $? = 0
/home/pperrier/Documents/block_wiedemann/cado-nfs/gf2x/configure: line 21435: ./conftest: No such file or directory
configure:21430: /usr/bin/cc conftest.c -o conftest,ff8
configure:21433: $? = 0
/home/pperrier/Documents/block_wiedemann/cado-nfs/gf2x/configure: line 21435: ./conftest: No such file or directory
configure:21430: /usr/bin/cc conftest.c -o conftest
configure:21433: $? = 0
configure:21448: result: 
configure:21454: checking for __attribute__((visibility("hidden")))
configure:21468: /usr/bin/cc -fvisibility=hidden -Werror -S conftest.c -o conftest.s 1>&5
configure:21471: $? = 0
configure:21483: result: yes
configure:21501: checking that clock() returns non-constant values
configure:21534: /usr/bin/cc -o conftest -std=c99 -W -Wall -O2  -I/usr/local/include -I/home/pperrier/Documents/block_wiedemann/cado-nfs -Wall -W  -Wl,-rpath,/usr/local/lib -L/usr/local/lib conftest.c  >&5
configure:21534: $? = 0
configure:21534: ./conftest
configure:21534: $? = 0
configure:21553: result: yes
configure:21579: checking size of unsigned long
configure:21585: /usr/bin/cc -o conftest -std=c99 -W -Wall -O2  -I/usr/local/include -I/home/pperrier/Documents/block_wiedemann/cado-nfs -Wall -W  -Wl,-rpath,/usr/local/lib -L/usr/local/lib conftest.c  >&5
configure:21585: $? = 0
configure:21585: ./conftest
configure:21585: $? = 0
configure:21602: result: 8
configure:21634: checking whether /usr/bin/cc can compile and run sse-2 code
configure:21687: /usr/bin/cc -o conftest -std=c99 -W -Wall -O2  -I/usr/local/include -I/home/pperrier/Documents/block_wiedemann/cado-nfs -Wall -W  -Wl,-rpath,/usr/local/lib -L/usr/local/lib conftest.c  >&5
conftest.c: In function 'main':
conftest.c:39:13: warning: unused variable 'g' [-Wunused-variable]
   39 |     __m128d g = _mm_set_pd((double) a1, (double) a0);
      |             ^
conftest.c:33:27: warning: unused parameter 'argv' [-Wunused-parameter]
   33 | int main(int argc, char * argv[]) {
      |                    ~~~~~~~^~~~~~
configure:21687: $? = 0
configure:21687: ./conftest
configure:21687: $? = 0
configure:21768: result: yes
configure:21893: checking whether /usr/bin/cc can compile and run sse-3 code
configure:21939: /usr/bin/cc -o conftest -std=c99 -W -Wall -O2  -I/usr/local/include -I/home/pperrier/Documents/block_wiedemann/cado-nfs  -Wl,-rpath,/usr/local/lib -L/usr/local/lib conftest.c  >&5
In file included from conftest.c:33:
/usr/lib/gcc/x86_64-linux-gnu/13/include/pmmintrin.h: In function 'main':
/usr/lib/gcc/x86_64-linux-gnu/13/include/pmmintrin.h:87:1: error: inlining failed in call to 'always_inline' '_mm_hadd_pd': target specific option mismatch
   87 | _mm_hadd_pd (__m128d __X, __m128d __Y)
      | ^~~~~~~~~~~
conftest.c:43:9: note: called from here
   43 |     y = _mm_hadd_pd(y, x);
      |         ^~~~~~~~~~~~~~~~~
/usr/lib/gcc/x86_64-linux-gnu/13/include/pmmintrin.h:87:1: error: inlining failed in call to 'always_inline' '_mm_hadd_pd': target specific option mismatch
   87 | _mm_hadd_pd (__m128d __X, __m128d __Y)
      | ^~~~~~~~~~~
conftest.c:43:9: note: called from here
   43 |     y = _mm_hadd_pd(y, x);
      |         ^~~~~~~~~~~~~~~~~
configure:21939: $? = 1
configure: program exited with status 1
configure: failed program was:
| /* confdefs.h */
| #define PACKAGE_NAME "gf2x"
| #define PACKAGE_TARNAME "gf2x"
| #define PACKAGE_VERSION "1.3.99"
| #define PACKAGE_STRING "gf2x 1.3.99"
| #define PACKAGE_BUGREPORT ""
| #define PACKAGE_URL ""
| #define HAVE_STDIO_H 1
| #define HAVE_STDLIB_H 1
| #define HAVE_STRING_H 1
| #define HAVE_INTTYPES_H 1
| #define HAVE_STDINT_H 1
| #define HAVE_STRINGS_H 1
| #define HAVE_SYS_STAT_H 1
| #define HAVE_SYS_TYPES_H 1
| #define HAVE_UNISTD_H 1
| #define STDC_HEADERS 1
| #define HAVE_ALLOCA_H 1
| #define HAVE_ALLOCA 1
| #define PACKAGE "gf2x"
| #define VERSION "1.3.99"
| #define HAVE_DLFCN_H 1
| #define LT_OBJDIR ".libs/"
| #define HAVE_HIDDEN_VISIBILITY_ATTRIBUTE 1
| #define HAVE_NONCONSTANT_CLOCK 1
| #define SIZEOF_UNSIGNED_LONG 8
| #define GF2X_HAVE_SSE2_SUPPORT 1
| /* end confdefs.h.  */
| 
| /* This source file is our test case for sse-3 support. */
| #include <stdint.h>
| #include <string.h>
| #include <pmmintrin.h>
| 
| int main()
| {
|     volatile double a0 = 12.34;
|     volatile double a1 = 56.78;
|     __m128d x = _mm_setr_pd(a0, 34.12);
|     __m128d y = _mm_setr_pd(78.56, a1);
|     double a[2], b[2] = { 78.56 + 56.78, 12.34 + 34.12 };
| 
|     y = _mm_hadd_pd(y, x);
|     memcpy(a, &y, 16);
|     return (a[0] != b[0] || a[1] != b[1]);
| }
| 
configure:21982: /usr/bin/cc -o conftest -std=c99 -W -Wall -O2  -I/usr/local/include -I/home/pperrier/Documents/block_wiedemann/cado-nfs -msse3  -Wl,-rpath,/usr/local/lib -L/usr/local/lib conftest.c  >&5
configure:21982: $? = 0
configure:21982: ./conftest
configure:21982: $? = 0
configure:22013: result: yes, with -msse3
configure:22033: checking whether -msse3 is also needed by the preprocessor
configure:22063: /usr/bin/cc -E  conftest.c
configure:22063: $? = 0
configure:22112: result: no
configure:22124: checking whether /usr/bin/cc can compile and run ssse-3 code
configure:22169: /usr/bin/cc -o conftest -std=c99 -W -Wall -O2  -I/usr/local/include -I/home/pperrier/Documents/block_wiedemann/cado-nfs -msse3  -Wl,-rpath,/usr/local/lib -L/usr/local/lib conftest.c  >&5
In file included from conftest.c:34:
/usr/lib/gcc/x86_64-linux-gnu/13/include/tmmintrin.h: In function 'main':
/usr/lib/gcc/x86_64-linux-gnu/13/include/tmmintrin.h:185:1: error: inlining failed in call to 'always_inline' '_mm_alignr_epi8': target specific option mismatch
  185 | _mm_alignr_epi8(__m128i __X, __m128i __Y, const int __N)
      | ^~~~~~~~~~~~~~~
conftest.c:43:9: note: called from here
   43 |     y = _mm_alignr_epi8(y, x, 0x5);
      |         ^~~~~~~~~~~~~~~~~~~~~~~~~~
/usr/lib/gcc/x86_64-linux-gnu/13/include/tmmintrin.h:185:1: error: inlining failed in call to 'always_inline' '_mm_alignr_epi8': target specific option mismatch
  185 | _mm_alignr_epi8(__m128i __X, __m128i __Y, const int __N)
      | ^~~~~~~~~~~~~~~
conftest.c:43:9: note: called from here
   43 |     y = _mm_alignr_epi8(y, x, 0x5);
      |         ^~~~~~~~~~~~~~~~~~~~~~~~~~
configure:22169: $? = 1
configure: program exited with status 1
configure: failed program was:
| /* confdefs.h */
| #define PACKAGE_NAME "gf2x"
| #define PACKAGE_TARNAME "gf2x"
| #define PACKAGE_VERSION "1.3.99"
| #define PACKAGE_STRING "gf2x 1.3.99"
| #define PACKAGE_BUGREPORT ""
| #define PACKAGE_URL ""
| #define HAVE_STDIO_H 1
| #define HAVE_STDLIB_H 1
| #define HAVE_STRING_H 1
| #define HAVE_INTTYPES_H 1
| #define HAVE_STDINT_H 1
| #define HAVE_STRINGS_H 1
| #define HAVE_SYS_STAT_H 1
| #define HAVE_SYS_TYPES_H 1
| #define HAVE_UNISTD_H 1
| #define STDC_HEADERS 1
| #define HAVE_ALLOCA_H 1
| #define HAVE_ALLOCA 1
| #define PACKAGE "gf2x"
| #define VERSION "1.3.99"
| #define HAVE_DLFCN_H 1
| #define LT_OBJDIR ".libs/"
| #define HAVE_HIDDEN_VISIBILITY_ATTRIBUTE 1
| #define HAVE_NONCONSTANT_CLOCK 1
| #define SIZEOF_UNSIGNED_LONG 8
| #define GF2X_HAVE_SSE2_SUPPORT 1
| #define GF2X_HAVE_SSE3_SUPPORT 1
| /* end confdefs.h.  */
| 
| /* This source file is our test case for ssse3 support. */
| #include <stdint.h>
| #include <string.h>
| #include <tmmintrin.h>
| 
| int main()
| {
|     volatile uint32_t a0 = 0x03020100;
|     volatile uint32_t a1 = 0x1F1E1D1C;
|     __m128i x = _mm_setr_epi32(a0, 0x07060504, 0x0B0A0908, 0x0F0E0D0C);
|     __m128i y = _mm_setr_epi32(0x13121110, 0x17161514, 0x1B1A1918, a1);
|     uint64_t a[2], b[2] = { 0x0C0B0A0908070605, 0x14131211100F0E0D };
|     y = _mm_alignr_epi8(y, x, 0x5);
|     memcpy (a, &y, 16);
|     return(a[0] != b[0] || a[1] != b[1]);
| }
| 
configure:22211: /usr/bin/cc -o conftest -std=c99 -W -Wall -O2  -I/usr/local/include -I/home/pperrier/Documents/block_wiedemann/cado-nfs -msse3 -mssse3  -Wl,-rpath,/usr/local/lib -L/usr/local/lib conftest.c  >&5
configure:22211: $? = 0
configure:22211: ./conftest
configure:22211: $? = 0
configure:22242: result: yes, with -mssse3
configure:22262: checking whether -mssse3 is also needed by the preprocessor
configure:22291: /usr/bin/cc -E  conftest.c
configure:22291: $? = 0
configure:22339: result: no
configure:22351: checking whether /usr/bin/cc can compile and run sse-4.1 code
configure:22402: /usr/bin/cc -o conftest -std=c99 -W -Wall -O2  -I/usr/local/include -I/home/pperrier/Documents/block_wiedemann/cado-nfs -msse3 -mssse3  -Wl,-rpath,/usr/local/lib -L/usr/local/lib conftest.c  >&5
In file included from conftest.c:34:
/usr/lib/gcc/x86_64-linux-gnu/13/include/smmintrin.h: In function 'main':
/usr/lib/gcc/x86_64-linux-gnu/13/include/smmintrin.h:448:1: error: inlining failed in call to 'always_inline' '_mm_extract_epi32': target specific option mismatch
  448 | _mm_extract_epi32 (__m128i __X, const int __N)
      | ^~~~~~~~~~~~~~~~~
conftest.c:51:15: note: called from here
   51 |     int ok1 = _mm_extract_epi32(c, 0) && _mm_extract_epi32(c, 1);
      |               ^~~~~~~~~~~~~~~~~~~~~~~
/usr/lib/gcc/x86_64-linux-gnu/13/include/smmintrin.h:268:1: error: inlining failed in call to 'always_inline' '_mm_cmpeq_epi64': target specific option mismatch
  268 | _mm_cmpeq_epi64 (__m128i __X, __m128i __Y)
      | ^~~~~~~~~~~~~~~
conftest.c:50:17: note: called from here
   50 |     __m128i c = _mm_cmpeq_epi64(x, y);
      |                 ^~~~~~~~~~~~~~~~~~~~~
/usr/lib/gcc/x86_64-linux-gnu/13/include/smmintrin.h:67:1: error: inlining failed in call to 'always_inline' '_mm_testz_si128': target specific option mismatch
   67 | _mm_testz_si128 (__m128i __M, __m128i __V)
      | ^~~~~~~~~~~~~~~
conftest.c:49:15: note: called from here
   49 |     int ok0 = _mm_testz_si128(z, z);
      |               ^~~~~~~~~~~~~~~~~~~~~
/usr/lib/gcc/x86_64-linux-gnu/13/include/smmintrin.h:300:1: error: inlining failed in call to 'always_inline' '_mm_min_epi32': target specific option mismatch
  300 | _mm_min_epi32 (__m128i __X, __m128i __Y)
      | ^~~~~~~~~~~~~
conftest.c:47:18: note: called from here
   47 |     __m128i mi = _mm_min_epi32(x, y);
      |                  ^~~~~~~~~~~~~~~~~~~
/usr/lib/gcc/x86_64-linux-gnu/13/include/smmintrin.h:306:1: error: inlining failed in call to 'always_inline' '_mm_max_epi32': target specific option mismatch
  306 | _mm_max_epi32 (__m128i __X, __m128i __Y)
      | ^~~~~~~~~~~~~
conftest.c:46:18: note: called from here
   46 |     __m128i ma = _mm_max_epi32(x, y);
      |                  ^~~~~~~~~~~~~~~~~~~
/usr/lib/gcc/x86_64-linux-gnu/13/include/smmintrin.h:300:1: error: inlining failed in call to 'always_inline' '_mm_min_epi32': target specific option mismatch
  300 | _mm_min_epi32 (__m128i __X, __m128i __Y)
      | ^~~~~~~~~~~~~
conftest.c:47:18: note: called from here
   47 |     __m128i mi = _mm_min_epi32(x, y);
      |                  ^~~~~~~~~~~~~~~~~~~
/usr/lib/gcc/x86_64-linux-gnu/13/include/smmintrin.h:306:1: error: inlining failed in call to 'always_inline' '_mm_max_epi32': target specific option mismatch
  306 | _mm_max_epi32 (__m128i __X, __m128i __Y)
      | ^~~~~~~~~~~~~
conftest.c:46:18: note: called from here
   46 |     __m128i ma = _mm_max_epi32(x, y);
      |                  ^~~~~~~~~~~~~~~~~~~
/usr/lib/gcc/x86_64-linux-gnu/13/include/smmintrin.h:448:1: error: inlining failed in call to 'always_inline' '_mm_extract_epi32': target specific option mismatch
  448 | _mm_extract_epi32 (__m128i __X, const int __N)
      | ^~~~~~~~~~~~~~~~~
conftest.c:51:15: note: called from here
   51 |     int ok1 = _mm_extract_epi32(c, 0) && _mm_extract_epi32(c, 1);
      |               ^~~~~~~~~~~~~~~~~~~~~~~
/usr/lib/gcc/x86_64-linux-gnu/13/include/smmintrin.h:268:1: error: inlining failed in call to 'always_inline' '_mm_cmpeq_epi64': target specific option mismatch
  268 | _mm_cmpeq_epi64 (__m128i __X, __m128i __Y)
      | ^~~~~~~~~~~~~~~
conftest.c:50:17: note: called from here
   50 |     __m128i c = _mm_cmpeq_epi64(x, y);
      |                 ^~~~~~~~~~~~~~~~~~~~~
/usr/lib/gcc/x86_64-linux-gnu/13/include/smmintrin.h:67:1: error: inlining failed in call to 'always_inline' '_mm_testz_si128': target specific option mismatch
   67 | _mm_testz_si128 (__m128i __M, __m128i __V)
      | ^~~~~~~~~~~~~~~
conftest.c:49:15: note: called from here
   49 |     int ok0 = _mm_testz_si128(z, z);
      |               ^~~~~~~~~~~~~~~~~~~~~
/usr/lib/gcc/x86_64-linux-gnu/13/include/smmintrin.h:448:1: error: inlining failed in call to 'always_inline' '_mm_extract_epi32': target specific option mismatch
  448 | _mm_extract_epi32 (__m128i __X, const int __N)
      | ^~~~~~~~~~~~~~~~~
conftest.c:51:42: note: called from here
   51 |     int ok1 = _mm_extract_epi32(c, 0) && _mm_extract_epi32(c, 1);
      |                                          ^~~~~~~~~~~~~~~~~~~~~~~
configure:22402: $? = 1
configure: program exited with status 1
configure: failed program was:
| /* confdefs.h */
| #define PACKAGE_NAME "gf2x"
| #define PACKAGE_TARNAME "gf2x"
| #define PACKAGE_VERSION "1.3.99"
| #define PACKAGE_STRING "gf2x 1.3.99"
| #define PACKAGE_BUGREPORT ""
| #define PACKAGE_URL ""
| #define HAVE_STDIO_H 1
| #define HAVE_STDLIB_H 1
| #define HAVE_STRING_H 1
| #define HAVE_INTTYPES_H 1
| #define HAVE_STDINT_H 1
| #define HAVE_STRINGS_H 1
| #define HAVE_SYS_STAT_H 1
| #define HAVE_SYS_TYPES_H 1
| #define HAVE_UNISTD_H 1
| #define STDC_HEADERS 1
| #define HAVE_ALLOCA_H 1
| #define HAVE_ALLOCA 1
| #define PACKAGE "gf2x"
| #define VERSION "1.3.99"
| #define HAVE_DLFCN_H 1
| #define LT_OBJDIR ".libs/"
| #define HAVE_HIDDEN_VISIBILITY_ATTRIBUTE 1
| #define HAVE_NONCONSTANT_CLOCK 1
| #define SIZEOF_UNSIGNED_LONG 8
| #define GF2X_HAVE_SSE2_SUPPORT 1
| #define GF2X_HAVE_SSE3_SUPPORT 1
| #define GF2X_HAVE_SSSE3_SUPPORT 1
| /* end confdefs.h.  */
| 
| #include <stdint.h>
| #include <stdlib.h>
| #include <smmintrin.h>
| 
| int main() {
|     /* the following test is for emulated 32-bit on physical 64-bit */
|     if (sizeof(unsigned long) != 8)
|       abort ();
|     volatile int a0 = 17;
|     volatile int a1 = 42;
|     __m128i x = _mm_setr_epi32(a1, 0, a0, 0);
|     // x = 0 0x2a 0 0x11
|     __m128i y = _mm_setr_epi32(42, 0, 17, 0);
|     // y = 0 0x2a 0 0x11
|     __m128i ma = _mm_max_epi32(x, y);
|     __m128i mi = _mm_min_epi32(x, y);
|     __m128i z = _mm_xor_si128(mi, ma);
|     int ok0 = _mm_testz_si128(z, z);
|     __m128i c = _mm_cmpeq_epi64(x, y);
|     int ok1 = _mm_extract_epi32(c, 0) && _mm_extract_epi32(c, 1);
|     return (ok0 && ok1) ? EXIT_SUCCESS : EXIT_FAILURE;
| }
| 
configure:22450: /usr/bin/cc -o conftest -std=c99 -W -Wall -O2  -I/usr/local/include -I/home/pperrier/Documents/block_wiedemann/cado-nfs -msse3 -mssse3 -msse4.1  -Wl,-rpath,/usr/local/lib -L/usr/local/lib conftest.c  >&5
configure:22450: $? = 0
configure:22450: ./conftest
configure:22450: $? = 0
configure:22481: result: yes, with -msse4.1
configure:22501: checking whether -msse4.1 is also needed by the preprocessor
configure:22536: /usr/bin/cc -E  conftest.c
configure:22536: $? = 0
configure:22590: result: no
configure:22602: checking whether /usr/bin/cc can compile and run pclmul code
configure:22658: /usr/bin/cc -o conftest -std=c99 -W -Wall -O2  -I/usr/local/include -I/home/pperrier/Documents/block_wiedemann/cado-nfs -msse3 -mssse3 -msse4.1  -Wl,-rpath,/usr/local/lib -L/usr/local/lib conftest.c  >&5
In file included from conftest.c:34:
/usr/lib/gcc/x86_64-linux-gnu/13/include/wmmintrin.h: In function 'main':
/usr/lib/gcc/x86_64-linux-gnu/13/include/wmmintrin.h:116:1: error: inlining failed in call to 'always_inline' '_mm_clmulepi64_si128': target specific option mismatch
  116 | _mm_clmulepi64_si128 (__m128i __X, __m128i __Y, const int __I)
      | ^~~~~~~~~~~~~~~~~~~~
conftest.c:53:15: note: called from here
   53 |     proxy.s = _mm_clmulepi64_si128(a, b, 0);
      |               ^~~~~~~~~~~~~~~~~~~~~~~~~~~~~
/usr/lib/gcc/x86_64-linux-gnu/13/include/wmmintrin.h:116:1: error: inlining failed in call to 'always_inline' '_mm_clmulepi64_si128': target specific option mismatch
  116 | _mm_clmulepi64_si128 (__m128i __X, __m128i __Y, const int __I)
      | ^~~~~~~~~~~~~~~~~~~~
conftest.c:53:15: note: called from here
   53 |     proxy.s = _mm_clmulepi64_si128(a, b, 0);
      |               ^~~~~~~~~~~~~~~~~~~~~~~~~~~~~
configure:22658: $? = 1
configure: program exited with status 1
configure: failed program was:
| /* confdefs.h */
| #define PACKAGE_NAME "gf2x"
| #define PACKAGE_TARNAME "gf2x"
| #define PACKAGE_VERSION "1.3.99"
| #define PACKAGE_STRING "gf2x 1.3.99"
| #define PACKAGE_BUGREPORT ""
| #define PACKAGE_URL ""
| #define HAVE_STDIO_H 1
| #define HAVE_STDLIB_H 1
| #define HAVE_STRING_H 1
| #define HAVE_INTTYPES_H 1
| #define HAVE_STDINT_H 1
| #define HAVE_STRINGS_H 1
| #define HAVE_SYS_STAT_H 1
| #define HAVE_SYS_TYPES_H 1
| #define HAVE_UNISTD_H 1
| #define STDC_HEADERS 1
| #define HAVE_ALLOCA_H 1
| #define HAVE_ALLOCA 1
| #define PACKAGE "gf2x"
| #define VERSION "1.3.99"
| #define HAVE_DLFCN_H 1
| #define LT_OBJDIR ".libs/"
| #define HAVE_HIDDEN_VISIBILITY_ATTRIBUTE 1
| #define HAVE_NONCONSTANT_CLOCK 1
| #define SIZEOF_UNSIGNED_LONG 8
| #define GF2X_HAVE_SSE2_SUPPORT 1
| #define GF2X_HAVE_SSE3_SUPPORT 1
| #define GF2X_HAVE_SSSE3_SUPPORT 1
| #define GF2X_HAVE_SSE41_SUPPORT 1
| /* end confdefs.h.  */
| 
| #include <stdint.h>
| #include <wmmintrin.h>
| #include <assert.h>
| 
| int main() {
|     assert(sizeof(unsigned long) == 8); /* assume 64-bit */
| #if defined(__GNUC__) && __GNUC__ == 4 &&__GNUC_MINOR__ == 1
| #define _gf2x_mm_cvtsi64_m64(u) _mm_cvtsi64x_m64((u))
| #else
| #define _gf2x_mm_cvtsi64_m64(u) _mm_cvtsi64_m64((u))
| #endif
|     /* _m128i from 2 int64_t's */
| #define _gf2x_mm_setr_epi64(lo, hi)                                         _mm_setr_epi64(                                                                 _gf2x_mm_cvtsi64_m64((int64_t) (lo)),                                   _gf2x_mm_cvtsi64_m64((int64_t) (hi))                                    )
|     /* _m128i from 1 int64_t's */
| #define _gf2x_mm_set1_epi64(u) _mm_set1_epi64( _gf2x_mm_cvtsi64_m64((int64_t) (u)))
|     volatile int a0 = 17;
|     volatile int a1 = 42;
|     __m128i a = _gf2x_mm_set1_epi64(a0);
|     __m128i b = _gf2x_mm_set1_epi64(a1);
|     union { __m128i s; unsigned long x[2]; } proxy;
|     proxy.s = _mm_clmulepi64_si128(a, b, 0);
|     return proxy.x[0] - 650;
| }
| 
configure:22711: /usr/bin/cc -o conftest -std=c99 -W -Wall -O2  -I/usr/local/include -I/home/pperrier/Documents/block_wiedemann/cado-nfs -msse3 -mssse3 -msse4.1 -mpclmul  -Wl,-rpath,/usr/local/lib -L/usr/local/lib conftest.c  >&5
configure:22711: $? = 0
configure:22711: ./conftest
configure:22711: $? = 0
configure:22742: result: yes, with -mpclmul
configure:22762: checking whether -mpclmul is also needed by the preprocessor
configure:22802: /usr/bin/cc -E  conftest.c
configure:22802: $? = 0
configure:22861: result: no
configure:22878: checking whether /usr/bin/cc understands -march=native
configure:22898: /usr/bin/cc -c -std=c99 -W -Wall -O2  -I/usr/local/include -I/home/pperrier/Documents/block_wiedemann/cado-nfs -msse3 -mssse3 -msse4.1 -mpclmul -march=native  conftest.c >&5
configure:22898: $? = 0
configure:22937: result: yes
configure:22947: checking whether /usr/bin/cc understands -mtune=native
configure:22967: /usr/bin/cc -c -std=c99 -W -Wall -O2  -I/usr/local/include -I/home/pperrier/Documents/block_wiedemann/cado-nfs -msse3 -mssse3 -msse4.1 -mpclmul -march=native -mtune=native  conftest.c >&5
configure:22967: $? = 0
configure:22978: result: yes
configure:23155: using ABI="default"
configure:23157:       CC="/usr/bin/cc"
configure:23159:       CFLAGS="-std=c99 -W -Wall -O2  -I/usr/local/include -I/home/pperrier/Documents/block_wiedemann/cado-nfs -msse3 -mssse3 -msse4.1 -mpclmul -march=native -mtune=native"
configure:23161:       CPPFLAGS=""
configure:23163:       hwdir="x86_64_pclmul"
configure:23194: checking the number of bits in an unsigned long
configure:23234: /usr/bin/cc -o conftest -std=c99 -W -Wall -O2  -I/usr/local/include -I/home/pperrier/Documents/block_wiedemann/cado-nfs -msse3 -mssse3 -msse4.1 -mpclmul -march=native -mtune=native  -Wl,-rpath,/usr/local/lib -L/usr/local/lib conftest.c  >&5
configure:23234: $? = 0
configure:23234: ./conftest
configure:23234: $? = 0
configure:23263: result: 64
configure:23267: checking whether already_tuned/x86_64_pclmul/ is right assuming 64-bits unsigned longs
configure:23272: result: yes
configure:23443: checking that generated files are newer than configure
configure:23449: result: done
configure:23524: creating ./config.status

## ---------------------- ##
## Running config.status. ##
## ---------------------- ##

This file was extended by gf2x config.status 1.3.99, which was
generated by GNU Autoconf 2.72.  Invocation command line was

  CONFIG_FILES    = 
  CONFIG_HEADERS  = 
  CONFIG_LINKS    = 
  CONFIG_COMMANDS = 
  $ ./config.status 

on stagiaire-perrier

config.status:1211: creating version.sh
config.status:1211: creating Makefile
config.status:1211: creating tests/Makefile
config.status:1211: creating lowlevel/Makefile
config.status:1211: creating src/Makefile
config.status:1211: creating fft/Makefile
config.status:1211: creating gf2x.h.in
config.status:1211: creating gf2x.pc
config.status:1211: creating gf2x/gf2x-config.h
config.status:1211: creating gf2x/gf2x-config-export.h
config.status:1211: creating gf2x.h
config.status:1437: linking /home/pperrier/Documents/block_wiedemann/cado-nfs/gf2x/already_tuned/x86_64_pclmul/gf2x-thresholds.h to gf2x/gf2x-thresholds.h
config.status:1437: linking /home/pperrier/Documents/block_wiedemann/cado-nfs/gf2x/already_tuned/x86_64_pclmul/gf2x_mul1.h to gf2x/gf2x_mul1.h
config.status:1437: linking /home/pperrier/Documents/block_wiedemann/cado-nfs/gf2x/already_tuned/x86_64_pclmul/gf2x_mul2.h to gf2x/gf2x_mul2.h
config.status:1437: linking /home/pperrier/Documents/block_wiedemann/cado-nfs/gf2x/already_tuned/x86_64_pclmul/gf2x_mul3.h to gf2x/gf2x_mul3.h
config.status:1437: linking /home/pperrier/Documents/block_wiedemann/cado-nfs/gf2x/already_tuned/x86_64_pclmul/gf2x_mul4.h to gf2x/gf2x_mul4.h
config.status:1437: linking /home/pperrier/Documents/block_wiedemann/cado-nfs/gf2x/already_tuned/x86_64_pclmul/gf2x_mul5.h to gf2x/gf2x_mul5.h
config.status:1437: linking /home/pperrier/Documents/block_wiedemann/cado-nfs/gf2x/already_tuned/x86_64_pclmul/gf2x_mul6.h to gf2x/gf2x_mul6.h
config.status:1437: linking /home/pperrier/Documents/block_wiedemann/cado-nfs/gf2x/already_tuned/x86_64_pclmul/gf2x_mul7.h to gf2x/gf2x_mul7.h
config.status:1437: linking /home/pperrier/Documents/block_wiedemann/cado-nfs/gf2x/already_tuned/x86_64_pclmul/gf2x_mul8.h to gf2x/gf2x_mul8.h
config.status:1437: linking /home/pperrier/Documents/block_wiedemann/cado-nfs/gf2x/already_tuned/x86_64_pclmul/gf2x_mul9.h to gf2x/gf2x_mul9.h
config.status:1456: executing depfiles commands
config.status:1456: executing libtool commands

## ---------------- ##
## Cache variables. ##
## ---------------- ##

ac_cv_build=x86_64-pc-linux-gnu
ac_cv_c_compiler_gnu=yes
ac_cv_cxx_compiler_gnu=yes
ac_cv_env_CCC_set=
ac_cv_env_CCC_value=
ac_cv_env_CC_FOR_BUILD_set=
ac_cv_env_CC_FOR_BUILD_value=
ac_cv_env_CC_set=set
ac_cv_env_CC_value=/usr/bin/cc
ac_cv_env_CFLAGS_set=set
ac_cv_env_CFLAGS_value='-std=c99 -W -Wall -O2  -I/usr/local/include -I/home/pperrier/Documents/block_wiedemann/cado-nfs'
ac_cv_env_CPPFLAGS_set=
ac_cv_env_CPPFLAGS_value=
ac_cv_env_CPP_set=
ac_cv_env_CPP_value=
ac_cv_env_CXXCPP_set=
ac_cv_env_CXXCPP_value=
ac_cv_env_CXXFLAGS_set=set
ac_cv_env_CXXFLAGS_value='-export-dynamic -std=c++11 -Wno-c++11-compat -W -Wall -O2  -Wno-literal-suffix -I/usr/local/include -I/home/pperrier/Documents/block_wiedemann/cado-nfs'
ac_cv_env_CXX_set=set
ac_cv_env_CXX_value=/usr/bin/c++
ac_cv_env_LDFLAGS_set=set
ac_cv_env_LDFLAGS_value='-Wl,-rpath,/usr/local/lib -L/usr/local/lib'
ac_cv_env_LIBS_set=
ac_cv_env_LIBS_value=
ac_cv_env_LT_SYS_LIBRARY_PATH_set=
ac_cv_env_LT_SYS_LIBRARY_PATH_value=
ac_cv_env_build_alias_set=
ac_cv_env_build_alias_value=
ac_cv_env_host_alias_set=
ac_cv_env_host_alias_value=
ac_cv_env_target_alias_set=
ac_cv_env_target_alias_value=
ac_cv_func_alloca_works=yes
ac_cv_header_dlfcn_h=yes
ac_cv_header_inttypes_h=yes
ac_cv_header_stdint_h=yes
ac_cv_header_stdio_h=yes
ac_cv_header_stdlib_h=yes
ac_cv_header_string_h=yes
ac_cv_header_strings_h=yes
ac_cv_header_sys_stat_h=yes
ac_cv_header_sys_types_h=yes
ac_cv_header_unistd_h=yes
ac_cv_host=x86_64-pc-linux-gnu
ac_cv_objext=o
ac_cv_path_EGREP='/usr/bin/grep -E'
ac_cv_path_EGREP_TRADITIONAL='/usr/bin/grep -E'
ac_cv_path_FGREP='/usr/bin/grep -F'
ac_cv_path_GREP=/usr/bin/grep
ac_cv_path_SED=/usr/bin/sed
ac_cv_path_install='/usr/bin/install -c'
ac_cv_path_lt_DD=/usr/bin/dd
ac_cv_path_mkdir=/usr/bin/mkdir
ac_cv_prog_AWK=mawk
ac_cv_prog_CPP='/usr/bin/cc -E'
ac_cv_prog_CXXCPP='/usr/bin/c++ -E'
ac_cv_prog_FILECMD=file
ac_cv_prog_ac_ct_AR=ar
ac_cv_prog_ac_ct_CC=/usr/bin/cc
ac_cv_prog_ac_ct_MANIFEST_TOOL=mt
ac_cv_prog_ac_ct_OBJDUMP=objdump
ac_cv_prog_ac_ct_RANLIB=ranlib
ac_cv_prog_ac_ct_STRIP=strip
ac_cv_prog_cc_c11=no
ac_cv_prog_cc_c99=
ac_cv_prog_cc_g=yes
ac_cv_prog_cc_stdc=
ac_cv_prog_cxx_cxx11=
ac_cv_prog_cxx_g=yes
ac_cv_prog_cxx_stdcxx=
ac_cv_prog_make_make_set=yes
ac_cv_sizeof_unsigned_long=8
ac_cv_target=x86_64-pc-linux-gnu
ac_cv_type_size_t=yes
ac_cv_working_alloca_h=yes
am_cv_CC_dependencies_compiler_type=none
am_cv_CXX_dependencies_compiler_type=none
am_cv_filesystem_timestamp_resolution=0.01
am_cv_make_support_nested_variables=yes
am_cv_prog_cc_c_o=yes
am_cv_sleep_fractional_seconds=yes
am_cv_xargs_n_works=yes
ax_cv_c_compiler_vendor=gnu
ax_cv_c_compiler_version=13.3.0
gf2x_cv_cc_supports_march_native=yes
gf2x_cv_cc_supports_mtune_native=yes
gf2x_cv_cc_supports_pclmul='yes, with -mpclmul'
gf2x_cv_cc_supports_sse2=yes
gf2x_cv_cc_supports_sse3='yes, with -msse3'
gf2x_cv_cc_supports_sse41='yes, with -msse4.1'
gf2x_cv_cc_supports_ssse3='yes, with -mssse3'
gf2x_cv_clock_is_not_constant=yes
gf2x_cv_cpp_needs_mpclmul_flag=no
gf2x_cv_cpp_needs_msse3_flag=no
gf2x_cv_cpp_needs_msse41_flag=no
gf2x_cv_cpp_needs_mssse3_flag=no
gf2x_cv_hidden_visibility_attribute=yes
gf2x_cv_prog_exeext_for_build=
gf2x_cv_ulongbits=64
lt_cv_ar_at_file=@
lt_cv_deplibs_check_method=pass_all
lt_cv_file_magic_cmd='$MAGIC_CMD'
lt_cv_file_magic_test_file=
lt_cv_ld_reload_flag=-r
lt_cv_nm_interface='BSD nm'
lt_cv_objdir=.libs
lt_cv_path_LD=/usr/bin/ld
lt_cv_path_LDCXX='/usr/bin/ld -m elf_x86_64'
lt_cv_path_NM='/usr/bin/nm -B'
lt_cv_path_manifest_tool=no
lt_cv_prog_compiler_c_o=yes
lt_cv_prog_compiler_c_o_CXX=yes
lt_cv_prog_compiler_pic='-fPIC -DPIC'
lt_cv_prog_compiler_pic_CXX='-fPIC -DPIC'
lt_cv_prog_compiler_pic_works=yes
lt_cv_prog_compiler_pic_works_CXX=yes
lt_cv_prog_compiler_rtti_exceptions=no
lt_cv_prog_compiler_static_works=yes
lt_cv_prog_compiler_static_works_CXX=yes
lt_cv_prog_gnu_ld=yes
lt_cv_prog_gnu_ldcxx=yes
lt_cv_sharedlib_from_linklib_cmd='printf %s\n'
lt_cv_shlibpath_overrides_runpath=yes
lt_cv_sys_global_symbol_pipe='/usr/bin/sed -n -e '\''s/^.*[	 ]\([ABCDGIRSTW][ABCDGIRSTW]*\)[	 ][	 ]*\([_A-Za-z][_A-Za-z0-9]*\)$/\1 \2 \2/p'\'' | /usr/bin/sed '\''/ __gnu_lto/d'\'''
lt_cv_sys_global_symbol_to_c_name_address='/usr/bin/sed -n -e '\''s/^: \(.*\) .*$/  {"\1", (void *) 0},/p'\'' -e '\''s/^[ABCDGIRSTW][ABCDGIRSTW]* .* \(.*\)$/  {"\1", (void *) \&\1},/p'\'''
lt_cv_sys_global_symbol_to_c_name_address_lib_prefix='/usr/bin/sed -n -e '\''s/^: \(.*\) .*$/  {"\1", (void *) 0},/p'\'' -e '\''s/^[ABCDGIRSTW][ABCDGIRSTW]* .* \(lib.*\)$/  {"\1", (void *) \&\1},/p'\'' -e '\''s/^[ABCDGIRSTW][ABCDGIRSTW]* .* \(.*\)$/  {"lib\1", (void *) \&\1},/p'\'''
lt_cv_sys_global_symbol_to_cdecl='/usr/bin/sed -n -e '\''s/^T .* \(.*\)$/extern int \1();/p'\'' -e '\''s/^[ABCDGIRSTW][ABCDGIRSTW]* .* \(.*\)$/extern char \1;/p'\'''
lt_cv_sys_global_symbol_to_import=
lt_cv_sys_max_cmd_len=1572864
lt_cv_to_host_file_cmd=func_convert_file_noop
lt_cv_to_tool_file_cmd=func_convert_file_noop
lt_cv_truncate_bin='/usr/bin/dd bs=4096 count=1'

## ----------------- ##
## Output variables. ##
## ----------------- ##

ACLOCAL='${SHELL} '\''/home/pperrier/Documents/block_wiedemann/cado-nfs/gf2x/config/missing'\'' aclocal-1.17'
ALLOCA=''
AMDEPBACKSLASH=''
AMDEP_FALSE=''
AMDEP_TRUE='#'
AMTAR='$${TAR-tar}'
AM_BACKSLASH='\'
AM_DEFAULT_V='$(AM_DEFAULT_VERBOSITY)'
AM_DEFAULT_VERBOSITY='1'
AM_V='$(V)'
AR='ar'
AUTOCONF='${SHELL} '\''/home/pperrier/Documents/block_wiedemann/cado-nfs/gf2x/config/missing'\'' autoconf'
AUTOHEADER='${SHELL} '\''/home/pperrier/Documents/block_wiedemann/cado-nfs/gf2x/config/missing'\'' autoheader'
AUTOMAKE='${SHELL} '\''/home/pperrier/Documents/block_wiedemann/cado-nfs/gf2x/config/missing'\'' automake-1.17'
AWK='mawk'
CC='/usr/bin/cc'
CCDEPMODE='depmode=none'
CC_FOR_BUILD='/usr/bin/cc'
CFLAGS='-std=c99 -W -Wall -O2  -I/usr/local/include -I/home/pperrier/Documents/block_wiedemann/cado-nfs -msse3 -mssse3 -msse4.1 -mpclmul -march=native -mtune=native'
CPP='/usr/bin/cc -E'
CPPFLAGS=''
CSCOPE='cscope'
CTAGS='ctags'
CXX='/usr/bin/c++'
CXXCPP='/usr/bin/c++ -E'
CXXDEPMODE='depmode=none'
CXXFLAGS='-export-dynamic -std=c++11 -Wno-c++11-compat -W -Wall -O2  -Wno-literal-suffix -I/usr/local/include -I/home/pperrier/Documents/block_wiedemann/cado-nfs -Wall -W'
CYGPATH_W='echo'
DEFS='-DHAVE_CONFIG_H'
DEPDIR='.deps'
DLLTOOL='false'
DSYMUTIL=''
DUMPBIN=''
ECHO_C=''
ECHO_N='-n'
ECHO_T=''
EGREP='/usr/bin/grep -E'
ETAGS='etags'
EXEEXT=''
EXEEXT_FOR_BUILD=''
FGREP='/usr/bin/grep -F'
FILECMD='file'
GF2X_32BIT_SOURCES_FALSE=''
GF2X_32BIT_SOURCES_TRUE='#'
GF2X_64BIT_SOURCES_FALSE='#'
GF2X_64BIT_SOURCES_TRUE=''
GF2X_PCLMUL_AVAILABLE_FALSE='#'
GF2X_PCLMUL_AVAILABLE_TRUE=''
GF2X_SSE2_AVAILABLE_FALSE='#'
GF2X_SSE2_AVAILABLE_TRUE=''
GF2X_VERSION_MAJOR='1'
GF2X_VERSION_MINOR='3'
GF2X_VERSION_PATCHLEVEL='99'
GF2X_WORDSIZE='64'
GPL_CODE_PRESENT_FALSE=''
GPL_CODE_PRESENT_TRUE='#'
GREP='/usr/bin/grep'
HAVE_HIDDEN_VISIBILITY_ATTRIBUTE_FALSE='#'
HAVE_HIDDEN_VISIBILITY_ATTRIBUTE_TRUE=''
HAVE_NONCONSTANT_CLOCK_FALSE='#'
HAVE_NONCONSTANT_CLOCK_TRUE=''
INSTALL_DATA='${INSTALL} -m 644'
INSTALL_PROGRAM='${INSTALL}'
INSTALL_SCRIPT='${INSTALL}'
INSTALL_STRIP_PROGRAM='$(install_sh) -c -s'
LD='/usr/bin/ld -m elf_x86_64'
LDFLAGS='-Wl,-rpath,/usr/local/lib -L/usr/local/lib'
LIBOBJS=''
LIBS=''
LIBTOOL='$(SHELL) $(top_builddir)/libtool'
LIPO=''
LN_S='ln -s'
LTLIBOBJS=''
LT_SYS_LIBRARY_PATH=''
MAINT='#'
MAINTAINER_MODE_FALSE=''
MAINTAINER_MODE_TRUE='#'
MAKEINFO='${SHELL} '\''/home/pperrier/Documents/block_wiedemann/cado-nfs/gf2x/config/missing'\'' makeinfo'
MANIFEST_TOOL=':'
MKDIR_P='/usr/bin/mkdir -p'
NM='/usr/bin/nm -B'
NMEDIT=''
OBJDUMP='objdump'
OBJEXT='o'
OTOOL64=''
OTOOL=''
PACKAGE='gf2x'
PACKAGE_BUGREPORT=''
PACKAGE_NAME='gf2x'
PACKAGE_STRING='gf2x 1.3.99'
PACKAGE_TARNAME='gf2x'
PACKAGE_URL=''
PACKAGE_VERSION='1.3.99'
PATH_SEPARATOR=':'
RANLIB='ranlib'
SED='/usr/bin/sed'
SET_MAKE=''
SHELL='/bin/bash'
STRIP='strip'
VERSION='1.3.99'
WORDSIZE_IS_64_FALSE='#'
WORDSIZE_IS_64_TRUE=''
ac_ct_AR='ar'
ac_ct_CC='/usr/bin/cc'
ac_ct_CXX=''
ac_ct_DUMPBIN=''
am__EXEEXT_FALSE=''
am__EXEEXT_TRUE='#'
am__fastdepCC_FALSE=''
am__fastdepCC_TRUE='#'
am__fastdepCXX_FALSE=''
am__fastdepCXX_TRUE='#'
am__include='include'
am__isrc=' -I$(srcdir)'
am__leading_dot='.'
am__nodep=''
am__quote=''
am__rm_f_notfound=''
am__tar='$${TAR-tar} chof - "$$tardir"'
am__untar='$${TAR-tar} xf -'
am__xargs_n='xargs -n'
bindir='${exec_prefix}/bin'
build='x86_64-pc-linux-gnu'
build_alias=''
build_cpu='x86_64'
build_os='linux-gnu'
build_vendor='pc'
datadir='${datarootdir}'
datarootdir='${prefix}/share'
docdir='${datarootdir}/doc/${PACKAGE_TARNAME}'
dvidir='${docdir}'
exec_prefix='${prefix}'
gf2x_lib_version='4:0:0'
host='x86_64-pc-linux-gnu'
host_alias=''
host_cpu='x86_64'
host_os='linux-gnu'
host_vendor='pc'
htmldir='${docdir}'
includedir='${prefix}/include'
infodir='${datarootdir}/info'
install_sh='${SHELL} /home/pperrier/Documents/block_wiedemann/cado-nfs/gf2x/config/install-sh'
libdir='/home/pperrier/Documents/block_wiedemann/cado-nfs/installed/lib/cado-nfs-3.0.0/gf2x'
libexecdir='${exec_prefix}/libexec'
localedir='${datarootdir}/locale'
localstatedir='${prefix}/var'
mandir='${datarootdir}/man'
mkdir_p='$(MKDIR_P)'
oldincludedir='/usr/include'
pdfdir='${docdir}'
prefix='/home/pperrier/Documents/block_wiedemann/cado-nfs/installed'
program_transform_name='s,x,x,'
psdir='${docdir}'
runstatedir='${localstatedir}/run'
sbindir='${exec_prefix}/sbin'
sharedstatedir='${prefix}/com'
sysconfdir='${prefix}/etc'
target='x86_64-pc-linux-gnu'
target_alias=''
target_cpu='x86_64'
target_os='linux-gnu'
target_vendor='pc'

## ----------- ##
## confdefs.h. ##
## ----------- ##

/* confdefs.h */
#define PACKAGE_NAME "gf2x"
#define PACKAGE_TARNAME "gf2x"
#define PACKAGE_VERSION "1.3.99"
#define PACKAGE_STRING "gf2x 1.3.99"
#define PACKAGE_BUGREPORT ""
#define PACKAGE_URL ""
#define HAVE_STDIO_H 1
#define HAVE_STDLIB_H 1
#define HAVE_STRING_H 1
#define HAVE_INTTYPES_H 1
#define HAVE_STDINT_H 1
#define HAVE_STRINGS_H 1
#define HAVE_SYS_STAT_H 1
#define HAVE_SYS_TYPES_H 1
#define HAVE_UNISTD_H 1
#define STDC_HEADERS 1
#define HAVE_ALLOCA_H 1
#define HAVE_ALLOCA 1
#define PACKAGE "gf2x"
#define VERSION "1.3.99"
#define HAVE_DLFCN_H 1
#define LT_OBJDIR ".libs/"
#define HAVE_HIDDEN_VISIBILITY_ATTRIBUTE 1
#define HAVE_NONCONSTANT_CLOCK 1
#define SIZEOF_UNSIGNED_LONG 8
#define GF2X_HAVE_SSE2_SUPPORT 1
#define GF2X_HAVE_SSE3_SUPPORT 1
#define GF2X_HAVE_SSSE3_SUPPORT 1
#define GF2X_HAVE_SSE41_SUPPORT 1
#define GF2X_HAVE_PCLMUL_SUPPORT 1
#define GPL_CODE_PRESENT 0
#define GF2X_IS_LGPL_VARIANT 1

configure: exit 0
