Performing C++ SOURCE FILE Test UINT64_T_IS_EXACTLY_UNSIGNED_LONG succeeded with the following output:
Change Dir: '/home/pperrier/Documents/block_wiedemann/cado-nfs/build/stagiaire-perrier/CMakeFiles/CMakeTmp'

Run Build Command(s): /usr/bin/cmake -E env VERBOSE=1 make -f Makefile cmTC_31b8e/fast
make[1]: Entering directory '/home/pperrier/Documents/block_wiedemann/cado-nfs/build/stagiaire-perrier/CMakeFiles/CMakeTmp'
make  -f CMakeFiles/cmTC_31b8e.dir/build.make CMakeFiles/cmTC_31b8e.dir/build
make[2]: Entering directory '/home/pperrier/Documents/block_wiedemann/cado-nfs/build/stagiaire-perrier/CMakeFiles/CMakeTmp'
Building CXX object CMakeFiles/cmTC_31b8e.dir/src.cxx.o
/usr/bin/c++   -export-dynamic -std=c++11 -Wno-c++11-compat -W -Wall -O2  -Wno-literal-suffix -DUINT64_T_IS_EXACTLY_UNSIGNED_LONG -o CMakeFiles/cmTC_31b8e.dir/src.cxx.o -c /home/pperrier/Documents/block_wiedemann/cado-nfs/build/stagiaire-perrier/CMakeFiles/CMakeTmp/src.cxx
Linking CXX executable cmTC_31b8e
/usr/bin/cmake -E cmake_link_script CMakeFiles/cmTC_31b8e.dir/link.txt --verbose=1
/usr/bin/c++ -export-dynamic -std=c++11 -Wno-c++11-compat -W -Wall -O2  -Wno-literal-suffix -DUINT64_T_IS_EXACTLY_UNSIGNED_LONG CMakeFiles/cmTC_31b8e.dir/src.cxx.o -o cmTC_31b8e   -L/usr/local/lib  -Wl,-rpath,/usr/local/lib -lgmp 
make[2]: Leaving directory '/home/pperrier/Documents/block_wiedemann/cado-nfs/build/stagiaire-perrier/CMakeFiles/CMakeTmp'
make[1]: Leaving directory '/home/pperrier/Documents/block_wiedemann/cado-nfs/build/stagiaire-perrier/CMakeFiles/CMakeTmp'


Source file was:

#include <type_traits>
#include <stdint.h>
#include <stdio.h>
#include <gmp.h>
int main()
{
    static_assert(std::is_same<uint64_t, unsigned long>::value, "not this type");
    return 0;
}

Performing C++ SOURCE FILE Test UINT64_T_IS_COMPATIBLE_WITH_UNSIGNED_LONG_LONG succeeded with the following output:
Change Dir: '/home/pperrier/Documents/block_wiedemann/cado-nfs/build/stagiaire-perrier/CMakeFiles/CMakeTmp'

Run Build Command(s): /usr/bin/cmake -E env VERBOSE=1 make -f Makefile cmTC_22880/fast
make[1]: Entering directory '/home/pperrier/Documents/block_wiedemann/cado-nfs/build/stagiaire-perrier/CMakeFiles/CMakeTmp'
make  -f CMakeFiles/cmTC_22880.dir/build.make CMakeFiles/cmTC_22880.dir/build
make[2]: Entering directory '/home/pperrier/Documents/block_wiedemann/cado-nfs/build/stagiaire-perrier/CMakeFiles/CMakeTmp'
Building CXX object CMakeFiles/cmTC_22880.dir/src.cxx.o
/usr/bin/c++   -export-dynamic -std=c++11 -Wno-c++11-compat -W -Wall -O2  -Wno-literal-suffix -DUINT64_T_IS_COMPATIBLE_WITH_UNSIGNED_LONG_LONG -o CMakeFiles/cmTC_22880.dir/src.cxx.o -c /home/pperrier/Documents/block_wiedemann/cado-nfs/build/stagiaire-perrier/CMakeFiles/CMakeTmp/src.cxx
Linking CXX executable cmTC_22880
/usr/bin/cmake -E cmake_link_script CMakeFiles/cmTC_22880.dir/link.txt --verbose=1
/usr/bin/c++ -export-dynamic -std=c++11 -Wno-c++11-compat -W -Wall -O2  -Wno-literal-suffix -DUINT64_T_IS_COMPATIBLE_WITH_UNSIGNED_LONG_LONG CMakeFiles/cmTC_22880.dir/src.cxx.o -o cmTC_22880   -L/usr/local/lib  -Wl,-rpath,/usr/local/lib -lgmp 
make[2]: Leaving directory '/home/pperrier/Documents/block_wiedemann/cado-nfs/build/stagiaire-perrier/CMakeFiles/CMakeTmp'
make[1]: Leaving directory '/home/pperrier/Documents/block_wiedemann/cado-nfs/build/stagiaire-perrier/CMakeFiles/CMakeTmp'


Source file was:

#include <type_traits>
#include <stdint.h>
#include <stdio.h>
#include <gmp.h>
int main()
{
    static_assert(std::is_same<uint64_t, unsigned long long>::value ||
        (sizeof(uint64_t) == sizeof(unsigned long long)
        && std::is_signed<uint64_t>::value == std::is_signed<unsigned long long>::value)
        , "not this type");
    return 0;
}

Performing C++ SOURCE FILE Test UNSIGNED_LONG_LONG_IS_COMPATIBLE_WITH_UNSIGNED_LONG succeeded with the following output:
Change Dir: '/home/pperrier/Documents/block_wiedemann/cado-nfs/build/stagiaire-perrier/CMakeFiles/CMakeTmp'

Run Build Command(s): /usr/bin/cmake -E env VERBOSE=1 make -f Makefile cmTC_a7a69/fast
make[1]: Entering directory '/home/pperrier/Documents/block_wiedemann/cado-nfs/build/stagiaire-perrier/CMakeFiles/CMakeTmp'
make  -f CMakeFiles/cmTC_a7a69.dir/build.make CMakeFiles/cmTC_a7a69.dir/build
make[2]: Entering directory '/home/pperrier/Documents/block_wiedemann/cado-nfs/build/stagiaire-perrier/CMakeFiles/CMakeTmp'
Building CXX object CMakeFiles/cmTC_a7a69.dir/src.cxx.o
/usr/bin/c++   -export-dynamic -std=c++11 -Wno-c++11-compat -W -Wall -O2  -Wno-literal-suffix -DUNSIGNED_LONG_LONG_IS_COMPATIBLE_WITH_UNSIGNED_LONG -o CMakeFiles/cmTC_a7a69.dir/src.cxx.o -c /home/pperrier/Documents/block_wiedemann/cado-nfs/build/stagiaire-perrier/CMakeFiles/CMakeTmp/src.cxx
Linking CXX executable cmTC_a7a69
/usr/bin/cmake -E cmake_link_script CMakeFiles/cmTC_a7a69.dir/link.txt --verbose=1
/usr/bin/c++ -export-dynamic -std=c++11 -Wno-c++11-compat -W -Wall -O2  -Wno-literal-suffix -DUNSIGNED_LONG_LONG_IS_COMPATIBLE_WITH_UNSIGNED_LONG CMakeFiles/cmTC_a7a69.dir/src.cxx.o -o cmTC_a7a69   -L/usr/local/lib  -Wl,-rpath,/usr/local/lib -lgmp 
make[2]: Leaving directory '/home/pperrier/Documents/block_wiedemann/cado-nfs/build/stagiaire-perrier/CMakeFiles/CMakeTmp'
make[1]: Leaving directory '/home/pperrier/Documents/block_wiedemann/cado-nfs/build/stagiaire-perrier/CMakeFiles/CMakeTmp'


Source file was:

#include <type_traits>
#include <stdint.h>
#include <stdio.h>
#include <gmp.h>
int main()
{
    static_assert(std::is_same<unsigned long long, unsigned long>::value ||
        (sizeof(unsigned long long) == sizeof(unsigned long)
        && std::is_signed<unsigned long long>::value == std::is_signed<unsigned long>::value)
        , "not this type");
    return 0;
}

Performing C++ SOURCE FILE Test SIZE_T_IS_EXACTLY_UNSIGNED_LONG succeeded with the following output:
Change Dir: '/home/pperrier/Documents/block_wiedemann/cado-nfs/build/stagiaire-perrier/CMakeFiles/CMakeTmp'

Run Build Command(s): /usr/bin/cmake -E env VERBOSE=1 make -f Makefile cmTC_6019c/fast
make[1]: Entering directory '/home/pperrier/Documents/block_wiedemann/cado-nfs/build/stagiaire-perrier/CMakeFiles/CMakeTmp'
make  -f CMakeFiles/cmTC_6019c.dir/build.make CMakeFiles/cmTC_6019c.dir/build
make[2]: Entering directory '/home/pperrier/Documents/block_wiedemann/cado-nfs/build/stagiaire-perrier/CMakeFiles/CMakeTmp'
Building CXX object CMakeFiles/cmTC_6019c.dir/src.cxx.o
/usr/bin/c++   -export-dynamic -std=c++11 -Wno-c++11-compat -W -Wall -O2  -Wno-literal-suffix -DSIZE_T_IS_EXACTLY_UNSIGNED_LONG -o CMakeFiles/cmTC_6019c.dir/src.cxx.o -c /home/pperrier/Documents/block_wiedemann/cado-nfs/build/stagiaire-perrier/CMakeFiles/CMakeTmp/src.cxx
Linking CXX executable cmTC_6019c
/usr/bin/cmake -E cmake_link_script CMakeFiles/cmTC_6019c.dir/link.txt --verbose=1
/usr/bin/c++ -export-dynamic -std=c++11 -Wno-c++11-compat -W -Wall -O2  -Wno-literal-suffix -DSIZE_T_IS_EXACTLY_UNSIGNED_LONG CMakeFiles/cmTC_6019c.dir/src.cxx.o -o cmTC_6019c   -L/usr/local/lib  -Wl,-rpath,/usr/local/lib -lgmp 
make[2]: Leaving directory '/home/pperrier/Documents/block_wiedemann/cado-nfs/build/stagiaire-perrier/CMakeFiles/CMakeTmp'
make[1]: Leaving directory '/home/pperrier/Documents/block_wiedemann/cado-nfs/build/stagiaire-perrier/CMakeFiles/CMakeTmp'


Source file was:

#include <type_traits>
#include <stdint.h>
#include <stdio.h>
#include <gmp.h>
int main()
{
    static_assert(std::is_same<size_t, unsigned long>::value, "not this type");
    return 0;
}

Performing C++ SOURCE FILE Test SIZE_T_IS_COMPATIBLE_WITH_UNSIGNED_LONG_LONG succeeded with the following output:
Change Dir: '/home/pperrier/Documents/block_wiedemann/cado-nfs/build/stagiaire-perrier/CMakeFiles/CMakeTmp'

Run Build Command(s): /usr/bin/cmake -E env VERBOSE=1 make -f Makefile cmTC_7ce70/fast
make[1]: Entering directory '/home/pperrier/Documents/block_wiedemann/cado-nfs/build/stagiaire-perrier/CMakeFiles/CMakeTmp'
make  -f CMakeFiles/cmTC_7ce70.dir/build.make CMakeFiles/cmTC_7ce70.dir/build
make[2]: Entering directory '/home/pperrier/Documents/block_wiedemann/cado-nfs/build/stagiaire-perrier/CMakeFiles/CMakeTmp'
Building CXX object CMakeFiles/cmTC_7ce70.dir/src.cxx.o
/usr/bin/c++   -export-dynamic -std=c++11 -Wno-c++11-compat -W -Wall -O2  -Wno-literal-suffix -DSIZE_T_IS_COMPATIBLE_WITH_UNSIGNED_LONG_LONG -o CMakeFiles/cmTC_7ce70.dir/src.cxx.o -c /home/pperrier/Documents/block_wiedemann/cado-nfs/build/stagiaire-perrier/CMakeFiles/CMakeTmp/src.cxx
Linking CXX executable cmTC_7ce70
/usr/bin/cmake -E cmake_link_script CMakeFiles/cmTC_7ce70.dir/link.txt --verbose=1
/usr/bin/c++ -export-dynamic -std=c++11 -Wno-c++11-compat -W -Wall -O2  -Wno-literal-suffix -DSIZE_T_IS_COMPATIBLE_WITH_UNSIGNED_LONG_LONG CMakeFiles/cmTC_7ce70.dir/src.cxx.o -o cmTC_7ce70   -L/usr/local/lib  -Wl,-rpath,/usr/local/lib -lgmp 
make[2]: Leaving directory '/home/pperrier/Documents/block_wiedemann/cado-nfs/build/stagiaire-perrier/CMakeFiles/CMakeTmp'
make[1]: Leaving directory '/home/pperrier/Documents/block_wiedemann/cado-nfs/build/stagiaire-perrier/CMakeFiles/CMakeTmp'


Source file was:

#include <type_traits>
#include <stdint.h>
#include <stdio.h>
#include <gmp.h>
int main()
{
    static_assert(std::is_same<size_t, unsigned long long>::value ||
        (sizeof(size_t) == sizeof(unsigned long long)
        && std::is_signed<size_t>::value == std::is_signed<unsigned long long>::value)
        , "not this type");
    return 0;
}

Performing C++ SOURCE FILE Test MP_LIMB_T_IS_EXACTLY_UNSIGNED_LONG succeeded with the following output:
Change Dir: '/home/pperrier/Documents/block_wiedemann/cado-nfs/build/stagiaire-perrier/CMakeFiles/CMakeTmp'

Run Build Command(s): /usr/bin/cmake -E env VERBOSE=1 make -f Makefile cmTC_ef42a/fast
make[1]: Entering directory '/home/pperrier/Documents/block_wiedemann/cado-nfs/build/stagiaire-perrier/CMakeFiles/CMakeTmp'
make  -f CMakeFiles/cmTC_ef42a.dir/build.make CMakeFiles/cmTC_ef42a.dir/build
make[2]: Entering directory '/home/pperrier/Documents/block_wiedemann/cado-nfs/build/stagiaire-perrier/CMakeFiles/CMakeTmp'
Building CXX object CMakeFiles/cmTC_ef42a.dir/src.cxx.o
/usr/bin/c++   -export-dynamic -std=c++11 -Wno-c++11-compat -W -Wall -O2  -Wno-literal-suffix -DMP_LIMB_T_IS_EXACTLY_UNSIGNED_LONG -o CMakeFiles/cmTC_ef42a.dir/src.cxx.o -c /home/pperrier/Documents/block_wiedemann/cado-nfs/build/stagiaire-perrier/CMakeFiles/CMakeTmp/src.cxx
Linking CXX executable cmTC_ef42a
/usr/bin/cmake -E cmake_link_script CMakeFiles/cmTC_ef42a.dir/link.txt --verbose=1
/usr/bin/c++ -export-dynamic -std=c++11 -Wno-c++11-compat -W -Wall -O2  -Wno-literal-suffix -DMP_LIMB_T_IS_EXACTLY_UNSIGNED_LONG CMakeFiles/cmTC_ef42a.dir/src.cxx.o -o cmTC_ef42a   -L/usr/local/lib  -Wl,-rpath,/usr/local/lib -lgmp 
make[2]: Leaving directory '/home/pperrier/Documents/block_wiedemann/cado-nfs/build/stagiaire-perrier/CMakeFiles/CMakeTmp'
make[1]: Leaving directory '/home/pperrier/Documents/block_wiedemann/cado-nfs/build/stagiaire-perrier/CMakeFiles/CMakeTmp'


Source file was:

#include <type_traits>
#include <stdint.h>
#include <stdio.h>
#include <gmp.h>
int main()
{
    static_assert(std::is_same<mp_limb_t, unsigned long>::value, "not this type");
    return 0;
}

Performing C++ SOURCE FILE Test MP_LIMB_T_IS_COMPATIBLE_WITH_UNSIGNED_LONG_LONG succeeded with the following output:
Change Dir: '/home/pperrier/Documents/block_wiedemann/cado-nfs/build/stagiaire-perrier/CMakeFiles/CMakeTmp'

Run Build Command(s): /usr/bin/cmake -E env VERBOSE=1 make -f Makefile cmTC_ea615/fast
make[1]: Entering directory '/home/pperrier/Documents/block_wiedemann/cado-nfs/build/stagiaire-perrier/CMakeFiles/CMakeTmp'
make  -f CMakeFiles/cmTC_ea615.dir/build.make CMakeFiles/cmTC_ea615.dir/build
make[2]: Entering directory '/home/pperrier/Documents/block_wiedemann/cado-nfs/build/stagiaire-perrier/CMakeFiles/CMakeTmp'
Building CXX object CMakeFiles/cmTC_ea615.dir/src.cxx.o
/usr/bin/c++   -export-dynamic -std=c++11 -Wno-c++11-compat -W -Wall -O2  -Wno-literal-suffix -DMP_LIMB_T_IS_COMPATIBLE_WITH_UNSIGNED_LONG_LONG -o CMakeFiles/cmTC_ea615.dir/src.cxx.o -c /home/pperrier/Documents/block_wiedemann/cado-nfs/build/stagiaire-perrier/CMakeFiles/CMakeTmp/src.cxx
Linking CXX executable cmTC_ea615
/usr/bin/cmake -E cmake_link_script CMakeFiles/cmTC_ea615.dir/link.txt --verbose=1
/usr/bin/c++ -export-dynamic -std=c++11 -Wno-c++11-compat -W -Wall -O2  -Wno-literal-suffix -DMP_LIMB_T_IS_COMPATIBLE_WITH_UNSIGNED_LONG_LONG CMakeFiles/cmTC_ea615.dir/src.cxx.o -o cmTC_ea615   -L/usr/local/lib  -Wl,-rpath,/usr/local/lib -lgmp 
make[2]: Leaving directory '/home/pperrier/Documents/block_wiedemann/cado-nfs/build/stagiaire-perrier/CMakeFiles/CMakeTmp'
make[1]: Leaving directory '/home/pperrier/Documents/block_wiedemann/cado-nfs/build/stagiaire-perrier/CMakeFiles/CMakeTmp'


Source file was:

#include <type_traits>
#include <stdint.h>
#include <stdio.h>
#include <gmp.h>
int main()
{
    static_assert(std::is_same<mp_limb_t, unsigned long long>::value ||
        (sizeof(mp_limb_t) == sizeof(unsigned long long)
        && std::is_signed<mp_limb_t>::value == std::is_signed<unsigned long long>::value)
        , "not this type");
    return 0;
}

Performing C++ SOURCE FILE Test UINT32_T_IS_EXACTLY_UNSIGNED succeeded with the following output:
Change Dir: '/home/pperrier/Documents/block_wiedemann/cado-nfs/build/stagiaire-perrier/CMakeFiles/CMakeTmp'

Run Build Command(s): /usr/bin/cmake -E env VERBOSE=1 make -f Makefile cmTC_18715/fast
make[1]: Entering directory '/home/pperrier/Documents/block_wiedemann/cado-nfs/build/stagiaire-perrier/CMakeFiles/CMakeTmp'
make  -f CMakeFiles/cmTC_18715.dir/build.make CMakeFiles/cmTC_18715.dir/build
make[2]: Entering directory '/home/pperrier/Documents/block_wiedemann/cado-nfs/build/stagiaire-perrier/CMakeFiles/CMakeTmp'
Building CXX object CMakeFiles/cmTC_18715.dir/src.cxx.o
/usr/bin/c++   -export-dynamic -std=c++11 -Wno-c++11-compat -W -Wall -O2  -Wno-literal-suffix -DUINT32_T_IS_EXACTLY_UNSIGNED -o CMakeFiles/cmTC_18715.dir/src.cxx.o -c /home/pperrier/Documents/block_wiedemann/cado-nfs/build/stagiaire-perrier/CMakeFiles/CMakeTmp/src.cxx
Linking CXX executable cmTC_18715
/usr/bin/cmake -E cmake_link_script CMakeFiles/cmTC_18715.dir/link.txt --verbose=1
/usr/bin/c++ -export-dynamic -std=c++11 -Wno-c++11-compat -W -Wall -O2  -Wno-literal-suffix -DUINT32_T_IS_EXACTLY_UNSIGNED CMakeFiles/cmTC_18715.dir/src.cxx.o -o cmTC_18715   -L/usr/local/lib  -Wl,-rpath,/usr/local/lib -lgmp 
make[2]: Leaving directory '/home/pperrier/Documents/block_wiedemann/cado-nfs/build/stagiaire-perrier/CMakeFiles/CMakeTmp'
make[1]: Leaving directory '/home/pperrier/Documents/block_wiedemann/cado-nfs/build/stagiaire-perrier/CMakeFiles/CMakeTmp'


Source file was:

#include <type_traits>
#include <stdint.h>
#include <stdio.h>
#include <gmp.h>
int main()
{
    static_assert(std::is_same<uint32_t, unsigned int>::value, "not this type");
    return 0;
}

Performing C++ SOURCE FILE Test INT64_T_IS_EXACTLY_LONG succeeded with the following output:
Change Dir: '/home/pperrier/Documents/block_wiedemann/cado-nfs/build/stagiaire-perrier/CMakeFiles/CMakeTmp'

Run Build Command(s): /usr/bin/cmake -E env VERBOSE=1 make -f Makefile cmTC_137fd/fast
make[1]: Entering directory '/home/pperrier/Documents/block_wiedemann/cado-nfs/build/stagiaire-perrier/CMakeFiles/CMakeTmp'
make  -f CMakeFiles/cmTC_137fd.dir/build.make CMakeFiles/cmTC_137fd.dir/build
make[2]: Entering directory '/home/pperrier/Documents/block_wiedemann/cado-nfs/build/stagiaire-perrier/CMakeFiles/CMakeTmp'
Building CXX object CMakeFiles/cmTC_137fd.dir/src.cxx.o
/usr/bin/c++   -export-dynamic -std=c++11 -Wno-c++11-compat -W -Wall -O2  -Wno-literal-suffix -DINT64_T_IS_EXACTLY_LONG -o CMakeFiles/cmTC_137fd.dir/src.cxx.o -c /home/pperrier/Documents/block_wiedemann/cado-nfs/build/stagiaire-perrier/CMakeFiles/CMakeTmp/src.cxx
Linking CXX executable cmTC_137fd
/usr/bin/cmake -E cmake_link_script CMakeFiles/cmTC_137fd.dir/link.txt --verbose=1
/usr/bin/c++ -export-dynamic -std=c++11 -Wno-c++11-compat -W -Wall -O2  -Wno-literal-suffix -DINT64_T_IS_EXACTLY_LONG CMakeFiles/cmTC_137fd.dir/src.cxx.o -o cmTC_137fd   -L/usr/local/lib  -Wl,-rpath,/usr/local/lib -lgmp 
make[2]: Leaving directory '/home/pperrier/Documents/block_wiedemann/cado-nfs/build/stagiaire-perrier/CMakeFiles/CMakeTmp'
make[1]: Leaving directory '/home/pperrier/Documents/block_wiedemann/cado-nfs/build/stagiaire-perrier/CMakeFiles/CMakeTmp'


Source file was:

#include <type_traits>
#include <stdint.h>
#include <stdio.h>
#include <gmp.h>
int main()
{
    static_assert(std::is_same<int64_t, long>::value, "not this type");
    return 0;
}

Performing C++ SOURCE FILE Test INT64_T_IS_COMPATIBLE_WITH_LONG_LONG succeeded with the following output:
Change Dir: '/home/pperrier/Documents/block_wiedemann/cado-nfs/build/stagiaire-perrier/CMakeFiles/CMakeTmp'

Run Build Command(s): /usr/bin/cmake -E env VERBOSE=1 make -f Makefile cmTC_a7b85/fast
make[1]: Entering directory '/home/pperrier/Documents/block_wiedemann/cado-nfs/build/stagiaire-perrier/CMakeFiles/CMakeTmp'
make  -f CMakeFiles/cmTC_a7b85.dir/build.make CMakeFiles/cmTC_a7b85.dir/build
make[2]: Entering directory '/home/pperrier/Documents/block_wiedemann/cado-nfs/build/stagiaire-perrier/CMakeFiles/CMakeTmp'
Building CXX object CMakeFiles/cmTC_a7b85.dir/src.cxx.o
/usr/bin/c++   -export-dynamic -std=c++11 -Wno-c++11-compat -W -Wall -O2  -Wno-literal-suffix -DINT64_T_IS_COMPATIBLE_WITH_LONG_LONG -o CMakeFiles/cmTC_a7b85.dir/src.cxx.o -c /home/pperrier/Documents/block_wiedemann/cado-nfs/build/stagiaire-perrier/CMakeFiles/CMakeTmp/src.cxx
Linking CXX executable cmTC_a7b85
/usr/bin/cmake -E cmake_link_script CMakeFiles/cmTC_a7b85.dir/link.txt --verbose=1
/usr/bin/c++ -export-dynamic -std=c++11 -Wno-c++11-compat -W -Wall -O2  -Wno-literal-suffix -DINT64_T_IS_COMPATIBLE_WITH_LONG_LONG CMakeFiles/cmTC_a7b85.dir/src.cxx.o -o cmTC_a7b85   -L/usr/local/lib  -Wl,-rpath,/usr/local/lib -lgmp 
make[2]: Leaving directory '/home/pperrier/Documents/block_wiedemann/cado-nfs/build/stagiaire-perrier/CMakeFiles/CMakeTmp'
make[1]: Leaving directory '/home/pperrier/Documents/block_wiedemann/cado-nfs/build/stagiaire-perrier/CMakeFiles/CMakeTmp'


Source file was:

#include <type_traits>
#include <stdint.h>
#include <stdio.h>
#include <gmp.h>
int main()
{
    static_assert(std::is_same<int64_t, long long>::value ||
        (sizeof(int64_t) == sizeof(long long)
        && std::is_signed<int64_t>::value == std::is_signed<long long>::value)
        , "not this type");
    return 0;
}

Performing C++ SOURCE FILE Test LONG_LONG_IS_COMPATIBLE_WITH_LONG succeeded with the following output:
Change Dir: '/home/pperrier/Documents/block_wiedemann/cado-nfs/build/stagiaire-perrier/CMakeFiles/CMakeTmp'

Run Build Command(s): /usr/bin/cmake -E env VERBOSE=1 make -f Makefile cmTC_8289a/fast
make[1]: Entering directory '/home/pperrier/Documents/block_wiedemann/cado-nfs/build/stagiaire-perrier/CMakeFiles/CMakeTmp'
make  -f CMakeFiles/cmTC_8289a.dir/build.make CMakeFiles/cmTC_8289a.dir/build
make[2]: Entering directory '/home/pperrier/Documents/block_wiedemann/cado-nfs/build/stagiaire-perrier/CMakeFiles/CMakeTmp'
Building CXX object CMakeFiles/cmTC_8289a.dir/src.cxx.o
/usr/bin/c++   -export-dynamic -std=c++11 -Wno-c++11-compat -W -Wall -O2  -Wno-literal-suffix -DLONG_LONG_IS_COMPATIBLE_WITH_LONG -o CMakeFiles/cmTC_8289a.dir/src.cxx.o -c /home/pperrier/Documents/block_wiedemann/cado-nfs/build/stagiaire-perrier/CMakeFiles/CMakeTmp/src.cxx
Linking CXX executable cmTC_8289a
/usr/bin/cmake -E cmake_link_script CMakeFiles/cmTC_8289a.dir/link.txt --verbose=1
/usr/bin/c++ -export-dynamic -std=c++11 -Wno-c++11-compat -W -Wall -O2  -Wno-literal-suffix -DLONG_LONG_IS_COMPATIBLE_WITH_LONG CMakeFiles/cmTC_8289a.dir/src.cxx.o -o cmTC_8289a   -L/usr/local/lib  -Wl,-rpath,/usr/local/lib -lgmp 
make[2]: Leaving directory '/home/pperrier/Documents/block_wiedemann/cado-nfs/build/stagiaire-perrier/CMakeFiles/CMakeTmp'
make[1]: Leaving directory '/home/pperrier/Documents/block_wiedemann/cado-nfs/build/stagiaire-perrier/CMakeFiles/CMakeTmp'


Source file was:

#include <type_traits>
#include <stdint.h>
#include <stdio.h>
#include <gmp.h>
int main()
{
    static_assert(std::is_same<long long, long>::value ||
        (sizeof(long long) == sizeof(long)
        && std::is_signed<long long>::value == std::is_signed<long>::value)
        , "not this type");
    return 0;
}

Performing C++ SOURCE FILE Test SSIZE_T_IS_EXACTLY_LONG succeeded with the following output:
Change Dir: '/home/pperrier/Documents/block_wiedemann/cado-nfs/build/stagiaire-perrier/CMakeFiles/CMakeTmp'

Run Build Command(s): /usr/bin/cmake -E env VERBOSE=1 make -f Makefile cmTC_96705/fast
make[1]: Entering directory '/home/pperrier/Documents/block_wiedemann/cado-nfs/build/stagiaire-perrier/CMakeFiles/CMakeTmp'
make  -f CMakeFiles/cmTC_96705.dir/build.make CMakeFiles/cmTC_96705.dir/build
make[2]: Entering directory '/home/pperrier/Documents/block_wiedemann/cado-nfs/build/stagiaire-perrier/CMakeFiles/CMakeTmp'
Building CXX object CMakeFiles/cmTC_96705.dir/src.cxx.o
/usr/bin/c++   -export-dynamic -std=c++11 -Wno-c++11-compat -W -Wall -O2  -Wno-literal-suffix -DSSIZE_T_IS_EXACTLY_LONG -o CMakeFiles/cmTC_96705.dir/src.cxx.o -c /home/pperrier/Documents/block_wiedemann/cado-nfs/build/stagiaire-perrier/CMakeFiles/CMakeTmp/src.cxx
Linking CXX executable cmTC_96705
/usr/bin/cmake -E cmake_link_script CMakeFiles/cmTC_96705.dir/link.txt --verbose=1
/usr/bin/c++ -export-dynamic -std=c++11 -Wno-c++11-compat -W -Wall -O2  -Wno-literal-suffix -DSSIZE_T_IS_EXACTLY_LONG CMakeFiles/cmTC_96705.dir/src.cxx.o -o cmTC_96705   -L/usr/local/lib  -Wl,-rpath,/usr/local/lib -lgmp 
make[2]: Leaving directory '/home/pperrier/Documents/block_wiedemann/cado-nfs/build/stagiaire-perrier/CMakeFiles/CMakeTmp'
make[1]: Leaving directory '/home/pperrier/Documents/block_wiedemann/cado-nfs/build/stagiaire-perrier/CMakeFiles/CMakeTmp'


Source file was:

#include <type_traits>
#include <stdint.h>
#include <stdio.h>
#include <gmp.h>
int main()
{
    static_assert(std::is_same<ssize_t, long>::value, "not this type");
    return 0;
}

Performing C++ SOURCE FILE Test SSIZE_T_IS_COMPATIBLE_WITH_LONG_LONG succeeded with the following output:
Change Dir: '/home/pperrier/Documents/block_wiedemann/cado-nfs/build/stagiaire-perrier/CMakeFiles/CMakeTmp'

Run Build Command(s): /usr/bin/cmake -E env VERBOSE=1 make -f Makefile cmTC_cb926/fast
make[1]: Entering directory '/home/pperrier/Documents/block_wiedemann/cado-nfs/build/stagiaire-perrier/CMakeFiles/CMakeTmp'
make  -f CMakeFiles/cmTC_cb926.dir/build.make CMakeFiles/cmTC_cb926.dir/build
make[2]: Entering directory '/home/pperrier/Documents/block_wiedemann/cado-nfs/build/stagiaire-perrier/CMakeFiles/CMakeTmp'
Building CXX object CMakeFiles/cmTC_cb926.dir/src.cxx.o
/usr/bin/c++   -export-dynamic -std=c++11 -Wno-c++11-compat -W -Wall -O2  -Wno-literal-suffix -DSSIZE_T_IS_COMPATIBLE_WITH_LONG_LONG -o CMakeFiles/cmTC_cb926.dir/src.cxx.o -c /home/pperrier/Documents/block_wiedemann/cado-nfs/build/stagiaire-perrier/CMakeFiles/CMakeTmp/src.cxx
Linking CXX executable cmTC_cb926
/usr/bin/cmake -E cmake_link_script CMakeFiles/cmTC_cb926.dir/link.txt --verbose=1
/usr/bin/c++ -export-dynamic -std=c++11 -Wno-c++11-compat -W -Wall -O2  -Wno-literal-suffix -DSSIZE_T_IS_COMPATIBLE_WITH_LONG_LONG CMakeFiles/cmTC_cb926.dir/src.cxx.o -o cmTC_cb926   -L/usr/local/lib  -Wl,-rpath,/usr/local/lib -lgmp 
make[2]: Leaving directory '/home/pperrier/Documents/block_wiedemann/cado-nfs/build/stagiaire-perrier/CMakeFiles/CMakeTmp'
make[1]: Leaving directory '/home/pperrier/Documents/block_wiedemann/cado-nfs/build/stagiaire-perrier/CMakeFiles/CMakeTmp'


Source file was:

#include <type_traits>
#include <stdint.h>
#include <stdio.h>
#include <gmp.h>
int main()
{
    static_assert(std::is_same<ssize_t, long long>::value ||
        (sizeof(ssize_t) == sizeof(long long)
        && std::is_signed<ssize_t>::value == std::is_signed<long long>::value)
        , "not this type");
    return 0;
}

Performing C++ SOURCE FILE Test INT32_T_IS_EXACTLY_INT succeeded with the following output:
Change Dir: '/home/pperrier/Documents/block_wiedemann/cado-nfs/build/stagiaire-perrier/CMakeFiles/CMakeTmp'

Run Build Command(s): /usr/bin/cmake -E env VERBOSE=1 make -f Makefile cmTC_e6372/fast
make[1]: Entering directory '/home/pperrier/Documents/block_wiedemann/cado-nfs/build/stagiaire-perrier/CMakeFiles/CMakeTmp'
make  -f CMakeFiles/cmTC_e6372.dir/build.make CMakeFiles/cmTC_e6372.dir/build
make[2]: Entering directory '/home/pperrier/Documents/block_wiedemann/cado-nfs/build/stagiaire-perrier/CMakeFiles/CMakeTmp'
Building CXX object CMakeFiles/cmTC_e6372.dir/src.cxx.o
/usr/bin/c++   -export-dynamic -std=c++11 -Wno-c++11-compat -W -Wall -O2  -Wno-literal-suffix -DINT32_T_IS_EXACTLY_INT -o CMakeFiles/cmTC_e6372.dir/src.cxx.o -c /home/pperrier/Documents/block_wiedemann/cado-nfs/build/stagiaire-perrier/CMakeFiles/CMakeTmp/src.cxx
Linking CXX executable cmTC_e6372
/usr/bin/cmake -E cmake_link_script CMakeFiles/cmTC_e6372.dir/link.txt --verbose=1
/usr/bin/c++ -export-dynamic -std=c++11 -Wno-c++11-compat -W -Wall -O2  -Wno-literal-suffix -DINT32_T_IS_EXACTLY_INT CMakeFiles/cmTC_e6372.dir/src.cxx.o -o cmTC_e6372   -L/usr/local/lib  -Wl,-rpath,/usr/local/lib -lgmp 
make[2]: Leaving directory '/home/pperrier/Documents/block_wiedemann/cado-nfs/build/stagiaire-perrier/CMakeFiles/CMakeTmp'
make[1]: Leaving directory '/home/pperrier/Documents/block_wiedemann/cado-nfs/build/stagiaire-perrier/CMakeFiles/CMakeTmp'


Source file was:

#include <type_traits>
#include <stdint.h>
#include <stdio.h>
#include <gmp.h>
int main()
{
    static_assert(std::is_same<int32_t, int>::value, "not this type");
    return 0;
}

Performing C++ SOURCE FILE Test MP_SIZE_T_IS_COMPATIBLE_WITH_LONG_LONG succeeded with the following output:
Change Dir: '/home/pperrier/Documents/block_wiedemann/cado-nfs/build/stagiaire-perrier/CMakeFiles/CMakeTmp'

Run Build Command(s): /usr/bin/cmake -E env VERBOSE=1 make -f Makefile cmTC_e044c/fast
make[1]: Entering directory '/home/pperrier/Documents/block_wiedemann/cado-nfs/build/stagiaire-perrier/CMakeFiles/CMakeTmp'
make  -f CMakeFiles/cmTC_e044c.dir/build.make CMakeFiles/cmTC_e044c.dir/build
make[2]: Entering directory '/home/pperrier/Documents/block_wiedemann/cado-nfs/build/stagiaire-perrier/CMakeFiles/CMakeTmp'
Building CXX object CMakeFiles/cmTC_e044c.dir/src.cxx.o
/usr/bin/c++   -export-dynamic -std=c++11 -Wno-c++11-compat -W -Wall -O2  -Wno-literal-suffix -DMP_SIZE_T_IS_COMPATIBLE_WITH_LONG_LONG -o CMakeFiles/cmTC_e044c.dir/src.cxx.o -c /home/pperrier/Documents/block_wiedemann/cado-nfs/build/stagiaire-perrier/CMakeFiles/CMakeTmp/src.cxx
Linking CXX executable cmTC_e044c
/usr/bin/cmake -E cmake_link_script CMakeFiles/cmTC_e044c.dir/link.txt --verbose=1
/usr/bin/c++ -export-dynamic -std=c++11 -Wno-c++11-compat -W -Wall -O2  -Wno-literal-suffix -DMP_SIZE_T_IS_COMPATIBLE_WITH_LONG_LONG CMakeFiles/cmTC_e044c.dir/src.cxx.o -o cmTC_e044c   -L/usr/local/lib  -Wl,-rpath,/usr/local/lib -lgmp 
make[2]: Leaving directory '/home/pperrier/Documents/block_wiedemann/cado-nfs/build/stagiaire-perrier/CMakeFiles/CMakeTmp'
make[1]: Leaving directory '/home/pperrier/Documents/block_wiedemann/cado-nfs/build/stagiaire-perrier/CMakeFiles/CMakeTmp'


Source file was:

#include <type_traits>
#include <stdint.h>
#include <stdio.h>
#include <gmp.h>
int main()
{
    static_assert(std::is_same<mp_size_t, long long>::value ||
        (sizeof(mp_size_t) == sizeof(long long)
        && std::is_signed<mp_size_t>::value == std::is_signed<long long>::value)
        , "not this type");
    return 0;
}

Performing C++ SOURCE FILE Test MP_SIZE_T_IS_EXACTLY_LONG succeeded with the following output:
Change Dir: '/home/pperrier/Documents/block_wiedemann/cado-nfs/build/stagiaire-perrier/CMakeFiles/CMakeTmp'

Run Build Command(s): /usr/bin/cmake -E env VERBOSE=1 make -f Makefile cmTC_ea172/fast
make[1]: Entering directory '/home/pperrier/Documents/block_wiedemann/cado-nfs/build/stagiaire-perrier/CMakeFiles/CMakeTmp'
make  -f CMakeFiles/cmTC_ea172.dir/build.make CMakeFiles/cmTC_ea172.dir/build
make[2]: Entering directory '/home/pperrier/Documents/block_wiedemann/cado-nfs/build/stagiaire-perrier/CMakeFiles/CMakeTmp'
Building CXX object CMakeFiles/cmTC_ea172.dir/src.cxx.o
/usr/bin/c++   -export-dynamic -std=c++11 -Wno-c++11-compat -W -Wall -O2  -Wno-literal-suffix -DMP_SIZE_T_IS_EXACTLY_LONG -o CMakeFiles/cmTC_ea172.dir/src.cxx.o -c /home/pperrier/Documents/block_wiedemann/cado-nfs/build/stagiaire-perrier/CMakeFiles/CMakeTmp/src.cxx
Linking CXX executable cmTC_ea172
/usr/bin/cmake -E cmake_link_script CMakeFiles/cmTC_ea172.dir/link.txt --verbose=1
/usr/bin/c++ -export-dynamic -std=c++11 -Wno-c++11-compat -W -Wall -O2  -Wno-literal-suffix -DMP_SIZE_T_IS_EXACTLY_LONG CMakeFiles/cmTC_ea172.dir/src.cxx.o -o cmTC_ea172   -L/usr/local/lib  -Wl,-rpath,/usr/local/lib -lgmp 
make[2]: Leaving directory '/home/pperrier/Documents/block_wiedemann/cado-nfs/build/stagiaire-perrier/CMakeFiles/CMakeTmp'
make[1]: Leaving directory '/home/pperrier/Documents/block_wiedemann/cado-nfs/build/stagiaire-perrier/CMakeFiles/CMakeTmp'


Source file was:

#include <type_traits>
#include <stdint.h>
#include <stdio.h>
#include <gmp.h>
int main()
{
    static_assert(std::is_same<mp_size_t, long>::value, "not this type");
    return 0;
}

Performing C++ SOURCE FILE Test MPZ_INTERNAL_SIZE_T_IS_EXACTLY_INT succeeded with the following output:
Change Dir: '/home/pperrier/Documents/block_wiedemann/cado-nfs/build/stagiaire-perrier/CMakeFiles/CMakeTmp'

Run Build Command(s): /usr/bin/cmake -E env VERBOSE=1 make -f Makefile cmTC_ab083/fast
make[1]: Entering directory '/home/pperrier/Documents/block_wiedemann/cado-nfs/build/stagiaire-perrier/CMakeFiles/CMakeTmp'
make  -f CMakeFiles/cmTC_ab083.dir/build.make CMakeFiles/cmTC_ab083.dir/build
make[2]: Entering directory '/home/pperrier/Documents/block_wiedemann/cado-nfs/build/stagiaire-perrier/CMakeFiles/CMakeTmp'
Building CXX object CMakeFiles/cmTC_ab083.dir/src.cxx.o
/usr/bin/c++   -export-dynamic -std=c++11 -Wno-c++11-compat -W -Wall -O2  -Wno-literal-suffix -DMPZ_INTERNAL_SIZE_T_IS_EXACTLY_INT -o CMakeFiles/cmTC_ab083.dir/src.cxx.o -c /home/pperrier/Documents/block_wiedemann/cado-nfs/build/stagiaire-perrier/CMakeFiles/CMakeTmp/src.cxx
Linking CXX executable cmTC_ab083
/usr/bin/cmake -E cmake_link_script CMakeFiles/cmTC_ab083.dir/link.txt --verbose=1
/usr/bin/c++ -export-dynamic -std=c++11 -Wno-c++11-compat -W -Wall -O2  -Wno-literal-suffix -DMPZ_INTERNAL_SIZE_T_IS_EXACTLY_INT CMakeFiles/cmTC_ab083.dir/src.cxx.o -o cmTC_ab083   -L/usr/local/lib  -Wl,-rpath,/usr/local/lib -lgmp 
make[2]: Leaving directory '/home/pperrier/Documents/block_wiedemann/cado-nfs/build/stagiaire-perrier/CMakeFiles/CMakeTmp'
make[1]: Leaving directory '/home/pperrier/Documents/block_wiedemann/cado-nfs/build/stagiaire-perrier/CMakeFiles/CMakeTmp'


Source file was:

#include <type_traits>
#include <stdint.h>
#include <stdio.h>
#include <gmp.h>
int main()
{
    static_assert(std::is_same<decltype(__mpz_struct::_mp_size), int>::value, "not this type");
    return 0;
}

Determining if the function log2 exists passed with the following output:
Change Dir: '/home/pperrier/Documents/block_wiedemann/cado-nfs/build/stagiaire-perrier/CMakeFiles/CMakeTmp'

Run Build Command(s): /usr/bin/cmake -E env VERBOSE=1 make -f Makefile cmTC_78137/fast
make[1]: Entering directory '/home/pperrier/Documents/block_wiedemann/cado-nfs/build/stagiaire-perrier/CMakeFiles/CMakeTmp'
make  -f CMakeFiles/cmTC_78137.dir/build.make CMakeFiles/cmTC_78137.dir/build
make[2]: Entering directory '/home/pperrier/Documents/block_wiedemann/cado-nfs/build/stagiaire-perrier/CMakeFiles/CMakeTmp'
Building C object CMakeFiles/cmTC_78137.dir/CheckFunctionExists.c.o
/usr/bin/cc   -std=c99 -W -Wall -O2  -msse3 -mssse3 -msse4.1 -mpopcnt -mavx -mpclmul -mavx2 -DCHECK_FUNCTION_EXISTS=log2 -o CMakeFiles/cmTC_78137.dir/CheckFunctionExists.c.o -c /usr/share/cmake-3.28/Modules/CheckFunctionExists.c
<command-line>: warning: conflicting types for built-in function ‘log2’; expected ‘double(double)’ [-Wbuiltin-declaration-mismatch]
/usr/share/cmake-3.28/Modules/CheckFunctionExists.c:7:3: note: in expansion of macro ‘CHECK_FUNCTION_EXISTS’
    7 |   CHECK_FUNCTION_EXISTS(void);
      |   ^~~~~~~~~~~~~~~~~~~~~
/usr/share/cmake-3.28/Modules/CheckFunctionExists.c:1:1: note: ‘log2’ is declared in header ‘<math.h>’
  +++ |+#include <math.h>
    1 | #ifdef CHECK_FUNCTION_EXISTS
Linking C executable cmTC_78137
/usr/bin/cmake -E cmake_link_script CMakeFiles/cmTC_78137.dir/link.txt --verbose=1
/usr/bin/cc -std=c99 -W -Wall -O2  -msse3 -mssse3 -msse4.1 -mpopcnt -mavx -mpclmul -mavx2 -DCHECK_FUNCTION_EXISTS=log2 CMakeFiles/cmTC_78137.dir/CheckFunctionExists.c.o -o cmTC_78137  -lm 
make[2]: Leaving directory '/home/pperrier/Documents/block_wiedemann/cado-nfs/build/stagiaire-perrier/CMakeFiles/CMakeTmp'
make[1]: Leaving directory '/home/pperrier/Documents/block_wiedemann/cado-nfs/build/stagiaire-perrier/CMakeFiles/CMakeTmp'



Determining if the function exp2 exists passed with the following output:
Change Dir: '/home/pperrier/Documents/block_wiedemann/cado-nfs/build/stagiaire-perrier/CMakeFiles/CMakeTmp'

Run Build Command(s): /usr/bin/cmake -E env VERBOSE=1 make -f Makefile cmTC_02bf4/fast
make[1]: Entering directory '/home/pperrier/Documents/block_wiedemann/cado-nfs/build/stagiaire-perrier/CMakeFiles/CMakeTmp'
make  -f CMakeFiles/cmTC_02bf4.dir/build.make CMakeFiles/cmTC_02bf4.dir/build
make[2]: Entering directory '/home/pperrier/Documents/block_wiedemann/cado-nfs/build/stagiaire-perrier/CMakeFiles/CMakeTmp'
Building C object CMakeFiles/cmTC_02bf4.dir/CheckFunctionExists.c.o
/usr/bin/cc   -std=c99 -W -Wall -O2  -msse3 -mssse3 -msse4.1 -mpopcnt -mavx -mpclmul -mavx2 -DCHECK_FUNCTION_EXISTS=exp2 -o CMakeFiles/cmTC_02bf4.dir/CheckFunctionExists.c.o -c /usr/share/cmake-3.28/Modules/CheckFunctionExists.c
<command-line>: warning: conflicting types for built-in function ‘exp2’; expected ‘double(double)’ [-Wbuiltin-declaration-mismatch]
/usr/share/cmake-3.28/Modules/CheckFunctionExists.c:7:3: note: in expansion of macro ‘CHECK_FUNCTION_EXISTS’
    7 |   CHECK_FUNCTION_EXISTS(void);
      |   ^~~~~~~~~~~~~~~~~~~~~
/usr/share/cmake-3.28/Modules/CheckFunctionExists.c:1:1: note: ‘exp2’ is declared in header ‘<math.h>’
  +++ |+#include <math.h>
    1 | #ifdef CHECK_FUNCTION_EXISTS
Linking C executable cmTC_02bf4
/usr/bin/cmake -E cmake_link_script CMakeFiles/cmTC_02bf4.dir/link.txt --verbose=1
/usr/bin/cc -std=c99 -W -Wall -O2  -msse3 -mssse3 -msse4.1 -mpopcnt -mavx -mpclmul -mavx2 -DCHECK_FUNCTION_EXISTS=exp2 CMakeFiles/cmTC_02bf4.dir/CheckFunctionExists.c.o -o cmTC_02bf4  -lm 
make[2]: Leaving directory '/home/pperrier/Documents/block_wiedemann/cado-nfs/build/stagiaire-perrier/CMakeFiles/CMakeTmp'
make[1]: Leaving directory '/home/pperrier/Documents/block_wiedemann/cado-nfs/build/stagiaire-perrier/CMakeFiles/CMakeTmp'



Determining if the function cabsl exists passed with the following output:
Change Dir: '/home/pperrier/Documents/block_wiedemann/cado-nfs/build/stagiaire-perrier/CMakeFiles/CMakeTmp'

Run Build Command(s): /usr/bin/cmake -E env VERBOSE=1 make -f Makefile cmTC_5f9ff/fast
make[1]: Entering directory '/home/pperrier/Documents/block_wiedemann/cado-nfs/build/stagiaire-perrier/CMakeFiles/CMakeTmp'
make  -f CMakeFiles/cmTC_5f9ff.dir/build.make CMakeFiles/cmTC_5f9ff.dir/build
make[2]: Entering directory '/home/pperrier/Documents/block_wiedemann/cado-nfs/build/stagiaire-perrier/CMakeFiles/CMakeTmp'
Building C object CMakeFiles/cmTC_5f9ff.dir/CheckFunctionExists.c.o
/usr/bin/cc   -std=c99 -W -Wall -O2  -msse3 -mssse3 -msse4.1 -mpopcnt -mavx -mpclmul -mavx2 -DCHECK_FUNCTION_EXISTS=cabsl -o CMakeFiles/cmTC_5f9ff.dir/CheckFunctionExists.c.o -c /usr/share/cmake-3.28/Modules/CheckFunctionExists.c
<command-line>: warning: conflicting types for built-in function ‘cabsl’; expected ‘long double(_Complex long double)’ [-Wbuiltin-declaration-mismatch]
/usr/share/cmake-3.28/Modules/CheckFunctionExists.c:7:3: note: in expansion of macro ‘CHECK_FUNCTION_EXISTS’
    7 |   CHECK_FUNCTION_EXISTS(void);
      |   ^~~~~~~~~~~~~~~~~~~~~
/usr/share/cmake-3.28/Modules/CheckFunctionExists.c:1:1: note: ‘cabsl’ is declared in header ‘<complex.h>’
  +++ |+#include <complex.h>
    1 | #ifdef CHECK_FUNCTION_EXISTS
Linking C executable cmTC_5f9ff
/usr/bin/cmake -E cmake_link_script CMakeFiles/cmTC_5f9ff.dir/link.txt --verbose=1
/usr/bin/cc -std=c99 -W -Wall -O2  -msse3 -mssse3 -msse4.1 -mpopcnt -mavx -mpclmul -mavx2 -DCHECK_FUNCTION_EXISTS=cabsl CMakeFiles/cmTC_5f9ff.dir/CheckFunctionExists.c.o -o cmTC_5f9ff  -lm 
make[2]: Leaving directory '/home/pperrier/Documents/block_wiedemann/cado-nfs/build/stagiaire-perrier/CMakeFiles/CMakeTmp'
make[1]: Leaving directory '/home/pperrier/Documents/block_wiedemann/cado-nfs/build/stagiaire-perrier/CMakeFiles/CMakeTmp'



Determining if the function clog exists passed with the following output:
Change Dir: '/home/pperrier/Documents/block_wiedemann/cado-nfs/build/stagiaire-perrier/CMakeFiles/CMakeTmp'

Run Build Command(s): /usr/bin/cmake -E env VERBOSE=1 make -f Makefile cmTC_d7341/fast
make[1]: Entering directory '/home/pperrier/Documents/block_wiedemann/cado-nfs/build/stagiaire-perrier/CMakeFiles/CMakeTmp'
make  -f CMakeFiles/cmTC_d7341.dir/build.make CMakeFiles/cmTC_d7341.dir/build
make[2]: Entering directory '/home/pperrier/Documents/block_wiedemann/cado-nfs/build/stagiaire-perrier/CMakeFiles/CMakeTmp'
Building C object CMakeFiles/cmTC_d7341.dir/CheckFunctionExists.c.o
/usr/bin/cc   -std=c99 -W -Wall -O2  -msse3 -mssse3 -msse4.1 -mpopcnt -mavx -mpclmul -mavx2 -DCHECK_FUNCTION_EXISTS=clog -o CMakeFiles/cmTC_d7341.dir/CheckFunctionExists.c.o -c /usr/share/cmake-3.28/Modules/CheckFunctionExists.c
<command-line>: warning: conflicting types for built-in function ‘clog’; expected ‘_Complex double(_Complex double)’ [-Wbuiltin-declaration-mismatch]
/usr/share/cmake-3.28/Modules/CheckFunctionExists.c:7:3: note: in expansion of macro ‘CHECK_FUNCTION_EXISTS’
    7 |   CHECK_FUNCTION_EXISTS(void);
      |   ^~~~~~~~~~~~~~~~~~~~~
/usr/share/cmake-3.28/Modules/CheckFunctionExists.c:1:1: note: ‘clog’ is declared in header ‘<complex.h>’
  +++ |+#include <complex.h>
    1 | #ifdef CHECK_FUNCTION_EXISTS
Linking C executable cmTC_d7341
/usr/bin/cmake -E cmake_link_script CMakeFiles/cmTC_d7341.dir/link.txt --verbose=1
/usr/bin/cc -std=c99 -W -Wall -O2  -msse3 -mssse3 -msse4.1 -mpopcnt -mavx -mpclmul -mavx2 -DCHECK_FUNCTION_EXISTS=clog CMakeFiles/cmTC_d7341.dir/CheckFunctionExists.c.o -o cmTC_d7341  -lm 
make[2]: Leaving directory '/home/pperrier/Documents/block_wiedemann/cado-nfs/build/stagiaire-perrier/CMakeFiles/CMakeTmp'
make[1]: Leaving directory '/home/pperrier/Documents/block_wiedemann/cado-nfs/build/stagiaire-perrier/CMakeFiles/CMakeTmp'



Determining if the function nanosleep exists passed with the following output:
Change Dir: '/home/pperrier/Documents/block_wiedemann/cado-nfs/build/stagiaire-perrier/CMakeFiles/CMakeTmp'

Run Build Command(s): /usr/bin/cmake -E env VERBOSE=1 make -f Makefile cmTC_e3bcf/fast
make[1]: Entering directory '/home/pperrier/Documents/block_wiedemann/cado-nfs/build/stagiaire-perrier/CMakeFiles/CMakeTmp'
make  -f CMakeFiles/cmTC_e3bcf.dir/build.make CMakeFiles/cmTC_e3bcf.dir/build
make[2]: Entering directory '/home/pperrier/Documents/block_wiedemann/cado-nfs/build/stagiaire-perrier/CMakeFiles/CMakeTmp'
Building C object CMakeFiles/cmTC_e3bcf.dir/CheckFunctionExists.c.o
/usr/bin/cc   -std=c99 -W -Wall -O2  -msse3 -mssse3 -msse4.1 -mpopcnt -mavx -mpclmul -mavx2 -DCHECK_FUNCTION_EXISTS=nanosleep -o CMakeFiles/cmTC_e3bcf.dir/CheckFunctionExists.c.o -c /usr/share/cmake-3.28/Modules/CheckFunctionExists.c
Linking C executable cmTC_e3bcf
/usr/bin/cmake -E cmake_link_script CMakeFiles/cmTC_e3bcf.dir/link.txt --verbose=1
/usr/bin/cc -std=c99 -W -Wall -O2  -msse3 -mssse3 -msse4.1 -mpopcnt -mavx -mpclmul -mavx2 -DCHECK_FUNCTION_EXISTS=nanosleep CMakeFiles/cmTC_e3bcf.dir/CheckFunctionExists.c.o -o cmTC_e3bcf 
make[2]: Leaving directory '/home/pperrier/Documents/block_wiedemann/cado-nfs/build/stagiaire-perrier/CMakeFiles/CMakeTmp'
make[1]: Leaving directory '/home/pperrier/Documents/block_wiedemann/cado-nfs/build/stagiaire-perrier/CMakeFiles/CMakeTmp'



Determining if the function usleep exists passed with the following output:
Change Dir: '/home/pperrier/Documents/block_wiedemann/cado-nfs/build/stagiaire-perrier/CMakeFiles/CMakeTmp'

Run Build Command(s): /usr/bin/cmake -E env VERBOSE=1 make -f Makefile cmTC_21bcc/fast
make[1]: Entering directory '/home/pperrier/Documents/block_wiedemann/cado-nfs/build/stagiaire-perrier/CMakeFiles/CMakeTmp'
make  -f CMakeFiles/cmTC_21bcc.dir/build.make CMakeFiles/cmTC_21bcc.dir/build
make[2]: Entering directory '/home/pperrier/Documents/block_wiedemann/cado-nfs/build/stagiaire-perrier/CMakeFiles/CMakeTmp'
Building C object CMakeFiles/cmTC_21bcc.dir/CheckFunctionExists.c.o
/usr/bin/cc   -std=c99 -W -Wall -O2  -msse3 -mssse3 -msse4.1 -mpopcnt -mavx -mpclmul -mavx2 -DCHECK_FUNCTION_EXISTS=usleep -o CMakeFiles/cmTC_21bcc.dir/CheckFunctionExists.c.o -c /usr/share/cmake-3.28/Modules/CheckFunctionExists.c
Linking C executable cmTC_21bcc
/usr/bin/cmake -E cmake_link_script CMakeFiles/cmTC_21bcc.dir/link.txt --verbose=1
/usr/bin/cc -std=c99 -W -Wall -O2  -msse3 -mssse3 -msse4.1 -mpopcnt -mavx -mpclmul -mavx2 -DCHECK_FUNCTION_EXISTS=usleep CMakeFiles/cmTC_21bcc.dir/CheckFunctionExists.c.o -o cmTC_21bcc 
make[2]: Leaving directory '/home/pperrier/Documents/block_wiedemann/cado-nfs/build/stagiaire-perrier/CMakeFiles/CMakeTmp'
make[1]: Leaving directory '/home/pperrier/Documents/block_wiedemann/cado-nfs/build/stagiaire-perrier/CMakeFiles/CMakeTmp'



Determining if the function popen exists passed with the following output:
Change Dir: '/home/pperrier/Documents/block_wiedemann/cado-nfs/build/stagiaire-perrier/CMakeFiles/CMakeTmp'

Run Build Command(s): /usr/bin/cmake -E env VERBOSE=1 make -f Makefile cmTC_11e08/fast
make[1]: Entering directory '/home/pperrier/Documents/block_wiedemann/cado-nfs/build/stagiaire-perrier/CMakeFiles/CMakeTmp'
make  -f CMakeFiles/cmTC_11e08.dir/build.make CMakeFiles/cmTC_11e08.dir/build
make[2]: Entering directory '/home/pperrier/Documents/block_wiedemann/cado-nfs/build/stagiaire-perrier/CMakeFiles/CMakeTmp'
Building C object CMakeFiles/cmTC_11e08.dir/CheckFunctionExists.c.o
/usr/bin/cc   -std=c99 -W -Wall -O2  -msse3 -mssse3 -msse4.1 -mpopcnt -mavx -mpclmul -mavx2 -DCHECK_FUNCTION_EXISTS=popen -o CMakeFiles/cmTC_11e08.dir/CheckFunctionExists.c.o -c /usr/share/cmake-3.28/Modules/CheckFunctionExists.c
Linking C executable cmTC_11e08
/usr/bin/cmake -E cmake_link_script CMakeFiles/cmTC_11e08.dir/link.txt --verbose=1
/usr/bin/cc -std=c99 -W -Wall -O2  -msse3 -mssse3 -msse4.1 -mpopcnt -mavx -mpclmul -mavx2 -DCHECK_FUNCTION_EXISTS=popen CMakeFiles/cmTC_11e08.dir/CheckFunctionExists.c.o -o cmTC_11e08 
make[2]: Leaving directory '/home/pperrier/Documents/block_wiedemann/cado-nfs/build/stagiaire-perrier/CMakeFiles/CMakeTmp'
make[1]: Leaving directory '/home/pperrier/Documents/block_wiedemann/cado-nfs/build/stagiaire-perrier/CMakeFiles/CMakeTmp'



Determining if the function pclose exists passed with the following output:
Change Dir: '/home/pperrier/Documents/block_wiedemann/cado-nfs/build/stagiaire-perrier/CMakeFiles/CMakeTmp'

Run Build Command(s): /usr/bin/cmake -E env VERBOSE=1 make -f Makefile cmTC_95a66/fast
make[1]: Entering directory '/home/pperrier/Documents/block_wiedemann/cado-nfs/build/stagiaire-perrier/CMakeFiles/CMakeTmp'
make  -f CMakeFiles/cmTC_95a66.dir/build.make CMakeFiles/cmTC_95a66.dir/build
make[2]: Entering directory '/home/pperrier/Documents/block_wiedemann/cado-nfs/build/stagiaire-perrier/CMakeFiles/CMakeTmp'
Building C object CMakeFiles/cmTC_95a66.dir/CheckFunctionExists.c.o
/usr/bin/cc   -std=c99 -W -Wall -O2  -msse3 -mssse3 -msse4.1 -mpopcnt -mavx -mpclmul -mavx2 -DCHECK_FUNCTION_EXISTS=pclose -o CMakeFiles/cmTC_95a66.dir/CheckFunctionExists.c.o -c /usr/share/cmake-3.28/Modules/CheckFunctionExists.c
Linking C executable cmTC_95a66
/usr/bin/cmake -E cmake_link_script CMakeFiles/cmTC_95a66.dir/link.txt --verbose=1
/usr/bin/cc -std=c99 -W -Wall -O2  -msse3 -mssse3 -msse4.1 -mpopcnt -mavx -mpclmul -mavx2 -DCHECK_FUNCTION_EXISTS=pclose CMakeFiles/cmTC_95a66.dir/CheckFunctionExists.c.o -o cmTC_95a66 
make[2]: Leaving directory '/home/pperrier/Documents/block_wiedemann/cado-nfs/build/stagiaire-perrier/CMakeFiles/CMakeTmp'
make[1]: Leaving directory '/home/pperrier/Documents/block_wiedemann/cado-nfs/build/stagiaire-perrier/CMakeFiles/CMakeTmp'



Determining if the function getrusage exists passed with the following output:
Change Dir: '/home/pperrier/Documents/block_wiedemann/cado-nfs/build/stagiaire-perrier/CMakeFiles/CMakeTmp'

Run Build Command(s): /usr/bin/cmake -E env VERBOSE=1 make -f Makefile cmTC_82a2a/fast
make[1]: Entering directory '/home/pperrier/Documents/block_wiedemann/cado-nfs/build/stagiaire-perrier/CMakeFiles/CMakeTmp'
make  -f CMakeFiles/cmTC_82a2a.dir/build.make CMakeFiles/cmTC_82a2a.dir/build
make[2]: Entering directory '/home/pperrier/Documents/block_wiedemann/cado-nfs/build/stagiaire-perrier/CMakeFiles/CMakeTmp'
Building C object CMakeFiles/cmTC_82a2a.dir/CheckFunctionExists.c.o
/usr/bin/cc   -std=c99 -W -Wall -O2  -msse3 -mssse3 -msse4.1 -mpopcnt -mavx -mpclmul -mavx2 -DCHECK_FUNCTION_EXISTS=getrusage -o CMakeFiles/cmTC_82a2a.dir/CheckFunctionExists.c.o -c /usr/share/cmake-3.28/Modules/CheckFunctionExists.c
Linking C executable cmTC_82a2a
/usr/bin/cmake -E cmake_link_script CMakeFiles/cmTC_82a2a.dir/link.txt --verbose=1
/usr/bin/cc -std=c99 -W -Wall -O2  -msse3 -mssse3 -msse4.1 -mpopcnt -mavx -mpclmul -mavx2 -DCHECK_FUNCTION_EXISTS=getrusage CMakeFiles/cmTC_82a2a.dir/CheckFunctionExists.c.o -o cmTC_82a2a 
make[2]: Leaving directory '/home/pperrier/Documents/block_wiedemann/cado-nfs/build/stagiaire-perrier/CMakeFiles/CMakeTmp'
make[1]: Leaving directory '/home/pperrier/Documents/block_wiedemann/cado-nfs/build/stagiaire-perrier/CMakeFiles/CMakeTmp'



Determining if the function strdup exists passed with the following output:
Change Dir: '/home/pperrier/Documents/block_wiedemann/cado-nfs/build/stagiaire-perrier/CMakeFiles/CMakeTmp'

Run Build Command(s): /usr/bin/cmake -E env VERBOSE=1 make -f Makefile cmTC_5854c/fast
make[1]: Entering directory '/home/pperrier/Documents/block_wiedemann/cado-nfs/build/stagiaire-perrier/CMakeFiles/CMakeTmp'
make  -f CMakeFiles/cmTC_5854c.dir/build.make CMakeFiles/cmTC_5854c.dir/build
make[2]: Entering directory '/home/pperrier/Documents/block_wiedemann/cado-nfs/build/stagiaire-perrier/CMakeFiles/CMakeTmp'
Building C object CMakeFiles/cmTC_5854c.dir/CheckFunctionExists.c.o
/usr/bin/cc   -std=c99 -W -Wall -O2  -msse3 -mssse3 -msse4.1 -mpopcnt -mavx -mpclmul -mavx2 -DCHECK_FUNCTION_EXISTS=strdup -o CMakeFiles/cmTC_5854c.dir/CheckFunctionExists.c.o -c /usr/share/cmake-3.28/Modules/CheckFunctionExists.c
Linking C executable cmTC_5854c
/usr/bin/cmake -E cmake_link_script CMakeFiles/cmTC_5854c.dir/link.txt --verbose=1
/usr/bin/cc -std=c99 -W -Wall -O2  -msse3 -mssse3 -msse4.1 -mpopcnt -mavx -mpclmul -mavx2 -DCHECK_FUNCTION_EXISTS=strdup CMakeFiles/cmTC_5854c.dir/CheckFunctionExists.c.o -o cmTC_5854c 
make[2]: Leaving directory '/home/pperrier/Documents/block_wiedemann/cado-nfs/build/stagiaire-perrier/CMakeFiles/CMakeTmp'
make[1]: Leaving directory '/home/pperrier/Documents/block_wiedemann/cado-nfs/build/stagiaire-perrier/CMakeFiles/CMakeTmp'



Determining if the function sigaction exists passed with the following output:
Change Dir: '/home/pperrier/Documents/block_wiedemann/cado-nfs/build/stagiaire-perrier/CMakeFiles/CMakeTmp'

Run Build Command(s): /usr/bin/cmake -E env VERBOSE=1 make -f Makefile cmTC_be7ca/fast
make[1]: Entering directory '/home/pperrier/Documents/block_wiedemann/cado-nfs/build/stagiaire-perrier/CMakeFiles/CMakeTmp'
make  -f CMakeFiles/cmTC_be7ca.dir/build.make CMakeFiles/cmTC_be7ca.dir/build
make[2]: Entering directory '/home/pperrier/Documents/block_wiedemann/cado-nfs/build/stagiaire-perrier/CMakeFiles/CMakeTmp'
Building C object CMakeFiles/cmTC_be7ca.dir/CheckFunctionExists.c.o
/usr/bin/cc   -std=c99 -W -Wall -O2  -msse3 -mssse3 -msse4.1 -mpopcnt -mavx -mpclmul -mavx2 -DCHECK_FUNCTION_EXISTS=sigaction -o CMakeFiles/cmTC_be7ca.dir/CheckFunctionExists.c.o -c /usr/share/cmake-3.28/Modules/CheckFunctionExists.c
Linking C executable cmTC_be7ca
/usr/bin/cmake -E cmake_link_script CMakeFiles/cmTC_be7ca.dir/link.txt --verbose=1
/usr/bin/cc -std=c99 -W -Wall -O2  -msse3 -mssse3 -msse4.1 -mpopcnt -mavx -mpclmul -mavx2 -DCHECK_FUNCTION_EXISTS=sigaction CMakeFiles/cmTC_be7ca.dir/CheckFunctionExists.c.o -o cmTC_be7ca 
make[2]: Leaving directory '/home/pperrier/Documents/block_wiedemann/cado-nfs/build/stagiaire-perrier/CMakeFiles/CMakeTmp'
make[1]: Leaving directory '/home/pperrier/Documents/block_wiedemann/cado-nfs/build/stagiaire-perrier/CMakeFiles/CMakeTmp'



Determining if the function waitpid exists passed with the following output:
Change Dir: '/home/pperrier/Documents/block_wiedemann/cado-nfs/build/stagiaire-perrier/CMakeFiles/CMakeTmp'

Run Build Command(s): /usr/bin/cmake -E env VERBOSE=1 make -f Makefile cmTC_8e528/fast
make[1]: Entering directory '/home/pperrier/Documents/block_wiedemann/cado-nfs/build/stagiaire-perrier/CMakeFiles/CMakeTmp'
make  -f CMakeFiles/cmTC_8e528.dir/build.make CMakeFiles/cmTC_8e528.dir/build
make[2]: Entering directory '/home/pperrier/Documents/block_wiedemann/cado-nfs/build/stagiaire-perrier/CMakeFiles/CMakeTmp'
Building C object CMakeFiles/cmTC_8e528.dir/CheckFunctionExists.c.o
/usr/bin/cc   -std=c99 -W -Wall -O2  -msse3 -mssse3 -msse4.1 -mpopcnt -mavx -mpclmul -mavx2 -DCHECK_FUNCTION_EXISTS=waitpid -o CMakeFiles/cmTC_8e528.dir/CheckFunctionExists.c.o -c /usr/share/cmake-3.28/Modules/CheckFunctionExists.c
Linking C executable cmTC_8e528
/usr/bin/cmake -E cmake_link_script CMakeFiles/cmTC_8e528.dir/link.txt --verbose=1
/usr/bin/cc -std=c99 -W -Wall -O2  -msse3 -mssse3 -msse4.1 -mpopcnt -mavx -mpclmul -mavx2 -DCHECK_FUNCTION_EXISTS=waitpid CMakeFiles/cmTC_8e528.dir/CheckFunctionExists.c.o -o cmTC_8e528 
make[2]: Leaving directory '/home/pperrier/Documents/block_wiedemann/cado-nfs/build/stagiaire-perrier/CMakeFiles/CMakeTmp'
make[1]: Leaving directory '/home/pperrier/Documents/block_wiedemann/cado-nfs/build/stagiaire-perrier/CMakeFiles/CMakeTmp'



Determining if the function ctime_r exists passed with the following output:
Change Dir: '/home/pperrier/Documents/block_wiedemann/cado-nfs/build/stagiaire-perrier/CMakeFiles/CMakeTmp'

Run Build Command(s): /usr/bin/cmake -E env VERBOSE=1 make -f Makefile cmTC_c5621/fast
make[1]: Entering directory '/home/pperrier/Documents/block_wiedemann/cado-nfs/build/stagiaire-perrier/CMakeFiles/CMakeTmp'
make  -f CMakeFiles/cmTC_c5621.dir/build.make CMakeFiles/cmTC_c5621.dir/build
make[2]: Entering directory '/home/pperrier/Documents/block_wiedemann/cado-nfs/build/stagiaire-perrier/CMakeFiles/CMakeTmp'
Building C object CMakeFiles/cmTC_c5621.dir/CheckFunctionExists.c.o
/usr/bin/cc   -std=c99 -W -Wall -O2  -msse3 -mssse3 -msse4.1 -mpopcnt -mavx -mpclmul -mavx2 -DCHECK_FUNCTION_EXISTS=ctime_r -o CMakeFiles/cmTC_c5621.dir/CheckFunctionExists.c.o -c /usr/share/cmake-3.28/Modules/CheckFunctionExists.c
Linking C executable cmTC_c5621
/usr/bin/cmake -E cmake_link_script CMakeFiles/cmTC_c5621.dir/link.txt --verbose=1
/usr/bin/cc -std=c99 -W -Wall -O2  -msse3 -mssse3 -msse4.1 -mpopcnt -mavx -mpclmul -mavx2 -DCHECK_FUNCTION_EXISTS=ctime_r CMakeFiles/cmTC_c5621.dir/CheckFunctionExists.c.o -o cmTC_c5621 
make[2]: Leaving directory '/home/pperrier/Documents/block_wiedemann/cado-nfs/build/stagiaire-perrier/CMakeFiles/CMakeTmp'
make[1]: Leaving directory '/home/pperrier/Documents/block_wiedemann/cado-nfs/build/stagiaire-perrier/CMakeFiles/CMakeTmp'



Determining if the function realpath exists passed with the following output:
Change Dir: '/home/pperrier/Documents/block_wiedemann/cado-nfs/build/stagiaire-perrier/CMakeFiles/CMakeTmp'

Run Build Command(s): /usr/bin/cmake -E env VERBOSE=1 make -f Makefile cmTC_8933c/fast
make[1]: Entering directory '/home/pperrier/Documents/block_wiedemann/cado-nfs/build/stagiaire-perrier/CMakeFiles/CMakeTmp'
make  -f CMakeFiles/cmTC_8933c.dir/build.make CMakeFiles/cmTC_8933c.dir/build
make[2]: Entering directory '/home/pperrier/Documents/block_wiedemann/cado-nfs/build/stagiaire-perrier/CMakeFiles/CMakeTmp'
Building C object CMakeFiles/cmTC_8933c.dir/CheckFunctionExists.c.o
/usr/bin/cc   -std=c99 -W -Wall -O2  -msse3 -mssse3 -msse4.1 -mpopcnt -mavx -mpclmul -mavx2 -DCHECK_FUNCTION_EXISTS=realpath -o CMakeFiles/cmTC_8933c.dir/CheckFunctionExists.c.o -c /usr/share/cmake-3.28/Modules/CheckFunctionExists.c
Linking C executable cmTC_8933c
/usr/bin/cmake -E cmake_link_script CMakeFiles/cmTC_8933c.dir/link.txt --verbose=1
/usr/bin/cc -std=c99 -W -Wall -O2  -msse3 -mssse3 -msse4.1 -mpopcnt -mavx -mpclmul -mavx2 -DCHECK_FUNCTION_EXISTS=realpath CMakeFiles/cmTC_8933c.dir/CheckFunctionExists.c.o -o cmTC_8933c 
make[2]: Leaving directory '/home/pperrier/Documents/block_wiedemann/cado-nfs/build/stagiaire-perrier/CMakeFiles/CMakeTmp'
make[1]: Leaving directory '/home/pperrier/Documents/block_wiedemann/cado-nfs/build/stagiaire-perrier/CMakeFiles/CMakeTmp'



Determining if the function mmap exists passed with the following output:
Change Dir: '/home/pperrier/Documents/block_wiedemann/cado-nfs/build/stagiaire-perrier/CMakeFiles/CMakeTmp'

Run Build Command(s): /usr/bin/cmake -E env VERBOSE=1 make -f Makefile cmTC_f5eba/fast
make[1]: Entering directory '/home/pperrier/Documents/block_wiedemann/cado-nfs/build/stagiaire-perrier/CMakeFiles/CMakeTmp'
make  -f CMakeFiles/cmTC_f5eba.dir/build.make CMakeFiles/cmTC_f5eba.dir/build
make[2]: Entering directory '/home/pperrier/Documents/block_wiedemann/cado-nfs/build/stagiaire-perrier/CMakeFiles/CMakeTmp'
Building C object CMakeFiles/cmTC_f5eba.dir/CheckFunctionExists.c.o
/usr/bin/cc   -std=c99 -W -Wall -O2  -msse3 -mssse3 -msse4.1 -mpopcnt -mavx -mpclmul -mavx2 -DCHECK_FUNCTION_EXISTS=mmap -o CMakeFiles/cmTC_f5eba.dir/CheckFunctionExists.c.o -c /usr/share/cmake-3.28/Modules/CheckFunctionExists.c
Linking C executable cmTC_f5eba
/usr/bin/cmake -E cmake_link_script CMakeFiles/cmTC_f5eba.dir/link.txt --verbose=1
/usr/bin/cc -std=c99 -W -Wall -O2  -msse3 -mssse3 -msse4.1 -mpopcnt -mavx -mpclmul -mavx2 -DCHECK_FUNCTION_EXISTS=mmap CMakeFiles/cmTC_f5eba.dir/CheckFunctionExists.c.o -o cmTC_f5eba 
make[2]: Leaving directory '/home/pperrier/Documents/block_wiedemann/cado-nfs/build/stagiaire-perrier/CMakeFiles/CMakeTmp'
make[1]: Leaving directory '/home/pperrier/Documents/block_wiedemann/cado-nfs/build/stagiaire-perrier/CMakeFiles/CMakeTmp'



Determining if the function sysconf exists passed with the following output:
Change Dir: '/home/pperrier/Documents/block_wiedemann/cado-nfs/build/stagiaire-perrier/CMakeFiles/CMakeTmp'

Run Build Command(s): /usr/bin/cmake -E env VERBOSE=1 make -f Makefile cmTC_ad901/fast
make[1]: Entering directory '/home/pperrier/Documents/block_wiedemann/cado-nfs/build/stagiaire-perrier/CMakeFiles/CMakeTmp'
make  -f CMakeFiles/cmTC_ad901.dir/build.make CMakeFiles/cmTC_ad901.dir/build
make[2]: Entering directory '/home/pperrier/Documents/block_wiedemann/cado-nfs/build/stagiaire-perrier/CMakeFiles/CMakeTmp'
Building C object CMakeFiles/cmTC_ad901.dir/CheckFunctionExists.c.o
/usr/bin/cc   -std=c99 -W -Wall -O2  -msse3 -mssse3 -msse4.1 -mpopcnt -mavx -mpclmul -mavx2 -DCHECK_FUNCTION_EXISTS=sysconf -o CMakeFiles/cmTC_ad901.dir/CheckFunctionExists.c.o -c /usr/share/cmake-3.28/Modules/CheckFunctionExists.c
Linking C executable cmTC_ad901
/usr/bin/cmake -E cmake_link_script CMakeFiles/cmTC_ad901.dir/link.txt --verbose=1
/usr/bin/cc -std=c99 -W -Wall -O2  -msse3 -mssse3 -msse4.1 -mpopcnt -mavx -mpclmul -mavx2 -DCHECK_FUNCTION_EXISTS=sysconf CMakeFiles/cmTC_ad901.dir/CheckFunctionExists.c.o -o cmTC_ad901 
make[2]: Leaving directory '/home/pperrier/Documents/block_wiedemann/cado-nfs/build/stagiaire-perrier/CMakeFiles/CMakeTmp'
make[1]: Leaving directory '/home/pperrier/Documents/block_wiedemann/cado-nfs/build/stagiaire-perrier/CMakeFiles/CMakeTmp'



Determining if the function strndup exists passed with the following output:
Change Dir: '/home/pperrier/Documents/block_wiedemann/cado-nfs/build/stagiaire-perrier/CMakeFiles/CMakeTmp'

Run Build Command(s): /usr/bin/cmake -E env VERBOSE=1 make -f Makefile cmTC_8703b/fast
make[1]: Entering directory '/home/pperrier/Documents/block_wiedemann/cado-nfs/build/stagiaire-perrier/CMakeFiles/CMakeTmp'
make  -f CMakeFiles/cmTC_8703b.dir/build.make CMakeFiles/cmTC_8703b.dir/build
make[2]: Entering directory '/home/pperrier/Documents/block_wiedemann/cado-nfs/build/stagiaire-perrier/CMakeFiles/CMakeTmp'
Building C object CMakeFiles/cmTC_8703b.dir/CheckFunctionExists.c.o
/usr/bin/cc   -std=c99 -W -Wall -O2  -msse3 -mssse3 -msse4.1 -mpopcnt -mavx -mpclmul -mavx2 -DCHECK_FUNCTION_EXISTS=strndup -o CMakeFiles/cmTC_8703b.dir/CheckFunctionExists.c.o -c /usr/share/cmake-3.28/Modules/CheckFunctionExists.c
Linking C executable cmTC_8703b
/usr/bin/cmake -E cmake_link_script CMakeFiles/cmTC_8703b.dir/link.txt --verbose=1
/usr/bin/cc -std=c99 -W -Wall -O2  -msse3 -mssse3 -msse4.1 -mpopcnt -mavx -mpclmul -mavx2 -DCHECK_FUNCTION_EXISTS=strndup CMakeFiles/cmTC_8703b.dir/CheckFunctionExists.c.o -o cmTC_8703b 
make[2]: Leaving directory '/home/pperrier/Documents/block_wiedemann/cado-nfs/build/stagiaire-perrier/CMakeFiles/CMakeTmp'
make[1]: Leaving directory '/home/pperrier/Documents/block_wiedemann/cado-nfs/build/stagiaire-perrier/CMakeFiles/CMakeTmp'



Determining if the function strnlen exists passed with the following output:
Change Dir: '/home/pperrier/Documents/block_wiedemann/cado-nfs/build/stagiaire-perrier/CMakeFiles/CMakeTmp'

Run Build Command(s): /usr/bin/cmake -E env VERBOSE=1 make -f Makefile cmTC_4795f/fast
make[1]: Entering directory '/home/pperrier/Documents/block_wiedemann/cado-nfs/build/stagiaire-perrier/CMakeFiles/CMakeTmp'
make  -f CMakeFiles/cmTC_4795f.dir/build.make CMakeFiles/cmTC_4795f.dir/build
make[2]: Entering directory '/home/pperrier/Documents/block_wiedemann/cado-nfs/build/stagiaire-perrier/CMakeFiles/CMakeTmp'
Building C object CMakeFiles/cmTC_4795f.dir/CheckFunctionExists.c.o
/usr/bin/cc   -std=c99 -W -Wall -O2  -msse3 -mssse3 -msse4.1 -mpopcnt -mavx -mpclmul -mavx2 -DCHECK_FUNCTION_EXISTS=strnlen -o CMakeFiles/cmTC_4795f.dir/CheckFunctionExists.c.o -c /usr/share/cmake-3.28/Modules/CheckFunctionExists.c
Linking C executable cmTC_4795f
/usr/bin/cmake -E cmake_link_script CMakeFiles/cmTC_4795f.dir/link.txt --verbose=1
/usr/bin/cc -std=c99 -W -Wall -O2  -msse3 -mssse3 -msse4.1 -mpopcnt -mavx -mpclmul -mavx2 -DCHECK_FUNCTION_EXISTS=strnlen CMakeFiles/cmTC_4795f.dir/CheckFunctionExists.c.o -o cmTC_4795f 
make[2]: Leaving directory '/home/pperrier/Documents/block_wiedemann/cado-nfs/build/stagiaire-perrier/CMakeFiles/CMakeTmp'
make[1]: Leaving directory '/home/pperrier/Documents/block_wiedemann/cado-nfs/build/stagiaire-perrier/CMakeFiles/CMakeTmp'



Determining if the function wait4 exists passed with the following output:
Change Dir: '/home/pperrier/Documents/block_wiedemann/cado-nfs/build/stagiaire-perrier/CMakeFiles/CMakeTmp'

Run Build Command(s): /usr/bin/cmake -E env VERBOSE=1 make -f Makefile cmTC_4a90a/fast
make[1]: Entering directory '/home/pperrier/Documents/block_wiedemann/cado-nfs/build/stagiaire-perrier/CMakeFiles/CMakeTmp'
make  -f CMakeFiles/cmTC_4a90a.dir/build.make CMakeFiles/cmTC_4a90a.dir/build
make[2]: Entering directory '/home/pperrier/Documents/block_wiedemann/cado-nfs/build/stagiaire-perrier/CMakeFiles/CMakeTmp'
Building C object CMakeFiles/cmTC_4a90a.dir/CheckFunctionExists.c.o
/usr/bin/cc   -std=c99 -W -Wall -O2  -msse3 -mssse3 -msse4.1 -mpopcnt -mavx -mpclmul -mavx2 -DCHECK_FUNCTION_EXISTS=wait4 -o CMakeFiles/cmTC_4a90a.dir/CheckFunctionExists.c.o -c /usr/share/cmake-3.28/Modules/CheckFunctionExists.c
Linking C executable cmTC_4a90a
/usr/bin/cmake -E cmake_link_script CMakeFiles/cmTC_4a90a.dir/link.txt --verbose=1
/usr/bin/cc -std=c99 -W -Wall -O2  -msse3 -mssse3 -msse4.1 -mpopcnt -mavx -mpclmul -mavx2 -DCHECK_FUNCTION_EXISTS=wait4 CMakeFiles/cmTC_4a90a.dir/CheckFunctionExists.c.o -o cmTC_4a90a 
make[2]: Leaving directory '/home/pperrier/Documents/block_wiedemann/cado-nfs/build/stagiaire-perrier/CMakeFiles/CMakeTmp'
make[1]: Leaving directory '/home/pperrier/Documents/block_wiedemann/cado-nfs/build/stagiaire-perrier/CMakeFiles/CMakeTmp'



Determining if the function log2 exists passed with the following output:
Change Dir: '/home/pperrier/Documents/block_wiedemann/cado-nfs/build/stagiaire-perrier/CMakeFiles/CMakeTmp'

Run Build Command(s): /usr/bin/cmake -E env VERBOSE=1 make -f Makefile cmTC_95066/fast
make[1]: Entering directory '/home/pperrier/Documents/block_wiedemann/cado-nfs/build/stagiaire-perrier/CMakeFiles/CMakeTmp'
make  -f CMakeFiles/cmTC_95066.dir/build.make CMakeFiles/cmTC_95066.dir/build
make[2]: Entering directory '/home/pperrier/Documents/block_wiedemann/cado-nfs/build/stagiaire-perrier/CMakeFiles/CMakeTmp'
Building C object CMakeFiles/cmTC_95066.dir/CheckFunctionExists.c.o
/usr/bin/cc   -std=c99 -W -Wall -O2  -msse3 -mssse3 -msse4.1 -mpopcnt -mavx -mpclmul -mavx2 -DCHECK_FUNCTION_EXISTS=log2 -o CMakeFiles/cmTC_95066.dir/CheckFunctionExists.c.o -c /usr/share/cmake-3.28/Modules/CheckFunctionExists.c
<command-line>: warning: conflicting types for built-in function ‘log2’; expected ‘double(double)’ [-Wbuiltin-declaration-mismatch]
/usr/share/cmake-3.28/Modules/CheckFunctionExists.c:7:3: note: in expansion of macro ‘CHECK_FUNCTION_EXISTS’
    7 |   CHECK_FUNCTION_EXISTS(void);
      |   ^~~~~~~~~~~~~~~~~~~~~
/usr/share/cmake-3.28/Modules/CheckFunctionExists.c:1:1: note: ‘log2’ is declared in header ‘<math.h>’
  +++ |+#include <math.h>
    1 | #ifdef CHECK_FUNCTION_EXISTS
Linking C executable cmTC_95066
/usr/bin/cmake -E cmake_link_script CMakeFiles/cmTC_95066.dir/link.txt --verbose=1
/usr/bin/cc -std=c99 -W -Wall -O2  -msse3 -mssse3 -msse4.1 -mpopcnt -mavx -mpclmul -mavx2 -DCHECK_FUNCTION_EXISTS=log2 CMakeFiles/cmTC_95066.dir/CheckFunctionExists.c.o -o cmTC_95066  -lm 
make[2]: Leaving directory '/home/pperrier/Documents/block_wiedemann/cado-nfs/build/stagiaire-perrier/CMakeFiles/CMakeTmp'
make[1]: Leaving directory '/home/pperrier/Documents/block_wiedemann/cado-nfs/build/stagiaire-perrier/CMakeFiles/CMakeTmp'



Determining if the function exp2 exists passed with the following output:
Change Dir: '/home/pperrier/Documents/block_wiedemann/cado-nfs/build/stagiaire-perrier/CMakeFiles/CMakeTmp'

Run Build Command(s): /usr/bin/cmake -E env VERBOSE=1 make -f Makefile cmTC_616e2/fast
make[1]: Entering directory '/home/pperrier/Documents/block_wiedemann/cado-nfs/build/stagiaire-perrier/CMakeFiles/CMakeTmp'
make  -f CMakeFiles/cmTC_616e2.dir/build.make CMakeFiles/cmTC_616e2.dir/build
make[2]: Entering directory '/home/pperrier/Documents/block_wiedemann/cado-nfs/build/stagiaire-perrier/CMakeFiles/CMakeTmp'
Building C object CMakeFiles/cmTC_616e2.dir/CheckFunctionExists.c.o
/usr/bin/cc   -std=c99 -W -Wall -O2  -msse3 -mssse3 -msse4.1 -mpopcnt -mavx -mpclmul -mavx2 -DCHECK_FUNCTION_EXISTS=exp2 -o CMakeFiles/cmTC_616e2.dir/CheckFunctionExists.c.o -c /usr/share/cmake-3.28/Modules/CheckFunctionExists.c
<command-line>: warning: conflicting types for built-in function ‘exp2’; expected ‘double(double)’ [-Wbuiltin-declaration-mismatch]
/usr/share/cmake-3.28/Modules/CheckFunctionExists.c:7:3: note: in expansion of macro ‘CHECK_FUNCTION_EXISTS’
    7 |   CHECK_FUNCTION_EXISTS(void);
      |   ^~~~~~~~~~~~~~~~~~~~~
/usr/share/cmake-3.28/Modules/CheckFunctionExists.c:1:1: note: ‘exp2’ is declared in header ‘<math.h>’
  +++ |+#include <math.h>
    1 | #ifdef CHECK_FUNCTION_EXISTS
Linking C executable cmTC_616e2
/usr/bin/cmake -E cmake_link_script CMakeFiles/cmTC_616e2.dir/link.txt --verbose=1
/usr/bin/cc -std=c99 -W -Wall -O2  -msse3 -mssse3 -msse4.1 -mpopcnt -mavx -mpclmul -mavx2 -DCHECK_FUNCTION_EXISTS=exp2 CMakeFiles/cmTC_616e2.dir/CheckFunctionExists.c.o -o cmTC_616e2  -lm 
make[2]: Leaving directory '/home/pperrier/Documents/block_wiedemann/cado-nfs/build/stagiaire-perrier/CMakeFiles/CMakeTmp'
make[1]: Leaving directory '/home/pperrier/Documents/block_wiedemann/cado-nfs/build/stagiaire-perrier/CMakeFiles/CMakeTmp'



Determining if the function cabsl exists passed with the following output:
Change Dir: '/home/pperrier/Documents/block_wiedemann/cado-nfs/build/stagiaire-perrier/CMakeFiles/CMakeTmp'

Run Build Command(s): /usr/bin/cmake -E env VERBOSE=1 make -f Makefile cmTC_1ac29/fast
make[1]: Entering directory '/home/pperrier/Documents/block_wiedemann/cado-nfs/build/stagiaire-perrier/CMakeFiles/CMakeTmp'
make  -f CMakeFiles/cmTC_1ac29.dir/build.make CMakeFiles/cmTC_1ac29.dir/build
make[2]: Entering directory '/home/pperrier/Documents/block_wiedemann/cado-nfs/build/stagiaire-perrier/CMakeFiles/CMakeTmp'
Building C object CMakeFiles/cmTC_1ac29.dir/CheckFunctionExists.c.o
/usr/bin/cc   -std=c99 -W -Wall -O2  -msse3 -mssse3 -msse4.1 -mpopcnt -mavx -mpclmul -mavx2 -DCHECK_FUNCTION_EXISTS=cabsl -o CMakeFiles/cmTC_1ac29.dir/CheckFunctionExists.c.o -c /usr/share/cmake-3.28/Modules/CheckFunctionExists.c
<command-line>: warning: conflicting types for built-in function ‘cabsl’; expected ‘long double(_Complex long double)’ [-Wbuiltin-declaration-mismatch]
/usr/share/cmake-3.28/Modules/CheckFunctionExists.c:7:3: note: in expansion of macro ‘CHECK_FUNCTION_EXISTS’
    7 |   CHECK_FUNCTION_EXISTS(void);
      |   ^~~~~~~~~~~~~~~~~~~~~
/usr/share/cmake-3.28/Modules/CheckFunctionExists.c:1:1: note: ‘cabsl’ is declared in header ‘<complex.h>’
  +++ |+#include <complex.h>
    1 | #ifdef CHECK_FUNCTION_EXISTS
Linking C executable cmTC_1ac29
/usr/bin/cmake -E cmake_link_script CMakeFiles/cmTC_1ac29.dir/link.txt --verbose=1
/usr/bin/cc -std=c99 -W -Wall -O2  -msse3 -mssse3 -msse4.1 -mpopcnt -mavx -mpclmul -mavx2 -DCHECK_FUNCTION_EXISTS=cabsl CMakeFiles/cmTC_1ac29.dir/CheckFunctionExists.c.o -o cmTC_1ac29  -lm 
make[2]: Leaving directory '/home/pperrier/Documents/block_wiedemann/cado-nfs/build/stagiaire-perrier/CMakeFiles/CMakeTmp'
make[1]: Leaving directory '/home/pperrier/Documents/block_wiedemann/cado-nfs/build/stagiaire-perrier/CMakeFiles/CMakeTmp'



Determining if the function clog exists passed with the following output:
Change Dir: '/home/pperrier/Documents/block_wiedemann/cado-nfs/build/stagiaire-perrier/CMakeFiles/CMakeTmp'

Run Build Command(s): /usr/bin/cmake -E env VERBOSE=1 make -f Makefile cmTC_5a02f/fast
make[1]: Entering directory '/home/pperrier/Documents/block_wiedemann/cado-nfs/build/stagiaire-perrier/CMakeFiles/CMakeTmp'
make  -f CMakeFiles/cmTC_5a02f.dir/build.make CMakeFiles/cmTC_5a02f.dir/build
make[2]: Entering directory '/home/pperrier/Documents/block_wiedemann/cado-nfs/build/stagiaire-perrier/CMakeFiles/CMakeTmp'
Building C object CMakeFiles/cmTC_5a02f.dir/CheckFunctionExists.c.o
/usr/bin/cc   -std=c99 -W -Wall -O2  -msse3 -mssse3 -msse4.1 -mpopcnt -mavx -mpclmul -mavx2 -DCHECK_FUNCTION_EXISTS=clog -o CMakeFiles/cmTC_5a02f.dir/CheckFunctionExists.c.o -c /usr/share/cmake-3.28/Modules/CheckFunctionExists.c
<command-line>: warning: conflicting types for built-in function ‘clog’; expected ‘_Complex double(_Complex double)’ [-Wbuiltin-declaration-mismatch]
/usr/share/cmake-3.28/Modules/CheckFunctionExists.c:7:3: note: in expansion of macro ‘CHECK_FUNCTION_EXISTS’
    7 |   CHECK_FUNCTION_EXISTS(void);
      |   ^~~~~~~~~~~~~~~~~~~~~
/usr/share/cmake-3.28/Modules/CheckFunctionExists.c:1:1: note: ‘clog’ is declared in header ‘<complex.h>’
  +++ |+#include <complex.h>
    1 | #ifdef CHECK_FUNCTION_EXISTS
Linking C executable cmTC_5a02f
/usr/bin/cmake -E cmake_link_script CMakeFiles/cmTC_5a02f.dir/link.txt --verbose=1
/usr/bin/cc -std=c99 -W -Wall -O2  -msse3 -mssse3 -msse4.1 -mpopcnt -mavx -mpclmul -mavx2 -DCHECK_FUNCTION_EXISTS=clog CMakeFiles/cmTC_5a02f.dir/CheckFunctionExists.c.o -o cmTC_5a02f  -lm 
make[2]: Leaving directory '/home/pperrier/Documents/block_wiedemann/cado-nfs/build/stagiaire-perrier/CMakeFiles/CMakeTmp'
make[1]: Leaving directory '/home/pperrier/Documents/block_wiedemann/cado-nfs/build/stagiaire-perrier/CMakeFiles/CMakeTmp'



Determining if the function nanosleep exists passed with the following output:
Change Dir: '/home/pperrier/Documents/block_wiedemann/cado-nfs/build/stagiaire-perrier/CMakeFiles/CMakeTmp'

Run Build Command(s): /usr/bin/cmake -E env VERBOSE=1 make -f Makefile cmTC_c012e/fast
make[1]: Entering directory '/home/pperrier/Documents/block_wiedemann/cado-nfs/build/stagiaire-perrier/CMakeFiles/CMakeTmp'
make  -f CMakeFiles/cmTC_c012e.dir/build.make CMakeFiles/cmTC_c012e.dir/build
make[2]: Entering directory '/home/pperrier/Documents/block_wiedemann/cado-nfs/build/stagiaire-perrier/CMakeFiles/CMakeTmp'
Building C object CMakeFiles/cmTC_c012e.dir/CheckFunctionExists.c.o
/usr/bin/cc   -std=c99 -W -Wall -O2  -msse3 -mssse3 -msse4.1 -mpopcnt -mavx -mpclmul -mavx2 -DCHECK_FUNCTION_EXISTS=nanosleep -o CMakeFiles/cmTC_c012e.dir/CheckFunctionExists.c.o -c /usr/share/cmake-3.28/Modules/CheckFunctionExists.c
Linking C executable cmTC_c012e
/usr/bin/cmake -E cmake_link_script CMakeFiles/cmTC_c012e.dir/link.txt --verbose=1
/usr/bin/cc -std=c99 -W -Wall -O2  -msse3 -mssse3 -msse4.1 -mpopcnt -mavx -mpclmul -mavx2 -DCHECK_FUNCTION_EXISTS=nanosleep CMakeFiles/cmTC_c012e.dir/CheckFunctionExists.c.o -o cmTC_c012e 
make[2]: Leaving directory '/home/pperrier/Documents/block_wiedemann/cado-nfs/build/stagiaire-perrier/CMakeFiles/CMakeTmp'
make[1]: Leaving directory '/home/pperrier/Documents/block_wiedemann/cado-nfs/build/stagiaire-perrier/CMakeFiles/CMakeTmp'



Determining if the function usleep exists passed with the following output:
Change Dir: '/home/pperrier/Documents/block_wiedemann/cado-nfs/build/stagiaire-perrier/CMakeFiles/CMakeTmp'

Run Build Command(s): /usr/bin/cmake -E env VERBOSE=1 make -f Makefile cmTC_f9e55/fast
make[1]: Entering directory '/home/pperrier/Documents/block_wiedemann/cado-nfs/build/stagiaire-perrier/CMakeFiles/CMakeTmp'
make  -f CMakeFiles/cmTC_f9e55.dir/build.make CMakeFiles/cmTC_f9e55.dir/build
make[2]: Entering directory '/home/pperrier/Documents/block_wiedemann/cado-nfs/build/stagiaire-perrier/CMakeFiles/CMakeTmp'
Building C object CMakeFiles/cmTC_f9e55.dir/CheckFunctionExists.c.o
/usr/bin/cc   -std=c99 -W -Wall -O2  -msse3 -mssse3 -msse4.1 -mpopcnt -mavx -mpclmul -mavx2 -DCHECK_FUNCTION_EXISTS=usleep -o CMakeFiles/cmTC_f9e55.dir/CheckFunctionExists.c.o -c /usr/share/cmake-3.28/Modules/CheckFunctionExists.c
Linking C executable cmTC_f9e55
/usr/bin/cmake -E cmake_link_script CMakeFiles/cmTC_f9e55.dir/link.txt --verbose=1
/usr/bin/cc -std=c99 -W -Wall -O2  -msse3 -mssse3 -msse4.1 -mpopcnt -mavx -mpclmul -mavx2 -DCHECK_FUNCTION_EXISTS=usleep CMakeFiles/cmTC_f9e55.dir/CheckFunctionExists.c.o -o cmTC_f9e55 
make[2]: Leaving directory '/home/pperrier/Documents/block_wiedemann/cado-nfs/build/stagiaire-perrier/CMakeFiles/CMakeTmp'
make[1]: Leaving directory '/home/pperrier/Documents/block_wiedemann/cado-nfs/build/stagiaire-perrier/CMakeFiles/CMakeTmp'



Determining if the function popen exists passed with the following output:
Change Dir: '/home/pperrier/Documents/block_wiedemann/cado-nfs/build/stagiaire-perrier/CMakeFiles/CMakeTmp'

Run Build Command(s): /usr/bin/cmake -E env VERBOSE=1 make -f Makefile cmTC_08a73/fast
make[1]: Entering directory '/home/pperrier/Documents/block_wiedemann/cado-nfs/build/stagiaire-perrier/CMakeFiles/CMakeTmp'
make  -f CMakeFiles/cmTC_08a73.dir/build.make CMakeFiles/cmTC_08a73.dir/build
make[2]: Entering directory '/home/pperrier/Documents/block_wiedemann/cado-nfs/build/stagiaire-perrier/CMakeFiles/CMakeTmp'
Building C object CMakeFiles/cmTC_08a73.dir/CheckFunctionExists.c.o
/usr/bin/cc   -std=c99 -W -Wall -O2  -msse3 -mssse3 -msse4.1 -mpopcnt -mavx -mpclmul -mavx2 -DCHECK_FUNCTION_EXISTS=popen -o CMakeFiles/cmTC_08a73.dir/CheckFunctionExists.c.o -c /usr/share/cmake-3.28/Modules/CheckFunctionExists.c
Linking C executable cmTC_08a73
/usr/bin/cmake -E cmake_link_script CMakeFiles/cmTC_08a73.dir/link.txt --verbose=1
/usr/bin/cc -std=c99 -W -Wall -O2  -msse3 -mssse3 -msse4.1 -mpopcnt -mavx -mpclmul -mavx2 -DCHECK_FUNCTION_EXISTS=popen CMakeFiles/cmTC_08a73.dir/CheckFunctionExists.c.o -o cmTC_08a73 
make[2]: Leaving directory '/home/pperrier/Documents/block_wiedemann/cado-nfs/build/stagiaire-perrier/CMakeFiles/CMakeTmp'
make[1]: Leaving directory '/home/pperrier/Documents/block_wiedemann/cado-nfs/build/stagiaire-perrier/CMakeFiles/CMakeTmp'



Determining if the function pclose exists passed with the following output:
Change Dir: '/home/pperrier/Documents/block_wiedemann/cado-nfs/build/stagiaire-perrier/CMakeFiles/CMakeTmp'

Run Build Command(s): /usr/bin/cmake -E env VERBOSE=1 make -f Makefile cmTC_62e22/fast
make[1]: Entering directory '/home/pperrier/Documents/block_wiedemann/cado-nfs/build/stagiaire-perrier/CMakeFiles/CMakeTmp'
make  -f CMakeFiles/cmTC_62e22.dir/build.make CMakeFiles/cmTC_62e22.dir/build
make[2]: Entering directory '/home/pperrier/Documents/block_wiedemann/cado-nfs/build/stagiaire-perrier/CMakeFiles/CMakeTmp'
Building C object CMakeFiles/cmTC_62e22.dir/CheckFunctionExists.c.o
/usr/bin/cc   -std=c99 -W -Wall -O2  -msse3 -mssse3 -msse4.1 -mpopcnt -mavx -mpclmul -mavx2 -DCHECK_FUNCTION_EXISTS=pclose -o CMakeFiles/cmTC_62e22.dir/CheckFunctionExists.c.o -c /usr/share/cmake-3.28/Modules/CheckFunctionExists.c
Linking C executable cmTC_62e22
/usr/bin/cmake -E cmake_link_script CMakeFiles/cmTC_62e22.dir/link.txt --verbose=1
/usr/bin/cc -std=c99 -W -Wall -O2  -msse3 -mssse3 -msse4.1 -mpopcnt -mavx -mpclmul -mavx2 -DCHECK_FUNCTION_EXISTS=pclose CMakeFiles/cmTC_62e22.dir/CheckFunctionExists.c.o -o cmTC_62e22 
make[2]: Leaving directory '/home/pperrier/Documents/block_wiedemann/cado-nfs/build/stagiaire-perrier/CMakeFiles/CMakeTmp'
make[1]: Leaving directory '/home/pperrier/Documents/block_wiedemann/cado-nfs/build/stagiaire-perrier/CMakeFiles/CMakeTmp'



Determining if the function getrusage exists passed with the following output:
Change Dir: '/home/pperrier/Documents/block_wiedemann/cado-nfs/build/stagiaire-perrier/CMakeFiles/CMakeTmp'

Run Build Command(s): /usr/bin/cmake -E env VERBOSE=1 make -f Makefile cmTC_31d68/fast
make[1]: Entering directory '/home/pperrier/Documents/block_wiedemann/cado-nfs/build/stagiaire-perrier/CMakeFiles/CMakeTmp'
make  -f CMakeFiles/cmTC_31d68.dir/build.make CMakeFiles/cmTC_31d68.dir/build
make[2]: Entering directory '/home/pperrier/Documents/block_wiedemann/cado-nfs/build/stagiaire-perrier/CMakeFiles/CMakeTmp'
Building C object CMakeFiles/cmTC_31d68.dir/CheckFunctionExists.c.o
/usr/bin/cc   -std=c99 -W -Wall -O2  -msse3 -mssse3 -msse4.1 -mpopcnt -mavx -mpclmul -mavx2 -DCHECK_FUNCTION_EXISTS=getrusage -o CMakeFiles/cmTC_31d68.dir/CheckFunctionExists.c.o -c /usr/share/cmake-3.28/Modules/CheckFunctionExists.c
Linking C executable cmTC_31d68
/usr/bin/cmake -E cmake_link_script CMakeFiles/cmTC_31d68.dir/link.txt --verbose=1
/usr/bin/cc -std=c99 -W -Wall -O2  -msse3 -mssse3 -msse4.1 -mpopcnt -mavx -mpclmul -mavx2 -DCHECK_FUNCTION_EXISTS=getrusage CMakeFiles/cmTC_31d68.dir/CheckFunctionExists.c.o -o cmTC_31d68 
make[2]: Leaving directory '/home/pperrier/Documents/block_wiedemann/cado-nfs/build/stagiaire-perrier/CMakeFiles/CMakeTmp'
make[1]: Leaving directory '/home/pperrier/Documents/block_wiedemann/cado-nfs/build/stagiaire-perrier/CMakeFiles/CMakeTmp'



Determining if the function strdup exists passed with the following output:
Change Dir: '/home/pperrier/Documents/block_wiedemann/cado-nfs/build/stagiaire-perrier/CMakeFiles/CMakeTmp'

Run Build Command(s): /usr/bin/cmake -E env VERBOSE=1 make -f Makefile cmTC_722c4/fast
make[1]: Entering directory '/home/pperrier/Documents/block_wiedemann/cado-nfs/build/stagiaire-perrier/CMakeFiles/CMakeTmp'
make  -f CMakeFiles/cmTC_722c4.dir/build.make CMakeFiles/cmTC_722c4.dir/build
make[2]: Entering directory '/home/pperrier/Documents/block_wiedemann/cado-nfs/build/stagiaire-perrier/CMakeFiles/CMakeTmp'
Building C object CMakeFiles/cmTC_722c4.dir/CheckFunctionExists.c.o
/usr/bin/cc   -std=c99 -W -Wall -O2  -msse3 -mssse3 -msse4.1 -mpopcnt -mavx -mpclmul -mavx2 -DCHECK_FUNCTION_EXISTS=strdup -o CMakeFiles/cmTC_722c4.dir/CheckFunctionExists.c.o -c /usr/share/cmake-3.28/Modules/CheckFunctionExists.c
Linking C executable cmTC_722c4
/usr/bin/cmake -E cmake_link_script CMakeFiles/cmTC_722c4.dir/link.txt --verbose=1
/usr/bin/cc -std=c99 -W -Wall -O2  -msse3 -mssse3 -msse4.1 -mpopcnt -mavx -mpclmul -mavx2 -DCHECK_FUNCTION_EXISTS=strdup CMakeFiles/cmTC_722c4.dir/CheckFunctionExists.c.o -o cmTC_722c4 
make[2]: Leaving directory '/home/pperrier/Documents/block_wiedemann/cado-nfs/build/stagiaire-perrier/CMakeFiles/CMakeTmp'
make[1]: Leaving directory '/home/pperrier/Documents/block_wiedemann/cado-nfs/build/stagiaire-perrier/CMakeFiles/CMakeTmp'



Determining if the function sigaction exists passed with the following output:
Change Dir: '/home/pperrier/Documents/block_wiedemann/cado-nfs/build/stagiaire-perrier/CMakeFiles/CMakeTmp'

Run Build Command(s): /usr/bin/cmake -E env VERBOSE=1 make -f Makefile cmTC_c49a8/fast
make[1]: Entering directory '/home/pperrier/Documents/block_wiedemann/cado-nfs/build/stagiaire-perrier/CMakeFiles/CMakeTmp'
make  -f CMakeFiles/cmTC_c49a8.dir/build.make CMakeFiles/cmTC_c49a8.dir/build
make[2]: Entering directory '/home/pperrier/Documents/block_wiedemann/cado-nfs/build/stagiaire-perrier/CMakeFiles/CMakeTmp'
Building C object CMakeFiles/cmTC_c49a8.dir/CheckFunctionExists.c.o
/usr/bin/cc   -std=c99 -W -Wall -O2  -msse3 -mssse3 -msse4.1 -mpopcnt -mavx -mpclmul -mavx2 -DCHECK_FUNCTION_EXISTS=sigaction -o CMakeFiles/cmTC_c49a8.dir/CheckFunctionExists.c.o -c /usr/share/cmake-3.28/Modules/CheckFunctionExists.c
Linking C executable cmTC_c49a8
/usr/bin/cmake -E cmake_link_script CMakeFiles/cmTC_c49a8.dir/link.txt --verbose=1
/usr/bin/cc -std=c99 -W -Wall -O2  -msse3 -mssse3 -msse4.1 -mpopcnt -mavx -mpclmul -mavx2 -DCHECK_FUNCTION_EXISTS=sigaction CMakeFiles/cmTC_c49a8.dir/CheckFunctionExists.c.o -o cmTC_c49a8 
make[2]: Leaving directory '/home/pperrier/Documents/block_wiedemann/cado-nfs/build/stagiaire-perrier/CMakeFiles/CMakeTmp'
make[1]: Leaving directory '/home/pperrier/Documents/block_wiedemann/cado-nfs/build/stagiaire-perrier/CMakeFiles/CMakeTmp'



Determining if the function waitpid exists passed with the following output:
Change Dir: '/home/pperrier/Documents/block_wiedemann/cado-nfs/build/stagiaire-perrier/CMakeFiles/CMakeTmp'

Run Build Command(s): /usr/bin/cmake -E env VERBOSE=1 make -f Makefile cmTC_ca76a/fast
make[1]: Entering directory '/home/pperrier/Documents/block_wiedemann/cado-nfs/build/stagiaire-perrier/CMakeFiles/CMakeTmp'
make  -f CMakeFiles/cmTC_ca76a.dir/build.make CMakeFiles/cmTC_ca76a.dir/build
make[2]: Entering directory '/home/pperrier/Documents/block_wiedemann/cado-nfs/build/stagiaire-perrier/CMakeFiles/CMakeTmp'
Building C object CMakeFiles/cmTC_ca76a.dir/CheckFunctionExists.c.o
/usr/bin/cc   -std=c99 -W -Wall -O2  -msse3 -mssse3 -msse4.1 -mpopcnt -mavx -mpclmul -mavx2 -DCHECK_FUNCTION_EXISTS=waitpid -o CMakeFiles/cmTC_ca76a.dir/CheckFunctionExists.c.o -c /usr/share/cmake-3.28/Modules/CheckFunctionExists.c
Linking C executable cmTC_ca76a
/usr/bin/cmake -E cmake_link_script CMakeFiles/cmTC_ca76a.dir/link.txt --verbose=1
/usr/bin/cc -std=c99 -W -Wall -O2  -msse3 -mssse3 -msse4.1 -mpopcnt -mavx -mpclmul -mavx2 -DCHECK_FUNCTION_EXISTS=waitpid CMakeFiles/cmTC_ca76a.dir/CheckFunctionExists.c.o -o cmTC_ca76a 
make[2]: Leaving directory '/home/pperrier/Documents/block_wiedemann/cado-nfs/build/stagiaire-perrier/CMakeFiles/CMakeTmp'
make[1]: Leaving directory '/home/pperrier/Documents/block_wiedemann/cado-nfs/build/stagiaire-perrier/CMakeFiles/CMakeTmp'



Determining if the function ctime_r exists passed with the following output:
Change Dir: '/home/pperrier/Documents/block_wiedemann/cado-nfs/build/stagiaire-perrier/CMakeFiles/CMakeTmp'

Run Build Command(s): /usr/bin/cmake -E env VERBOSE=1 make -f Makefile cmTC_e8d57/fast
make[1]: Entering directory '/home/pperrier/Documents/block_wiedemann/cado-nfs/build/stagiaire-perrier/CMakeFiles/CMakeTmp'
make  -f CMakeFiles/cmTC_e8d57.dir/build.make CMakeFiles/cmTC_e8d57.dir/build
make[2]: Entering directory '/home/pperrier/Documents/block_wiedemann/cado-nfs/build/stagiaire-perrier/CMakeFiles/CMakeTmp'
Building C object CMakeFiles/cmTC_e8d57.dir/CheckFunctionExists.c.o
/usr/bin/cc   -std=c99 -W -Wall -O2  -msse3 -mssse3 -msse4.1 -mpopcnt -mavx -mpclmul -mavx2 -DCHECK_FUNCTION_EXISTS=ctime_r -o CMakeFiles/cmTC_e8d57.dir/CheckFunctionExists.c.o -c /usr/share/cmake-3.28/Modules/CheckFunctionExists.c
Linking C executable cmTC_e8d57
/usr/bin/cmake -E cmake_link_script CMakeFiles/cmTC_e8d57.dir/link.txt --verbose=1
/usr/bin/cc -std=c99 -W -Wall -O2  -msse3 -mssse3 -msse4.1 -mpopcnt -mavx -mpclmul -mavx2 -DCHECK_FUNCTION_EXISTS=ctime_r CMakeFiles/cmTC_e8d57.dir/CheckFunctionExists.c.o -o cmTC_e8d57 
make[2]: Leaving directory '/home/pperrier/Documents/block_wiedemann/cado-nfs/build/stagiaire-perrier/CMakeFiles/CMakeTmp'
make[1]: Leaving directory '/home/pperrier/Documents/block_wiedemann/cado-nfs/build/stagiaire-perrier/CMakeFiles/CMakeTmp'



Determining if the function realpath exists passed with the following output:
Change Dir: '/home/pperrier/Documents/block_wiedemann/cado-nfs/build/stagiaire-perrier/CMakeFiles/CMakeTmp'

Run Build Command(s): /usr/bin/cmake -E env VERBOSE=1 make -f Makefile cmTC_60124/fast
make[1]: Entering directory '/home/pperrier/Documents/block_wiedemann/cado-nfs/build/stagiaire-perrier/CMakeFiles/CMakeTmp'
make  -f CMakeFiles/cmTC_60124.dir/build.make CMakeFiles/cmTC_60124.dir/build
make[2]: Entering directory '/home/pperrier/Documents/block_wiedemann/cado-nfs/build/stagiaire-perrier/CMakeFiles/CMakeTmp'
Building C object CMakeFiles/cmTC_60124.dir/CheckFunctionExists.c.o
/usr/bin/cc   -std=c99 -W -Wall -O2  -msse3 -mssse3 -msse4.1 -mpopcnt -mavx -mpclmul -mavx2 -DCHECK_FUNCTION_EXISTS=realpath -o CMakeFiles/cmTC_60124.dir/CheckFunctionExists.c.o -c /usr/share/cmake-3.28/Modules/CheckFunctionExists.c
Linking C executable cmTC_60124
/usr/bin/cmake -E cmake_link_script CMakeFiles/cmTC_60124.dir/link.txt --verbose=1
/usr/bin/cc -std=c99 -W -Wall -O2  -msse3 -mssse3 -msse4.1 -mpopcnt -mavx -mpclmul -mavx2 -DCHECK_FUNCTION_EXISTS=realpath CMakeFiles/cmTC_60124.dir/CheckFunctionExists.c.o -o cmTC_60124 
make[2]: Leaving directory '/home/pperrier/Documents/block_wiedemann/cado-nfs/build/stagiaire-perrier/CMakeFiles/CMakeTmp'
make[1]: Leaving directory '/home/pperrier/Documents/block_wiedemann/cado-nfs/build/stagiaire-perrier/CMakeFiles/CMakeTmp'



Determining if the function mmap exists passed with the following output:
Change Dir: '/home/pperrier/Documents/block_wiedemann/cado-nfs/build/stagiaire-perrier/CMakeFiles/CMakeTmp'

Run Build Command(s): /usr/bin/cmake -E env VERBOSE=1 make -f Makefile cmTC_59f47/fast
make[1]: Entering directory '/home/pperrier/Documents/block_wiedemann/cado-nfs/build/stagiaire-perrier/CMakeFiles/CMakeTmp'
make  -f CMakeFiles/cmTC_59f47.dir/build.make CMakeFiles/cmTC_59f47.dir/build
make[2]: Entering directory '/home/pperrier/Documents/block_wiedemann/cado-nfs/build/stagiaire-perrier/CMakeFiles/CMakeTmp'
Building C object CMakeFiles/cmTC_59f47.dir/CheckFunctionExists.c.o
/usr/bin/cc   -std=c99 -W -Wall -O2  -msse3 -mssse3 -msse4.1 -mpopcnt -mavx -mpclmul -mavx2 -DCHECK_FUNCTION_EXISTS=mmap -o CMakeFiles/cmTC_59f47.dir/CheckFunctionExists.c.o -c /usr/share/cmake-3.28/Modules/CheckFunctionExists.c
Linking C executable cmTC_59f47
/usr/bin/cmake -E cmake_link_script CMakeFiles/cmTC_59f47.dir/link.txt --verbose=1
/usr/bin/cc -std=c99 -W -Wall -O2  -msse3 -mssse3 -msse4.1 -mpopcnt -mavx -mpclmul -mavx2 -DCHECK_FUNCTION_EXISTS=mmap CMakeFiles/cmTC_59f47.dir/CheckFunctionExists.c.o -o cmTC_59f47 
make[2]: Leaving directory '/home/pperrier/Documents/block_wiedemann/cado-nfs/build/stagiaire-perrier/CMakeFiles/CMakeTmp'
make[1]: Leaving directory '/home/pperrier/Documents/block_wiedemann/cado-nfs/build/stagiaire-perrier/CMakeFiles/CMakeTmp'



Determining if the function sysconf exists passed with the following output:
Change Dir: '/home/pperrier/Documents/block_wiedemann/cado-nfs/build/stagiaire-perrier/CMakeFiles/CMakeTmp'

Run Build Command(s): /usr/bin/cmake -E env VERBOSE=1 make -f Makefile cmTC_dd056/fast
make[1]: Entering directory '/home/pperrier/Documents/block_wiedemann/cado-nfs/build/stagiaire-perrier/CMakeFiles/CMakeTmp'
make  -f CMakeFiles/cmTC_dd056.dir/build.make CMakeFiles/cmTC_dd056.dir/build
make[2]: Entering directory '/home/pperrier/Documents/block_wiedemann/cado-nfs/build/stagiaire-perrier/CMakeFiles/CMakeTmp'
Building C object CMakeFiles/cmTC_dd056.dir/CheckFunctionExists.c.o
/usr/bin/cc   -std=c99 -W -Wall -O2  -msse3 -mssse3 -msse4.1 -mpopcnt -mavx -mpclmul -mavx2 -DCHECK_FUNCTION_EXISTS=sysconf -o CMakeFiles/cmTC_dd056.dir/CheckFunctionExists.c.o -c /usr/share/cmake-3.28/Modules/CheckFunctionExists.c
Linking C executable cmTC_dd056
/usr/bin/cmake -E cmake_link_script CMakeFiles/cmTC_dd056.dir/link.txt --verbose=1
/usr/bin/cc -std=c99 -W -Wall -O2  -msse3 -mssse3 -msse4.1 -mpopcnt -mavx -mpclmul -mavx2 -DCHECK_FUNCTION_EXISTS=sysconf CMakeFiles/cmTC_dd056.dir/CheckFunctionExists.c.o -o cmTC_dd056 
make[2]: Leaving directory '/home/pperrier/Documents/block_wiedemann/cado-nfs/build/stagiaire-perrier/CMakeFiles/CMakeTmp'
make[1]: Leaving directory '/home/pperrier/Documents/block_wiedemann/cado-nfs/build/stagiaire-perrier/CMakeFiles/CMakeTmp'



Determining if the function strndup exists passed with the following output:
Change Dir: '/home/pperrier/Documents/block_wiedemann/cado-nfs/build/stagiaire-perrier/CMakeFiles/CMakeTmp'

Run Build Command(s): /usr/bin/cmake -E env VERBOSE=1 make -f Makefile cmTC_442d4/fast
make[1]: Entering directory '/home/pperrier/Documents/block_wiedemann/cado-nfs/build/stagiaire-perrier/CMakeFiles/CMakeTmp'
make  -f CMakeFiles/cmTC_442d4.dir/build.make CMakeFiles/cmTC_442d4.dir/build
make[2]: Entering directory '/home/pperrier/Documents/block_wiedemann/cado-nfs/build/stagiaire-perrier/CMakeFiles/CMakeTmp'
Building C object CMakeFiles/cmTC_442d4.dir/CheckFunctionExists.c.o
/usr/bin/cc   -std=c99 -W -Wall -O2  -msse3 -mssse3 -msse4.1 -mpopcnt -mavx -mpclmul -mavx2 -DCHECK_FUNCTION_EXISTS=strndup -o CMakeFiles/cmTC_442d4.dir/CheckFunctionExists.c.o -c /usr/share/cmake-3.28/Modules/CheckFunctionExists.c
Linking C executable cmTC_442d4
/usr/bin/cmake -E cmake_link_script CMakeFiles/cmTC_442d4.dir/link.txt --verbose=1
/usr/bin/cc -std=c99 -W -Wall -O2  -msse3 -mssse3 -msse4.1 -mpopcnt -mavx -mpclmul -mavx2 -DCHECK_FUNCTION_EXISTS=strndup CMakeFiles/cmTC_442d4.dir/CheckFunctionExists.c.o -o cmTC_442d4 
make[2]: Leaving directory '/home/pperrier/Documents/block_wiedemann/cado-nfs/build/stagiaire-perrier/CMakeFiles/CMakeTmp'
make[1]: Leaving directory '/home/pperrier/Documents/block_wiedemann/cado-nfs/build/stagiaire-perrier/CMakeFiles/CMakeTmp'



Determining if the function strnlen exists passed with the following output:
Change Dir: '/home/pperrier/Documents/block_wiedemann/cado-nfs/build/stagiaire-perrier/CMakeFiles/CMakeTmp'

Run Build Command(s): /usr/bin/cmake -E env VERBOSE=1 make -f Makefile cmTC_39c87/fast
make[1]: Entering directory '/home/pperrier/Documents/block_wiedemann/cado-nfs/build/stagiaire-perrier/CMakeFiles/CMakeTmp'
make  -f CMakeFiles/cmTC_39c87.dir/build.make CMakeFiles/cmTC_39c87.dir/build
make[2]: Entering directory '/home/pperrier/Documents/block_wiedemann/cado-nfs/build/stagiaire-perrier/CMakeFiles/CMakeTmp'
Building C object CMakeFiles/cmTC_39c87.dir/CheckFunctionExists.c.o
/usr/bin/cc   -std=c99 -W -Wall -O2  -msse3 -mssse3 -msse4.1 -mpopcnt -mavx -mpclmul -mavx2 -DCHECK_FUNCTION_EXISTS=strnlen -o CMakeFiles/cmTC_39c87.dir/CheckFunctionExists.c.o -c /usr/share/cmake-3.28/Modules/CheckFunctionExists.c
Linking C executable cmTC_39c87
/usr/bin/cmake -E cmake_link_script CMakeFiles/cmTC_39c87.dir/link.txt --verbose=1
/usr/bin/cc -std=c99 -W -Wall -O2  -msse3 -mssse3 -msse4.1 -mpopcnt -mavx -mpclmul -mavx2 -DCHECK_FUNCTION_EXISTS=strnlen CMakeFiles/cmTC_39c87.dir/CheckFunctionExists.c.o -o cmTC_39c87 
make[2]: Leaving directory '/home/pperrier/Documents/block_wiedemann/cado-nfs/build/stagiaire-perrier/CMakeFiles/CMakeTmp'
make[1]: Leaving directory '/home/pperrier/Documents/block_wiedemann/cado-nfs/build/stagiaire-perrier/CMakeFiles/CMakeTmp'



Determining if the function wait4 exists passed with the following output:
Change Dir: '/home/pperrier/Documents/block_wiedemann/cado-nfs/build/stagiaire-perrier/CMakeFiles/CMakeTmp'

Run Build Command(s): /usr/bin/cmake -E env VERBOSE=1 make -f Makefile cmTC_c5d47/fast
make[1]: Entering directory '/home/pperrier/Documents/block_wiedemann/cado-nfs/build/stagiaire-perrier/CMakeFiles/CMakeTmp'
make  -f CMakeFiles/cmTC_c5d47.dir/build.make CMakeFiles/cmTC_c5d47.dir/build
make[2]: Entering directory '/home/pperrier/Documents/block_wiedemann/cado-nfs/build/stagiaire-perrier/CMakeFiles/CMakeTmp'
Building C object CMakeFiles/cmTC_c5d47.dir/CheckFunctionExists.c.o
/usr/bin/cc   -std=c99 -W -Wall -O2  -msse3 -mssse3 -msse4.1 -mpopcnt -mavx -mpclmul -mavx2 -DCHECK_FUNCTION_EXISTS=wait4 -o CMakeFiles/cmTC_c5d47.dir/CheckFunctionExists.c.o -c /usr/share/cmake-3.28/Modules/CheckFunctionExists.c
Linking C executable cmTC_c5d47
/usr/bin/cmake -E cmake_link_script CMakeFiles/cmTC_c5d47.dir/link.txt --verbose=1
/usr/bin/cc -std=c99 -W -Wall -O2  -msse3 -mssse3 -msse4.1 -mpopcnt -mavx -mpclmul -mavx2 -DCHECK_FUNCTION_EXISTS=wait4 CMakeFiles/cmTC_c5d47.dir/CheckFunctionExists.c.o -o cmTC_c5d47 
make[2]: Leaving directory '/home/pperrier/Documents/block_wiedemann/cado-nfs/build/stagiaire-perrier/CMakeFiles/CMakeTmp'
make[1]: Leaving directory '/home/pperrier/Documents/block_wiedemann/cado-nfs/build/stagiaire-perrier/CMakeFiles/CMakeTmp'



Determining if the function pthread_create exists passed with the following output:
Change Dir: '/home/pperrier/Documents/block_wiedemann/cado-nfs/build/stagiaire-perrier/CMakeFiles/CMakeTmp'

Run Build Command(s): /usr/bin/cmake -E env VERBOSE=1 make -f Makefile cmTC_6f58f/fast
make[1]: Entering directory '/home/pperrier/Documents/block_wiedemann/cado-nfs/build/stagiaire-perrier/CMakeFiles/CMakeTmp'
make  -f CMakeFiles/cmTC_6f58f.dir/build.make CMakeFiles/cmTC_6f58f.dir/build
make[2]: Entering directory '/home/pperrier/Documents/block_wiedemann/cado-nfs/build/stagiaire-perrier/CMakeFiles/CMakeTmp'
Building C object CMakeFiles/cmTC_6f58f.dir/CheckFunctionExists.c.o
/usr/bin/cc   -std=c99 -W -Wall -O2  -msse3 -mssse3 -msse4.1 -mpopcnt -mavx -mpclmul -mavx2 -DCHECK_FUNCTION_EXISTS=pthread_create -o CMakeFiles/cmTC_6f58f.dir/CheckFunctionExists.c.o -c /usr/share/cmake-3.28/Modules/CheckFunctionExists.c
Linking C executable cmTC_6f58f
/usr/bin/cmake -E cmake_link_script CMakeFiles/cmTC_6f58f.dir/link.txt --verbose=1
/usr/bin/cc -std=c99 -W -Wall -O2  -msse3 -mssse3 -msse4.1 -mpopcnt -mavx -mpclmul -mavx2 -DCHECK_FUNCTION_EXISTS=pthread_create CMakeFiles/cmTC_6f58f.dir/CheckFunctionExists.c.o -o cmTC_6f58f 
make[2]: Leaving directory '/home/pperrier/Documents/block_wiedemann/cado-nfs/build/stagiaire-perrier/CMakeFiles/CMakeTmp'
make[1]: Leaving directory '/home/pperrier/Documents/block_wiedemann/cado-nfs/build/stagiaire-perrier/CMakeFiles/CMakeTmp'



Determining if the function pthread_barrier_wait exists passed with the following output:
Change Dir: '/home/pperrier/Documents/block_wiedemann/cado-nfs/build/stagiaire-perrier/CMakeFiles/CMakeTmp'

Run Build Command(s): /usr/bin/cmake -E env VERBOSE=1 make -f Makefile cmTC_3d04a/fast
make[1]: Entering directory '/home/pperrier/Documents/block_wiedemann/cado-nfs/build/stagiaire-perrier/CMakeFiles/CMakeTmp'
make  -f CMakeFiles/cmTC_3d04a.dir/build.make CMakeFiles/cmTC_3d04a.dir/build
make[2]: Entering directory '/home/pperrier/Documents/block_wiedemann/cado-nfs/build/stagiaire-perrier/CMakeFiles/CMakeTmp'
Building C object CMakeFiles/cmTC_3d04a.dir/CheckFunctionExists.c.o
/usr/bin/cc   -std=c99 -W -Wall -O2  -msse3 -mssse3 -msse4.1 -mpopcnt -mavx -mpclmul -mavx2 -DCHECK_FUNCTION_EXISTS=pthread_barrier_wait -o CMakeFiles/cmTC_3d04a.dir/CheckFunctionExists.c.o -c /usr/share/cmake-3.28/Modules/CheckFunctionExists.c
Linking C executable cmTC_3d04a
/usr/bin/cmake -E cmake_link_script CMakeFiles/cmTC_3d04a.dir/link.txt --verbose=1
/usr/bin/cc -std=c99 -W -Wall -O2  -msse3 -mssse3 -msse4.1 -mpopcnt -mavx -mpclmul -mavx2 -DCHECK_FUNCTION_EXISTS=pthread_barrier_wait CMakeFiles/cmTC_3d04a.dir/CheckFunctionExists.c.o -o cmTC_3d04a 
make[2]: Leaving directory '/home/pperrier/Documents/block_wiedemann/cado-nfs/build/stagiaire-perrier/CMakeFiles/CMakeTmp'
make[1]: Leaving directory '/home/pperrier/Documents/block_wiedemann/cado-nfs/build/stagiaire-perrier/CMakeFiles/CMakeTmp'



